2025-07-06 17:08:13.068 [info] [main] Log level: Info
2025-07-06 17:08:13.068 [info] [main] Validating found git in: "git"
2025-07-06 17:08:13.068 [info] [main] Using git "2.43.0" from "git"
2025-07-06 17:08:13.068 [info] [Model][doInitialScan] Initial repository scan started
2025-07-06 17:08:13.068 [info] > git rev-parse --show-toplevel [4ms]
2025-07-06 17:08:13.068 [info] fatal: not a git repository (or any parent up to mount point /)
Stopping at filesystem boundary (GIT_DISCOVERY_ACROSS_FILESYSTEM not set).
2025-07-06 17:08:13.068 [info] > git rev-parse --show-toplevel [1ms]
2025-07-06 17:08:13.068 [info] fatal: not a git repository (or any parent up to mount point /)
Stopping at filesystem boundary (GIT_DISCOVERY_ACROSS_FILESYSTEM not set).
2025-07-06 17:08:13.068 [info] > git rev-parse --show-toplevel [1ms]
2025-07-06 17:08:13.068 [info] fatal: not a git repository (or any parent up to mount point /)
Stopping at filesystem boundary (GIT_DISCOVERY_ACROSS_FILESYSTEM not set).
2025-07-06 17:08:13.068 [info] > git rev-parse --show-toplevel [1ms]
2025-07-06 17:08:13.068 [info] fatal: not a git repository (or any parent up to mount point /)
Stopping at filesystem boundary (GIT_DISCOVERY_ACROSS_FILESYSTEM not set).
2025-07-06 17:08:13.068 [info] > git rev-parse --show-toplevel [2ms]
2025-07-06 17:08:13.068 [info] fatal: not a git repository (or any parent up to mount point /)
Stopping at filesystem boundary (GIT_DISCOVERY_ACROSS_FILESYSTEM not set).
2025-07-06 17:08:13.068 [info] > git rev-parse --show-toplevel [2ms]
2025-07-06 17:08:13.068 [info] fatal: not a git repository (or any parent up to mount point /)
Stopping at filesystem boundary (GIT_DISCOVERY_ACROSS_FILESYSTEM not set).
2025-07-06 17:08:13.068 [info] > git rev-parse --show-toplevel [2ms]
2025-07-06 17:08:13.068 [info] fatal: not a git repository (or any parent up to mount point /)
Stopping at filesystem boundary (GIT_DISCOVERY_ACROSS_FILESYSTEM not set).
2025-07-06 17:08:13.068 [info] [Model][doInitialScan] Initial repository scan completed - repositories (0), closed repositories (0), parent repositories (0), unsafe repositories (0)
2025-07-06 17:11:32.000 [info] > git rev-parse --show-toplevel [2ms]
2025-07-06 17:11:32.000 [info] fatal: not a git repository (or any parent up to mount point /)
Stopping at filesystem boundary (GIT_DISCOVERY_ACROSS_FILESYSTEM not set).
2025-07-06 17:11:32.009 [info] > git rev-parse --show-toplevel [1ms]
2025-07-06 17:11:32.009 [info] fatal: not a git repository (or any parent up to mount point /)
Stopping at filesystem boundary (GIT_DISCOVERY_ACROSS_FILESYSTEM not set).
2025-07-06 17:11:32.016 [info] > git rev-parse --show-toplevel [2ms]
2025-07-06 17:11:32.016 [info] fatal: not a git repository (or any parent up to mount point /)
Stopping at filesystem boundary (GIT_DISCOVERY_ACROSS_FILESYSTEM not set).
2025-07-06 17:11:32.023 [info] > git rev-parse --show-toplevel [1ms]
2025-07-06 17:11:32.023 [info] fatal: not a git repository (or any parent up to mount point /)
Stopping at filesystem boundary (GIT_DISCOVERY_ACROSS_FILESYSTEM not set).
2025-07-06 17:11:32.031 [info] > git rev-parse --show-toplevel [1ms]
2025-07-06 17:11:32.031 [info] fatal: not a git repository (or any parent up to mount point /)
Stopping at filesystem boundary (GIT_DISCOVERY_ACROSS_FILESYSTEM not set).
2025-07-06 17:11:32.038 [info] > git rev-parse --show-toplevel [2ms]
2025-07-06 17:11:32.038 [info] fatal: not a git repository (or any parent up to mount point /)
Stopping at filesystem boundary (GIT_DISCOVERY_ACROSS_FILESYSTEM not set).
2025-07-06 17:11:32.045 [info] > git rev-parse --show-toplevel [2ms]
2025-07-06 17:11:32.045 [info] fatal: not a git repository (or any parent up to mount point /)
Stopping at filesystem boundary (GIT_DISCOVERY_ACROSS_FILESYSTEM not set).
2025-07-06 17:11:32.052 [info] > git rev-parse --show-toplevel [1ms]
2025-07-06 17:11:32.052 [info] fatal: not a git repository (or any parent up to mount point /)
Stopping at filesystem boundary (GIT_DISCOVERY_ACROSS_FILESYSTEM not set).
2025-07-06 17:11:32.059 [info] > git rev-parse --show-toplevel [1ms]
2025-07-06 17:11:32.059 [info] fatal: not a git repository (or any parent up to mount point /)
Stopping at filesystem boundary (GIT_DISCOVERY_ACROSS_FILESYSTEM not set).
2025-07-06 17:11:32.068 [info] > git rev-parse --show-toplevel [1ms]
2025-07-06 17:11:32.068 [info] fatal: not a git repository (or any parent up to mount point /)
Stopping at filesystem boundary (GIT_DISCOVERY_ACROSS_FILESYSTEM not set).
2025-07-06 17:11:32.076 [info] > git rev-parse --show-toplevel [1ms]
2025-07-06 17:11:32.076 [info] fatal: not a git repository (or any parent up to mount point /)
Stopping at filesystem boundary (GIT_DISCOVERY_ACROSS_FILESYSTEM not set).
2025-07-06 17:11:32.083 [info] > git rev-parse --show-toplevel [2ms]
2025-07-06 17:11:32.083 [info] fatal: not a git repository (or any parent up to mount point /)
Stopping at filesystem boundary (GIT_DISCOVERY_ACROSS_FILESYSTEM not set).
2025-07-06 17:11:32.090 [info] > git rev-parse --show-toplevel [1ms]
2025-07-06 17:11:32.090 [info] fatal: not a git repository (or any parent up to mount point /)
Stopping at filesystem boundary (GIT_DISCOVERY_ACROSS_FILESYSTEM not set).
2025-07-06 17:11:32.098 [info] > git rev-parse --show-toplevel [1ms]
2025-07-06 17:11:32.098 [info] fatal: not a git repository (or any parent up to mount point /)
Stopping at filesystem boundary (GIT_DISCOVERY_ACROSS_FILESYSTEM not set).
2025-07-06 17:11:32.106 [info] > git rev-parse --show-toplevel [2ms]
2025-07-06 17:11:32.106 [info] fatal: not a git repository (or any parent up to mount point /)
Stopping at filesystem boundary (GIT_DISCOVERY_ACROSS_FILESYSTEM not set).
2025-07-06 17:11:32.113 [info] > git rev-parse --show-toplevel [1ms]
2025-07-06 17:11:32.113 [info] fatal: not a git repository (or any parent up to mount point /)
Stopping at filesystem boundary (GIT_DISCOVERY_ACROSS_FILESYSTEM not set).
2025-07-06 17:11:32.121 [info] > git rev-parse --show-toplevel [2ms]
2025-07-06 17:11:32.121 [info] fatal: not a git repository (or any parent up to mount point /)
Stopping at filesystem boundary (GIT_DISCOVERY_ACROSS_FILESYSTEM not set).
2025-07-06 17:11:32.128 [info] > git rev-parse --show-toplevel [2ms]
2025-07-06 17:11:32.128 [info] fatal: not a git repository (or any parent up to mount point /)
Stopping at filesystem boundary (GIT_DISCOVERY_ACROSS_FILESYSTEM not set).
2025-07-06 17:11:32.135 [info] > git rev-parse --show-toplevel [2ms]
2025-07-06 17:11:32.135 [info] fatal: not a git repository (or any parent up to mount point /)
Stopping at filesystem boundary (GIT_DISCOVERY_ACROSS_FILESYSTEM not set).
2025-07-06 17:11:32.142 [info] > git rev-parse --show-toplevel [2ms]
2025-07-06 17:11:32.142 [info] fatal: not a git repository (or any parent up to mount point /)
Stopping at filesystem boundary (GIT_DISCOVERY_ACROSS_FILESYSTEM not set).
2025-07-06 17:11:32.149 [info] > git rev-parse --show-toplevel [1ms]
2025-07-06 17:11:32.149 [info] fatal: not a git repository (or any parent up to mount point /)
Stopping at filesystem boundary (GIT_DISCOVERY_ACROSS_FILESYSTEM not set).
2025-07-06 17:12:20.686 [info] > git rev-parse --show-toplevel [6ms]
2025-07-06 17:12:20.686 [info] fatal: not a git repository (or any parent up to mount point /)
Stopping at filesystem boundary (GIT_DISCOVERY_ACROSS_FILESYSTEM not set).
2025-07-06 17:12:56.541 [info] > git rev-parse --show-toplevel [3ms]
2025-07-06 17:12:56.541 [info] fatal: not a git repository (or any parent up to mount point /)
Stopping at filesystem boundary (GIT_DISCOVERY_ACROSS_FILESYSTEM not set).
2025-07-06 17:13:37.991 [info] > git rev-parse --show-toplevel [2ms]
2025-07-06 17:13:37.991 [info] fatal: not a git repository (or any parent up to mount point /)
Stopping at filesystem boundary (GIT_DISCOVERY_ACROSS_FILESYSTEM not set).
2025-07-06 17:13:51.583 [info] > git rev-parse --show-toplevel [3ms]
2025-07-06 17:13:51.583 [info] fatal: not a git repository (or any parent up to mount point /)
Stopping at filesystem boundary (GIT_DISCOVERY_ACROSS_FILESYSTEM not set).
2025-07-06 17:14:04.083 [info] > git rev-parse --show-toplevel [2ms]
2025-07-06 17:14:04.083 [info] fatal: not a git repository (or any parent up to mount point /)
Stopping at filesystem boundary (GIT_DISCOVERY_ACROSS_FILESYSTEM not set).
2025-07-06 17:14:27.617 [info] > git rev-parse --show-toplevel [2ms]
2025-07-06 17:14:27.617 [info] fatal: not a git repository (or any parent up to mount point /)
Stopping at filesystem boundary (GIT_DISCOVERY_ACROSS_FILESYSTEM not set).
2025-07-06 17:14:40.532 [info] > git rev-parse --show-toplevel [6ms]
2025-07-06 17:14:40.532 [info] fatal: not a git repository (or any parent up to mount point /)
Stopping at filesystem boundary (GIT_DISCOVERY_ACROSS_FILESYSTEM not set).
2025-07-06 17:14:49.156 [info] > git rev-parse --show-toplevel [1ms]
2025-07-06 17:14:49.157 [info] fatal: not a git repository (or any parent up to mount point /)
Stopping at filesystem boundary (GIT_DISCOVERY_ACROSS_FILESYSTEM not set).
2025-07-06 17:15:15.749 [info] > git rev-parse --show-toplevel [7ms]
2025-07-06 17:15:15.749 [info] fatal: not a git repository (or any parent up to mount point /)
Stopping at filesystem boundary (GIT_DISCOVERY_ACROSS_FILESYSTEM not set).
2025-07-06 17:15:24.973 [info] > git rev-parse --show-toplevel [2ms]
2025-07-06 17:15:24.974 [info] fatal: not a git repository (or any parent up to mount point /)
Stopping at filesystem boundary (GIT_DISCOVERY_ACROSS_FILESYSTEM not set).
2025-07-06 17:15:35.423 [info] > git rev-parse --show-toplevel [4ms]
2025-07-06 17:15:35.423 [info] fatal: not a git repository (or any parent up to mount point /)
Stopping at filesystem boundary (GIT_DISCOVERY_ACROSS_FILESYSTEM not set).
2025-07-06 17:15:44.808 [info] > git rev-parse --show-toplevel [3ms]
2025-07-06 17:15:44.808 [info] fatal: not a git repository (or any parent up to mount point /)
Stopping at filesystem boundary (GIT_DISCOVERY_ACROSS_FILESYSTEM not set).
2025-07-06 17:15:54.009 [info] > git rev-parse --show-toplevel [3ms]
2025-07-06 17:15:54.009 [info] fatal: not a git repository (or any parent up to mount point /)
Stopping at filesystem boundary (GIT_DISCOVERY_ACROSS_FILESYSTEM not set).
2025-07-06 17:16:37.706 [info] > git rev-parse --show-toplevel [2ms]
2025-07-06 17:16:37.706 [info] fatal: not a git repository (or any parent up to mount point /)
Stopping at filesystem boundary (GIT_DISCOVERY_ACROSS_FILESYSTEM not set).
2025-07-06 17:16:54.977 [info] > git rev-parse --show-toplevel [3ms]
2025-07-06 17:16:54.977 [info] fatal: not a git repository (or any parent up to mount point /)
Stopping at filesystem boundary (GIT_DISCOVERY_ACROSS_FILESYSTEM not set).
2025-07-06 17:17:03.507 [info] > git rev-parse --show-toplevel [2ms]
2025-07-06 17:17:03.507 [info] fatal: not a git repository (or any parent up to mount point /)
Stopping at filesystem boundary (GIT_DISCOVERY_ACROSS_FILESYSTEM not set).
2025-07-06 17:17:33.190 [info] > git rev-parse --show-toplevel [3ms]
2025-07-06 17:17:33.190 [info] fatal: not a git repository (or any parent up to mount point /)
Stopping at filesystem boundary (GIT_DISCOVERY_ACROSS_FILESYSTEM not set).
2025-07-06 17:17:42.521 [info] > git rev-parse --show-toplevel [2ms]
2025-07-06 17:17:42.521 [info] fatal: not a git repository (or any parent up to mount point /)
Stopping at filesystem boundary (GIT_DISCOVERY_ACROSS_FILESYSTEM not set).
2025-07-06 17:18:13.535 [info] > git rev-parse --show-toplevel [5ms]
2025-07-06 17:18:13.535 [info] fatal: not a git repository (or any parent up to mount point /)
Stopping at filesystem boundary (GIT_DISCOVERY_ACROSS_FILESYSTEM not set).
2025-07-06 17:18:53.859 [info] > git rev-parse --show-toplevel [3ms]
2025-07-06 17:18:53.859 [info] fatal: not a git repository (or any parent up to mount point /)
Stopping at filesystem boundary (GIT_DISCOVERY_ACROSS_FILESYSTEM not set).
2025-07-06 17:23:54.926 [info] > git rev-parse --show-toplevel [2ms]
2025-07-06 17:23:54.926 [info] fatal: not a git repository (or any parent up to mount point /)
Stopping at filesystem boundary (GIT_DISCOVERY_ACROSS_FILESYSTEM not set).
2025-07-06 17:24:05.187 [info] > git rev-parse --show-toplevel [2ms]
2025-07-06 17:24:05.187 [info] fatal: not a git repository (or any parent up to mount point /)
Stopping at filesystem boundary (GIT_DISCOVERY_ACROSS_FILESYSTEM not set).
2025-07-06 17:24:06.157 [info] > git rev-parse --show-toplevel [2ms]
2025-07-06 17:24:06.157 [info] fatal: not a git repository (or any parent up to mount point /)
Stopping at filesystem boundary (GIT_DISCOVERY_ACROSS_FILESYSTEM not set).
2025-07-06 17:24:34.353 [info] > git rev-parse --show-toplevel [2ms]
2025-07-06 17:24:34.354 [info] fatal: not a git repository (or any parent up to mount point /)
Stopping at filesystem boundary (GIT_DISCOVERY_ACROSS_FILESYSTEM not set).
2025-07-06 17:24:34.364 [info] > git rev-parse --show-toplevel [2ms]
2025-07-06 17:24:34.364 [info] fatal: not a git repository (or any parent up to mount point /)
Stopping at filesystem boundary (GIT_DISCOVERY_ACROSS_FILESYSTEM not set).
2025-07-06 17:24:34.373 [info] > git rev-parse --show-toplevel [2ms]
2025-07-06 17:24:34.373 [info] fatal: not a git repository (or any parent up to mount point /)
Stopping at filesystem boundary (GIT_DISCOVERY_ACROSS_FILESYSTEM not set).
2025-07-06 17:24:34.382 [info] > git rev-parse --show-toplevel [1ms]
2025-07-06 17:24:34.383 [info] fatal: not a git repository (or any parent up to mount point /)
Stopping at filesystem boundary (GIT_DISCOVERY_ACROSS_FILESYSTEM not set).
2025-07-06 17:24:34.390 [info] > git rev-parse --show-toplevel [2ms]
2025-07-06 17:24:34.390 [info] fatal: not a git repository (or any parent up to mount point /)
Stopping at filesystem boundary (GIT_DISCOVERY_ACROSS_FILESYSTEM not set).
2025-07-06 17:24:36.154 [info] > git rev-parse --show-toplevel [2ms]
2025-07-06 17:24:36.154 [info] fatal: not a git repository (or any parent up to mount point /)
Stopping at filesystem boundary (GIT_DISCOVERY_ACROSS_FILESYSTEM not set).
2025-07-06 17:24:36.163 [info] > git rev-parse --show-toplevel [2ms]
2025-07-06 17:24:36.163 [info] fatal: not a git repository (or any parent up to mount point /)
Stopping at filesystem boundary (GIT_DISCOVERY_ACROSS_FILESYSTEM not set).
2025-07-06 17:24:36.171 [info] > git rev-parse --show-toplevel [2ms]
2025-07-06 17:24:36.171 [info] fatal: not a git repository (or any parent up to mount point /)
Stopping at filesystem boundary (GIT_DISCOVERY_ACROSS_FILESYSTEM not set).
2025-07-06 17:24:36.179 [info] > git rev-parse --show-toplevel [2ms]
2025-07-06 17:24:36.179 [info] fatal: not a git repository (or any parent up to mount point /)
Stopping at filesystem boundary (GIT_DISCOVERY_ACROSS_FILESYSTEM not set).
2025-07-06 17:24:36.186 [info] > git rev-parse --show-toplevel [1ms]
2025-07-06 17:24:36.186 [info] fatal: not a git repository (or any parent up to mount point /)
Stopping at filesystem boundary (GIT_DISCOVERY_ACROSS_FILESYSTEM not set).
2025-07-06 17:24:36.195 [info] > git rev-parse --show-toplevel [1ms]
2025-07-06 17:24:36.195 [info] fatal: not a git repository (or any parent up to mount point /)
Stopping at filesystem boundary (GIT_DISCOVERY_ACROSS_FILESYSTEM not set).
2025-07-06 17:24:36.204 [info] > git rev-parse --show-toplevel [2ms]
2025-07-06 17:24:36.204 [info] fatal: not a git repository (or any parent up to mount point /)
Stopping at filesystem boundary (GIT_DISCOVERY_ACROSS_FILESYSTEM not set).
2025-07-06 17:24:36.212 [info] > git rev-parse --show-toplevel [1ms]
2025-07-06 17:24:36.212 [info] fatal: not a git repository (or any parent up to mount point /)
Stopping at filesystem boundary (GIT_DISCOVERY_ACROSS_FILESYSTEM not set).
2025-07-06 17:24:36.221 [info] > git rev-parse --show-toplevel [1ms]
2025-07-06 17:24:36.221 [info] fatal: not a git repository (or any parent up to mount point /)
Stopping at filesystem boundary (GIT_DISCOVERY_ACROSS_FILESYSTEM not set).
2025-07-06 17:24:36.232 [info] > git rev-parse --show-toplevel [1ms]
2025-07-06 17:24:36.232 [info] fatal: not a git repository (or any parent up to mount point /)
Stopping at filesystem boundary (GIT_DISCOVERY_ACROSS_FILESYSTEM not set).
2025-07-06 17:24:36.241 [info] > git rev-parse --show-toplevel [1ms]
2025-07-06 17:24:36.241 [info] fatal: not a git repository (or any parent up to mount point /)
Stopping at filesystem boundary (GIT_DISCOVERY_ACROSS_FILESYSTEM not set).
2025-07-06 17:24:36.249 [info] > git rev-parse --show-toplevel [1ms]
2025-07-06 17:24:36.249 [info] fatal: not a git repository (or any parent up to mount point /)
Stopping at filesystem boundary (GIT_DISCOVERY_ACROSS_FILESYSTEM not set).
2025-07-06 17:24:36.258 [info] > git rev-parse --show-toplevel [2ms]
2025-07-06 17:24:36.258 [info] fatal: not a git repository (or any parent up to mount point /)
Stopping at filesystem boundary (GIT_DISCOVERY_ACROSS_FILESYSTEM not set).
2025-07-06 17:24:36.267 [info] > git rev-parse --show-toplevel [1ms]
2025-07-06 17:24:36.267 [info] fatal: not a git repository (or any parent up to mount point /)
Stopping at filesystem boundary (GIT_DISCOVERY_ACROSS_FILESYSTEM not set).
2025-07-06 17:24:36.276 [info] > git rev-parse --show-toplevel [2ms]
2025-07-06 17:24:36.276 [info] fatal: not a git repository (or any parent up to mount point /)
Stopping at filesystem boundary (GIT_DISCOVERY_ACROSS_FILESYSTEM not set).
2025-07-06 17:24:36.285 [info] > git rev-parse --show-toplevel [2ms]
2025-07-06 17:24:36.285 [info] fatal: not a git repository (or any parent up to mount point /)
Stopping at filesystem boundary (GIT_DISCOVERY_ACROSS_FILESYSTEM not set).
2025-07-06 17:24:36.293 [info] > git rev-parse --show-toplevel [1ms]
2025-07-06 17:24:36.293 [info] fatal: not a git repository (or any parent up to mount point /)
Stopping at filesystem boundary (GIT_DISCOVERY_ACROSS_FILESYSTEM not set).
2025-07-06 17:24:36.302 [info] > git rev-parse --show-toplevel [1ms]
2025-07-06 17:24:36.302 [info] fatal: not a git repository (or any parent up to mount point /)
Stopping at filesystem boundary (GIT_DISCOVERY_ACROSS_FILESYSTEM not set).
2025-07-06 17:24:36.310 [info] > git rev-parse --show-toplevel [2ms]
2025-07-06 17:24:36.310 [info] fatal: not a git repository (or any parent up to mount point /)
Stopping at filesystem boundary (GIT_DISCOVERY_ACROSS_FILESYSTEM not set).
2025-07-06 17:24:36.322 [info] > git rev-parse --show-toplevel [5ms]
2025-07-06 17:24:36.322 [info] fatal: not a git repository (or any parent up to mount point /)
Stopping at filesystem boundary (GIT_DISCOVERY_ACROSS_FILESYSTEM not set).
2025-07-06 17:24:36.345 [info] > git rev-parse --show-toplevel [2ms]
2025-07-06 17:24:36.345 [info] fatal: not a git repository (or any parent up to mount point /)
Stopping at filesystem boundary (GIT_DISCOVERY_ACROSS_FILESYSTEM not set).
2025-07-06 17:24:36.354 [info] > git rev-parse --show-toplevel [2ms]
2025-07-06 17:24:36.354 [info] fatal: not a git repository (or any parent up to mount point /)
Stopping at filesystem boundary (GIT_DISCOVERY_ACROSS_FILESYSTEM not set).
2025-07-06 17:24:36.362 [info] > git rev-parse --show-toplevel [1ms]
2025-07-06 17:24:36.362 [info] fatal: not a git repository (or any parent up to mount point /)
Stopping at filesystem boundary (GIT_DISCOVERY_ACROSS_FILESYSTEM not set).
2025-07-06 17:24:36.370 [info] > git rev-parse --show-toplevel [1ms]
2025-07-06 17:24:36.370 [info] fatal: not a git repository (or any parent up to mount point /)
Stopping at filesystem boundary (GIT_DISCOVERY_ACROSS_FILESYSTEM not set).
2025-07-06 17:24:36.378 [info] > git rev-parse --show-toplevel [2ms]
2025-07-06 17:24:36.378 [info] fatal: not a git repository (or any parent up to mount point /)
Stopping at filesystem boundary (GIT_DISCOVERY_ACROSS_FILESYSTEM not set).
2025-07-06 17:24:36.387 [info] > git rev-parse --show-toplevel [1ms]
2025-07-06 17:24:36.387 [info] fatal: not a git repository (or any parent up to mount point /)
Stopping at filesystem boundary (GIT_DISCOVERY_ACROSS_FILESYSTEM not set).
2025-07-06 17:29:28.493 [info] > git rev-parse --show-toplevel [4ms]
2025-07-06 17:29:28.493 [info] fatal: not a git repository (or any parent up to mount point /)
Stopping at filesystem boundary (GIT_DISCOVERY_ACROSS_FILESYSTEM not set).
2025-07-06 17:29:45.375 [info] > git rev-parse --show-toplevel [3ms]
2025-07-06 17:29:45.375 [info] fatal: not a git repository (or any parent up to mount point /)
Stopping at filesystem boundary (GIT_DISCOVERY_ACROSS_FILESYSTEM not set).
2025-07-06 17:30:28.536 [info] > git rev-parse --show-toplevel [2ms]
2025-07-06 17:30:28.536 [info] fatal: not a git repository (or any parent up to mount point /)
Stopping at filesystem boundary (GIT_DISCOVERY_ACROSS_FILESYSTEM not set).
2025-07-06 17:30:37.450 [info] > git rev-parse --show-toplevel [2ms]
2025-07-06 17:30:37.450 [info] fatal: not a git repository (or any parent up to mount point /)
Stopping at filesystem boundary (GIT_DISCOVERY_ACROSS_FILESYSTEM not set).
2025-07-06 17:30:51.553 [info] > git rev-parse --show-toplevel [4ms]
2025-07-06 17:30:51.553 [info] fatal: not a git repository (or any parent up to mount point /)
Stopping at filesystem boundary (GIT_DISCOVERY_ACROSS_FILESYSTEM not set).
2025-07-06 17:31:00.181 [info] > git rev-parse --show-toplevel [2ms]
2025-07-06 17:31:00.181 [info] fatal: not a git repository (or any parent up to mount point /)
Stopping at filesystem boundary (GIT_DISCOVERY_ACROSS_FILESYSTEM not set).
2025-07-06 17:31:08.208 [info] > git rev-parse --show-toplevel [2ms]
2025-07-06 17:31:08.208 [info] fatal: not a git repository (or any parent up to mount point /)
Stopping at filesystem boundary (GIT_DISCOVERY_ACROSS_FILESYSTEM not set).
2025-07-06 17:31:17.554 [info] > git rev-parse --show-toplevel [2ms]
2025-07-06 17:31:17.554 [info] fatal: not a git repository (or any parent up to mount point /)
Stopping at filesystem boundary (GIT_DISCOVERY_ACROSS_FILESYSTEM not set).
2025-07-06 17:31:27.933 [info] > git rev-parse --show-toplevel [6ms]
2025-07-06 17:31:27.933 [info] fatal: not a git repository (or any parent up to mount point /)
Stopping at filesystem boundary (GIT_DISCOVERY_ACROSS_FILESYSTEM not set).
2025-07-06 17:31:43.745 [info] > git rev-parse --show-toplevel [5ms]
2025-07-06 17:31:43.745 [info] fatal: not a git repository (or any parent up to mount point /)
Stopping at filesystem boundary (GIT_DISCOVERY_ACROSS_FILESYSTEM not set).
2025-07-06 17:31:52.532 [info] > git rev-parse --show-toplevel [2ms]
2025-07-06 17:31:52.532 [info] fatal: not a git repository (or any parent up to mount point /)
Stopping at filesystem boundary (GIT_DISCOVERY_ACROSS_FILESYSTEM not set).
2025-07-06 17:32:01.444 [info] > git rev-parse --show-toplevel [3ms]
2025-07-06 17:32:01.444 [info] fatal: not a git repository (or any parent up to mount point /)
Stopping at filesystem boundary (GIT_DISCOVERY_ACROSS_FILESYSTEM not set).
2025-07-06 17:32:23.143 [info] > git rev-parse --show-toplevel [5ms]
2025-07-06 17:32:23.143 [info] fatal: not a git repository (or any parent up to mount point /)
Stopping at filesystem boundary (GIT_DISCOVERY_ACROSS_FILESYSTEM not set).
2025-07-06 17:33:21.921 [info] > git rev-parse --show-toplevel [6ms]
2025-07-06 17:33:21.922 [info] fatal: not a git repository (or any parent up to mount point /)
Stopping at filesystem boundary (GIT_DISCOVERY_ACROSS_FILESYSTEM not set).
2025-07-06 17:34:38.734 [info] > git rev-parse --show-toplevel [2ms]
2025-07-06 17:34:38.734 [info] fatal: not a git repository (or any parent up to mount point /)
Stopping at filesystem boundary (GIT_DISCOVERY_ACROSS_FILESYSTEM not set).
2025-07-06 17:34:40.629 [info] > git rev-parse --show-toplevel [3ms]
2025-07-06 17:34:40.629 [info] fatal: not a git repository (or any parent up to mount point /)
Stopping at filesystem boundary (GIT_DISCOVERY_ACROSS_FILESYSTEM not set).
2025-07-06 17:35:21.964 [info] > git rev-parse --show-toplevel [3ms]
2025-07-06 17:35:21.964 [info] fatal: not a git repository (or any parent up to mount point /)
Stopping at filesystem boundary (GIT_DISCOVERY_ACROSS_FILESYSTEM not set).
2025-07-06 17:35:24.464 [info] > git rev-parse --show-toplevel [4ms]
2025-07-06 17:35:24.464 [info] fatal: not a git repository (or any parent up to mount point /)
Stopping at filesystem boundary (GIT_DISCOVERY_ACROSS_FILESYSTEM not set).
2025-07-06 17:35:25.476 [info] > git rev-parse --show-toplevel [5ms]
2025-07-06 17:35:25.476 [info] fatal: not a git repository (or any parent up to mount point /)
Stopping at filesystem boundary (GIT_DISCOVERY_ACROSS_FILESYSTEM not set).
2025-07-06 17:35:26.294 [info] > git rev-parse --show-toplevel [4ms]
2025-07-06 17:35:26.294 [info] fatal: not a git repository (or any parent up to mount point /)
Stopping at filesystem boundary (GIT_DISCOVERY_ACROSS_FILESYSTEM not set).
2025-07-06 17:35:28.792 [info] > git rev-parse --show-toplevel [5ms]
2025-07-06 17:35:28.792 [info] fatal: not a git repository (or any parent up to mount point /)
Stopping at filesystem boundary (GIT_DISCOVERY_ACROSS_FILESYSTEM not set).
2025-07-06 17:35:57.646 [info] > git rev-parse --show-toplevel [3ms]
2025-07-06 17:35:57.646 [info] fatal: not a git repository (or any parent up to mount point /)
Stopping at filesystem boundary (GIT_DISCOVERY_ACROSS_FILESYSTEM not set).
2025-07-06 17:36:08.898 [info] > git rev-parse --show-toplevel [3ms]
2025-07-06 17:36:08.898 [info] fatal: not a git repository (or any parent up to mount point /)
Stopping at filesystem boundary (GIT_DISCOVERY_ACROSS_FILESYSTEM not set).
2025-07-06 17:36:09.988 [info] > git rev-parse --show-toplevel [2ms]
2025-07-06 17:36:09.989 [info] fatal: not a git repository (or any parent up to mount point /)
Stopping at filesystem boundary (GIT_DISCOVERY_ACROSS_FILESYSTEM not set).
2025-07-06 17:36:23.825 [info] > git rev-parse --show-toplevel [2ms]
2025-07-06 17:36:23.825 [info] fatal: not a git repository (or any parent up to mount point /)
Stopping at filesystem boundary (GIT_DISCOVERY_ACROSS_FILESYSTEM not set).
2025-07-06 17:37:02.429 [info] > git rev-parse --show-toplevel [4ms]
2025-07-06 17:37:02.430 [info] fatal: not a git repository (or any parent up to mount point /)
Stopping at filesystem boundary (GIT_DISCOVERY_ACROSS_FILESYSTEM not set).
2025-07-06 17:37:03.541 [info] > git rev-parse --show-toplevel [4ms]
2025-07-06 17:37:03.541 [info] fatal: not a git repository (or any parent up to mount point /)
Stopping at filesystem boundary (GIT_DISCOVERY_ACROSS_FILESYSTEM not set).
2025-07-06 17:37:04.812 [info] > git rev-parse --show-toplevel [3ms]
2025-07-06 17:37:04.812 [info] fatal: not a git repository (or any parent up to mount point /)
Stopping at filesystem boundary (GIT_DISCOVERY_ACROSS_FILESYSTEM not set).
2025-07-06 17:37:09.240 [info] > git rev-parse --show-toplevel [3ms]
2025-07-06 17:37:09.240 [info] fatal: not a git repository (or any parent up to mount point /)
Stopping at filesystem boundary (GIT_DISCOVERY_ACROSS_FILESYSTEM not set).
2025-07-06 17:37:11.567 [info] > git rev-parse --show-toplevel [3ms]
2025-07-06 17:37:11.567 [info] fatal: not a git repository (or any parent up to mount point /)
Stopping at filesystem boundary (GIT_DISCOVERY_ACROSS_FILESYSTEM not set).
2025-07-06 17:37:12.371 [info] > git rev-parse --show-toplevel [2ms]
2025-07-06 17:37:12.371 [info] fatal: not a git repository (or any parent up to mount point /)
Stopping at filesystem boundary (GIT_DISCOVERY_ACROSS_FILESYSTEM not set).
2025-07-06 17:37:13.766 [info] > git rev-parse --show-toplevel [2ms]
2025-07-06 17:37:13.766 [info] fatal: not a git repository (or any parent up to mount point /)
Stopping at filesystem boundary (GIT_DISCOVERY_ACROSS_FILESYSTEM not set).
2025-07-06 17:37:15.103 [info] > git rev-parse --show-toplevel [3ms]
2025-07-06 17:37:15.103 [info] fatal: not a git repository (or any parent up to mount point /)
Stopping at filesystem boundary (GIT_DISCOVERY_ACROSS_FILESYSTEM not set).
2025-07-06 17:37:16.437 [info] > git rev-parse --show-toplevel [3ms]
2025-07-06 17:37:16.437 [info] fatal: not a git repository (or any parent up to mount point /)
Stopping at filesystem boundary (GIT_DISCOVERY_ACROSS_FILESYSTEM not set).
2025-07-06 17:37:19.415 [info] > git rev-parse --show-toplevel [4ms]
2025-07-06 17:37:19.415 [info] fatal: not a git repository (or any parent up to mount point /)
Stopping at filesystem boundary (GIT_DISCOVERY_ACROSS_FILESYSTEM not set).
2025-07-06 17:43:41.769 [info] > git rev-parse --show-toplevel [2ms]
2025-07-06 17:43:41.769 [info] fatal: not a git repository (or any parent up to mount point /)
Stopping at filesystem boundary (GIT_DISCOVERY_ACROSS_FILESYSTEM not set).
2025-07-06 17:43:41.835 [info] > git rev-parse --show-toplevel [2ms]
2025-07-06 17:43:41.835 [info] fatal: not a git repository (or any parent up to mount point /)
Stopping at filesystem boundary (GIT_DISCOVERY_ACROSS_FILESYSTEM not set).
2025-07-06 17:43:43.087 [info] > git rev-parse --show-toplevel [3ms]
2025-07-06 17:43:43.087 [info] fatal: not a git repository (or any parent up to mount point /)
Stopping at filesystem boundary (GIT_DISCOVERY_ACROSS_FILESYSTEM not set).
2025-07-06 17:44:00.120 [info] > git rev-parse --show-toplevel [2ms]
2025-07-06 17:44:00.120 [info] fatal: not a git repository (or any parent up to mount point /)
Stopping at filesystem boundary (GIT_DISCOVERY_ACROSS_FILESYSTEM not set).
2025-07-06 17:44:02.508 [info] > git rev-parse --show-toplevel [2ms]
2025-07-06 17:44:02.508 [info] fatal: not a git repository (or any parent up to mount point /)
Stopping at filesystem boundary (GIT_DISCOVERY_ACROSS_FILESYSTEM not set).
2025-07-06 17:44:15.888 [info] > git rev-parse --show-toplevel [3ms]
2025-07-06 17:44:15.888 [info] fatal: not a git repository (or any parent up to mount point /)
Stopping at filesystem boundary (GIT_DISCOVERY_ACROSS_FILESYSTEM not set).
2025-07-06 17:45:24.754 [info] > git rev-parse --show-toplevel [1ms]
2025-07-06 17:45:24.754 [info] fatal: not a git repository (or any parent up to mount point /)
Stopping at filesystem boundary (GIT_DISCOVERY_ACROSS_FILESYSTEM not set).
2025-07-06 17:45:41.227 [info] > git rev-parse --show-toplevel [2ms]
2025-07-06 17:45:41.228 [info] fatal: not a git repository (or any parent up to mount point /)
Stopping at filesystem boundary (GIT_DISCOVERY_ACROSS_FILESYSTEM not set).
2025-07-06 17:46:01.817 [info] > git rev-parse --show-toplevel [4ms]
2025-07-06 17:46:01.818 [info] fatal: not a git repository (or any parent up to mount point /)
Stopping at filesystem boundary (GIT_DISCOVERY_ACROSS_FILESYSTEM not set).
2025-07-06 17:46:40.538 [info] > git rev-parse --show-toplevel [5ms]
2025-07-06 17:46:40.538 [info] fatal: not a git repository (or any parent up to mount point /)
Stopping at filesystem boundary (GIT_DISCOVERY_ACROSS_FILESYSTEM not set).
2025-07-06 17:47:13.239 [info] > git rev-parse --show-toplevel [5ms]
2025-07-06 17:47:13.239 [info] fatal: not a git repository (or any parent up to mount point /)
Stopping at filesystem boundary (GIT_DISCOVERY_ACROSS_FILESYSTEM not set).
2025-07-06 17:48:49.143 [info] > git rev-parse --show-toplevel [5ms]
2025-07-06 17:48:49.143 [info] fatal: not a git repository (or any parent up to mount point /)
Stopping at filesystem boundary (GIT_DISCOVERY_ACROSS_FILESYSTEM not set).
2025-07-06 17:55:06.650 [info] > git rev-parse --show-toplevel [2ms]
2025-07-06 17:55:06.650 [info] fatal: not a git repository (or any parent up to mount point /)
Stopping at filesystem boundary (GIT_DISCOVERY_ACROSS_FILESYSTEM not set).
2025-07-06 17:57:19.897 [info] > git rev-parse --show-toplevel [3ms]
2025-07-06 17:57:19.897 [info] fatal: not a git repository (or any parent up to mount point /)
Stopping at filesystem boundary (GIT_DISCOVERY_ACROSS_FILESYSTEM not set).
2025-07-06 17:57:55.686 [info] > git rev-parse --show-toplevel [8ms]
2025-07-06 17:57:55.686 [info] fatal: not a git repository (or any parent up to mount point /)
Stopping at filesystem boundary (GIT_DISCOVERY_ACROSS_FILESYSTEM not set).
2025-07-06 17:58:20.722 [info] > git rev-parse --show-toplevel [2ms]
2025-07-06 17:58:20.722 [info] fatal: not a git repository (or any parent up to mount point /)
Stopping at filesystem boundary (GIT_DISCOVERY_ACROSS_FILESYSTEM not set).
2025-07-06 17:59:14.710 [info] > git rev-parse --show-toplevel [1ms]
2025-07-06 17:59:14.710 [info] fatal: not a git repository (or any parent up to mount point /)
Stopping at filesystem boundary (GIT_DISCOVERY_ACROSS_FILESYSTEM not set).
2025-07-06 17:59:14.721 [info] > git rev-parse --show-toplevel [2ms]
2025-07-06 17:59:14.721 [info] fatal: not a git repository (or any parent up to mount point /)
Stopping at filesystem boundary (GIT_DISCOVERY_ACROSS_FILESYSTEM not set).
2025-07-06 17:59:14.733 [info] > git rev-parse --show-toplevel [1ms]
2025-07-06 17:59:14.733 [info] fatal: not a git repository (or any parent up to mount point /)
Stopping at filesystem boundary (GIT_DISCOVERY_ACROSS_FILESYSTEM not set).
2025-07-06 17:59:14.744 [info] > git rev-parse --show-toplevel [1ms]
2025-07-06 17:59:14.744 [info] fatal: not a git repository (or any parent up to mount point /)
Stopping at filesystem boundary (GIT_DISCOVERY_ACROSS_FILESYSTEM not set).
2025-07-06 17:59:14.754 [info] > git rev-parse --show-toplevel [1ms]
2025-07-06 17:59:14.754 [info] fatal: not a git repository (or any parent up to mount point /)
Stopping at filesystem boundary (GIT_DISCOVERY_ACROSS_FILESYSTEM not set).
2025-07-06 17:59:14.764 [info] > git rev-parse --show-toplevel [1ms]
2025-07-06 17:59:14.764 [info] fatal: not a git repository (or any parent up to mount point /)
Stopping at filesystem boundary (GIT_DISCOVERY_ACROSS_FILESYSTEM not set).
2025-07-06 17:59:14.776 [info] > git rev-parse --show-toplevel [0ms]
2025-07-06 17:59:14.777 [info] fatal: not a git repository (or any parent up to mount point /)
Stopping at filesystem boundary (GIT_DISCOVERY_ACROSS_FILESYSTEM not set).
2025-07-06 17:59:14.788 [info] > git rev-parse --show-toplevel [2ms]
2025-07-06 17:59:14.788 [info] fatal: not a git repository (or any parent up to mount point /)
Stopping at filesystem boundary (GIT_DISCOVERY_ACROSS_FILESYSTEM not set).
2025-07-06 17:59:14.800 [info] > git rev-parse --show-toplevel [2ms]
2025-07-06 17:59:14.800 [info] fatal: not a git repository (or any parent up to mount point /)
Stopping at filesystem boundary (GIT_DISCOVERY_ACROSS_FILESYSTEM not set).
2025-07-06 17:59:14.811 [info] > git rev-parse --show-toplevel [2ms]
2025-07-06 17:59:14.811 [info] fatal: not a git repository (or any parent up to mount point /)
Stopping at filesystem boundary (GIT_DISCOVERY_ACROSS_FILESYSTEM not set).
2025-07-06 17:59:14.822 [info] > git rev-parse --show-toplevel [2ms]
2025-07-06 17:59:14.822 [info] fatal: not a git repository (or any parent up to mount point /)
Stopping at filesystem boundary (GIT_DISCOVERY_ACROSS_FILESYSTEM not set).
2025-07-06 17:59:14.832 [info] > git rev-parse --show-toplevel [2ms]
2025-07-06 17:59:14.832 [info] fatal: not a git repository (or any parent up to mount point /)
Stopping at filesystem boundary (GIT_DISCOVERY_ACROSS_FILESYSTEM not set).
2025-07-06 17:59:14.841 [info] > git rev-parse --show-toplevel [2ms]
2025-07-06 17:59:14.842 [info] fatal: not a git repository (or any parent up to mount point /)
Stopping at filesystem boundary (GIT_DISCOVERY_ACROSS_FILESYSTEM not set).
2025-07-06 17:59:14.856 [info] > git rev-parse --show-toplevel [3ms]
2025-07-06 17:59:14.856 [info] fatal: not a git repository (or any parent up to mount point /)
Stopping at filesystem boundary (GIT_DISCOVERY_ACROSS_FILESYSTEM not set).
2025-07-06 17:59:14.864 [info] > git rev-parse --show-toplevel [2ms]
2025-07-06 17:59:14.865 [info] fatal: not a git repository (or any parent up to mount point /)
Stopping at filesystem boundary (GIT_DISCOVERY_ACROSS_FILESYSTEM not set).
2025-07-06 17:59:14.874 [info] > git rev-parse --show-toplevel [1ms]
2025-07-06 17:59:14.874 [info] fatal: not a git repository (or any parent up to mount point /)
Stopping at filesystem boundary (GIT_DISCOVERY_ACROSS_FILESYSTEM not set).
2025-07-06 17:59:14.882 [info] > git rev-parse --show-toplevel [2ms]
2025-07-06 17:59:14.882 [info] fatal: not a git repository (or any parent up to mount point /)
Stopping at filesystem boundary (GIT_DISCOVERY_ACROSS_FILESYSTEM not set).
2025-07-06 17:59:14.890 [info] > git rev-parse --show-toplevel [1ms]
2025-07-06 17:59:14.890 [info] fatal: not a git repository (or any parent up to mount point /)
Stopping at filesystem boundary (GIT_DISCOVERY_ACROSS_FILESYSTEM not set).
2025-07-06 17:59:14.900 [info] > git rev-parse --show-toplevel [4ms]
2025-07-06 17:59:14.900 [info] fatal: not a git repository (or any parent up to mount point /)
Stopping at filesystem boundary (GIT_DISCOVERY_ACROSS_FILESYSTEM not set).
2025-07-06 17:59:14.908 [info] > git rev-parse --show-toplevel [2ms]
2025-07-06 17:59:14.908 [info] fatal: not a git repository (or any parent up to mount point /)
Stopping at filesystem boundary (GIT_DISCOVERY_ACROSS_FILESYSTEM not set).
2025-07-06 17:59:14.916 [info] > git rev-parse --show-toplevel [1ms]
2025-07-06 17:59:14.916 [info] fatal: not a git repository (or any parent up to mount point /)
Stopping at filesystem boundary (GIT_DISCOVERY_ACROSS_FILESYSTEM not set).
2025-07-06 17:59:14.927 [info] > git rev-parse --show-toplevel [2ms]
2025-07-06 17:59:14.927 [info] fatal: not a git repository (or any parent up to mount point /)
Stopping at filesystem boundary (GIT_DISCOVERY_ACROSS_FILESYSTEM not set).
2025-07-06 17:59:14.940 [info] > git rev-parse --show-toplevel [2ms]
2025-07-06 17:59:14.940 [info] fatal: not a git repository (or any parent up to mount point /)
Stopping at filesystem boundary (GIT_DISCOVERY_ACROSS_FILESYSTEM not set).
2025-07-06 17:59:14.951 [info] > git rev-parse --show-toplevel [2ms]
2025-07-06 17:59:14.951 [info] fatal: not a git repository (or any parent up to mount point /)
Stopping at filesystem boundary (GIT_DISCOVERY_ACROSS_FILESYSTEM not set).
2025-07-06 17:59:14.961 [info] > git rev-parse --show-toplevel [2ms]
2025-07-06 17:59:14.961 [info] fatal: not a git repository (or any parent up to mount point /)
Stopping at filesystem boundary (GIT_DISCOVERY_ACROSS_FILESYSTEM not set).
2025-07-06 17:59:14.972 [info] > git rev-parse --show-toplevel [2ms]
2025-07-06 17:59:14.972 [info] fatal: not a git repository (or any parent up to mount point /)
Stopping at filesystem boundary (GIT_DISCOVERY_ACROSS_FILESYSTEM not set).
2025-07-06 17:59:14.980 [info] > git rev-parse --show-toplevel [1ms]
2025-07-06 17:59:14.980 [info] fatal: not a git repository (or any parent up to mount point /)
Stopping at filesystem boundary (GIT_DISCOVERY_ACROSS_FILESYSTEM not set).
2025-07-06 18:03:30.895 [info] > git rev-parse --show-toplevel [3ms]
2025-07-06 18:03:30.895 [info] fatal: not a git repository (or any parent up to mount point /)
Stopping at filesystem boundary (GIT_DISCOVERY_ACROSS_FILESYSTEM not set).
2025-07-06 18:04:11.462 [info] > git rev-parse --show-toplevel [4ms]
2025-07-06 18:04:11.462 [info] fatal: not a git repository (or any parent up to mount point /)
Stopping at filesystem boundary (GIT_DISCOVERY_ACROSS_FILESYSTEM not set).
2025-07-06 18:04:27.584 [info] > git rev-parse --show-toplevel [4ms]
2025-07-06 18:04:27.584 [info] fatal: not a git repository (or any parent up to mount point /)
Stopping at filesystem boundary (GIT_DISCOVERY_ACROSS_FILESYSTEM not set).
2025-07-06 18:04:37.742 [info] > git rev-parse --show-toplevel [3ms]
2025-07-06 18:04:37.742 [info] fatal: not a git repository (or any parent up to mount point /)
Stopping at filesystem boundary (GIT_DISCOVERY_ACROSS_FILESYSTEM not set).
2025-07-06 18:04:49.065 [info] > git rev-parse --show-toplevel [3ms]
2025-07-06 18:04:49.065 [info] fatal: not a git repository (or any parent up to mount point /)
Stopping at filesystem boundary (GIT_DISCOVERY_ACROSS_FILESYSTEM not set).
2025-07-06 18:09:08.120 [info] > git rev-parse --show-toplevel [2ms]
2025-07-06 18:09:08.132 [info] > git rev-parse --git-dir --git-common-dir [2ms]
2025-07-06 18:09:08.147 [info] [Model][openRepository] Opened repository: /home/manojkasula_mj
2025-07-06 18:09:08.161 [info] [Git][getRemotes] No remotes found in the git config file
2025-07-06 18:09:08.172 [info] > git config --get commit.template [12ms]
2025-07-06 18:09:08.173 [info] > git for-each-ref --format=%(refname)%00%(upstream:short)%00%(objectname)%00%(upstream:track)%00%(upstream:remotename)%00%(upstream:remoteref) refs/heads/master refs/remotes/master [2ms]
2025-07-06 18:09:08.174 [warning] [Git][getBranch] No such branch: master
2025-07-06 18:09:08.197 [info] > git for-each-ref --sort -committerdate --format %(refname)%00%(objectname)%00%(*objectname) [2ms]
2025-07-06 18:09:08.271 [info] > git status -z -uall [87ms]
2025-07-06 18:09:09.674 [info] > git for-each-ref --format=%(refname)%00%(upstream:short)%00%(objectname)%00%(upstream:track)%00%(upstream:remotename)%00%(upstream:remoteref) refs/heads/master refs/remotes/master [1237ms]
2025-07-06 18:09:09.674 [warning] [Git][getBranch] No such branch: master
2025-07-06 18:09:09.675 [error] [GitHistoryProvider][resolveHEADMergeBase] Failed to resolve merge base for master: Error: No such branch: master.
2025-07-06 18:09:09.705 [info] > git config --get commit.template [31ms]
2025-07-06 18:09:09.706 [info] > git check-ignore -v -z --stdin [2ms]
2025-07-06 18:09:09.715 [info] [Git][getRemotes] No remotes found in the git config file
2025-07-06 18:09:09.716 [info] > git for-each-ref --format=%(refname)%00%(upstream:short)%00%(objectname)%00%(upstream:track)%00%(upstream:remotename)%00%(upstream:remoteref) refs/heads/master refs/remotes/master [2ms]
2025-07-06 18:09:09.716 [warning] [Git][getBranch] No such branch: master
2025-07-06 18:09:09.737 [info] > git for-each-ref --sort -committerdate --format %(refname)%00%(objectname)%00%(*objectname) [2ms]
2025-07-06 18:09:09.808 [info] > git status -z -uall [85ms]
2025-07-06 18:09:55.904 [info] > git config --get commit.template [13ms]
2025-07-06 18:09:55.904 [info] > git for-each-ref --format=%(refname)%00%(upstream:short)%00%(objectname)%00%(upstream:track)%00%(upstream:remotename)%00%(upstream:remoteref) refs/heads/master refs/remotes/master [2ms]
2025-07-06 18:09:55.904 [warning] [Git][getBranch] No such branch: master
2025-07-06 18:09:55.939 [info] > git for-each-ref --sort -committerdate --format %(refname)%00%(objectname)%00%(*objectname) [4ms]
2025-07-06 18:09:56.007 [info] > git status -z -uall [92ms]
2025-07-06 18:09:58.856 [info] > git show --textconv :pitchcraft-frontend/src/components/CollaborationPanel.jsx [29ms]
2025-07-06 18:09:58.856 [info] > git show --textconv HEAD:pitchcraft-frontend/src/components/CollaborationPanel.jsx [21ms]
2025-07-06 18:09:58.856 [info] > git ls-files --stage -- pitchcraft-frontend/src/components/CollaborationPanel.jsx [11ms]
2025-07-06 18:09:58.875 [info] > git cat-file -s fd3be5a9a7e4fb6767960f1a1dcb5660e6407494 [11ms]
2025-07-06 18:09:58.875 [info] > git ls-tree -l HEAD -- pitchcraft-frontend/src/components/CollaborationPanel.jsx [21ms]
2025-07-06 18:09:58.876 [info] fatal: Not a valid object name HEAD
2025-07-06 18:09:58.885 [info] > git hash-object -t tree /dev/null [12ms]
2025-07-06 18:09:58.885 [warning] [GitFileSystemProvider][readFile] File not found - git:/home/manojkasula_mj/pitchcraft-frontend/src/components/CollaborationPanel.jsx.git?%7B%22path%22%3A%22%2Fhome%2Fmanojkasula_mj%2Fpitchcraft-frontend%2Fsrc%2Fcomponents%2FCollaborationPanel.jsx%22%2C%22ref%22%3A%22HEAD%22%7D
2025-07-06 18:09:58.893 [info] > git hash-object -t tree /dev/null [9ms]
2025-07-06 18:09:58.893 [warning] [GitFileSystemProvider][stat] File not found - git:/home/manojkasula_mj/pitchcraft-frontend/src/components/CollaborationPanel.jsx.git?%7B%22path%22%3A%22%2Fhome%2Fmanojkasula_mj%2Fpitchcraft-frontend%2Fsrc%2Fcomponents%2FCollaborationPanel.jsx%22%2C%22ref%22%3A%22HEAD%22%7D
2025-07-06 18:10:01.164 [info] > git config --get commit.template [12ms]
2025-07-06 18:10:01.165 [info] > git for-each-ref --format=%(refname)%00%(upstream:short)%00%(objectname)%00%(upstream:track)%00%(upstream:remotename)%00%(upstream:remoteref) refs/heads/master refs/remotes/master [2ms]
2025-07-06 18:10:01.165 [warning] [Git][getBranch] No such branch: master
2025-07-06 18:10:01.203 [info] > git for-each-ref --sort -committerdate --format %(refname)%00%(objectname)%00%(*objectname) [8ms]
2025-07-06 18:10:01.289 [info] > git status -z -uall [114ms]
