2025-07-06 17:19:28.865 [info] [main] Log level: Info
2025-07-06 17:19:28.865 [info] [main] Validating found git in: "git"
2025-07-06 17:19:28.865 [info] [main] Using git "2.43.0" from "git"
2025-07-06 17:19:28.865 [info] [Model][doInitialScan] Initial repository scan started
2025-07-06 17:19:28.865 [info] > git rev-parse --show-toplevel [1352ms]
2025-07-06 17:19:28.865 [info] fatal: not a git repository (or any parent up to mount point /)
Stopping at filesystem boundary (GIT_DISCOVERY_ACROSS_FILESYSTEM not set).
2025-07-06 17:19:28.867 [info] > git rev-parse --show-toplevel [1ms]
2025-07-06 17:19:28.867 [info] fatal: not a git repository (or any parent up to mount point /)
Stopping at filesystem boundary (GIT_DISCOVERY_ACROSS_FILESYSTEM not set).
2025-07-06 17:19:28.871 [info] > git rev-parse --show-toplevel [1ms]
2025-07-06 17:19:28.871 [info] fatal: not a git repository (or any parent up to mount point /)
Stopping at filesystem boundary (GIT_DISCOVERY_ACROSS_FILESYSTEM not set).
2025-07-06 17:19:28.876 [info] > git rev-parse --show-toplevel [2ms]
2025-07-06 17:19:28.876 [info] fatal: not a git repository (or any parent up to mount point /)
Stopping at filesystem boundary (GIT_DISCOVERY_ACROSS_FILESYSTEM not set).
2025-07-06 17:19:28.880 [info] > git rev-parse --show-toplevel [2ms]
2025-07-06 17:19:28.880 [info] fatal: not a git repository (or any parent up to mount point /)
Stopping at filesystem boundary (GIT_DISCOVERY_ACROSS_FILESYSTEM not set).
2025-07-06 17:19:28.884 [info] > git rev-parse --show-toplevel [1ms]
2025-07-06 17:19:28.884 [info] fatal: not a git repository (or any parent up to mount point /)
Stopping at filesystem boundary (GIT_DISCOVERY_ACROSS_FILESYSTEM not set).
2025-07-06 17:19:28.950 [info] > git rev-parse --show-toplevel [62ms]
2025-07-06 17:19:28.950 [info] fatal: not a git repository (or any parent up to mount point /)
Stopping at filesystem boundary (GIT_DISCOVERY_ACROSS_FILESYSTEM not set).
2025-07-06 17:19:28.959 [info] > git rev-parse --show-toplevel [6ms]
2025-07-06 17:19:28.960 [info] fatal: not a git repository (or any parent up to mount point /)
Stopping at filesystem boundary (GIT_DISCOVERY_ACROSS_FILESYSTEM not set).
2025-07-06 17:19:28.960 [info] [Model][doInitialScan] Initial repository scan completed - repositories (0), closed repositories (0), parent repositories (0), unsafe repositories (0)
2025-07-06 17:19:31.162 [info] > git rev-parse --show-toplevel [2ms]
2025-07-06 17:19:31.162 [info] fatal: not a git repository (or any parent up to mount point /)
Stopping at filesystem boundary (GIT_DISCOVERY_ACROSS_FILESYSTEM not set).
