2025-07-05 14:47:02.686 [info] [main] Log level: Info
2025-07-05 14:47:02.686 [info] [main] Validating found git in: "git"
2025-07-05 14:47:02.686 [info] [main] Using git "2.43.0" from "git"
2025-07-05 14:47:02.686 [info] [Model][doInitialScan] Initial repository scan started
2025-07-05 14:47:02.686 [info] > git rev-parse --show-toplevel [19ms]
2025-07-05 14:47:02.686 [info] fatal: not a git repository (or any parent up to mount point /)
Stopping at filesystem boundary (GIT_DISCOVERY_ACROSS_FILESYSTEM not set).
2025-07-05 14:47:02.687 [info] > git rev-parse --show-toplevel [11ms]
2025-07-05 14:47:02.687 [info] fatal: not a git repository (or any parent up to mount point /)
Stopping at filesystem boundary (GIT_DISCOVERY_ACROSS_FILESYSTEM not set).
2025-07-05 14:47:02.693 [info] > git rev-parse --show-toplevel [1ms]
2025-07-05 14:47:02.693 [info] fatal: not a git repository (or any parent up to mount point /)
Stopping at filesystem boundary (GIT_DISCOVERY_ACROSS_FILESYSTEM not set).
2025-07-05 14:47:02.698 [info] > git rev-parse --show-toplevel [2ms]
2025-07-05 14:47:02.698 [info] fatal: not a git repository (or any parent up to mount point /)
Stopping at filesystem boundary (GIT_DISCOVERY_ACROSS_FILESYSTEM not set).
2025-07-05 14:47:02.704 [info] > git rev-parse --show-toplevel [3ms]
2025-07-05 14:47:02.704 [info] fatal: not a git repository (or any parent up to mount point /)
Stopping at filesystem boundary (GIT_DISCOVERY_ACROSS_FILESYSTEM not set).
2025-07-05 14:47:02.710 [info] > git rev-parse --show-toplevel [2ms]
2025-07-05 14:47:02.710 [info] fatal: not a git repository (or any parent up to mount point /)
Stopping at filesystem boundary (GIT_DISCOVERY_ACROSS_FILESYSTEM not set).
2025-07-05 14:47:02.717 [info] > git rev-parse --show-toplevel [2ms]
2025-07-05 14:47:02.717 [info] fatal: not a git repository (or any parent up to mount point /)
Stopping at filesystem boundary (GIT_DISCOVERY_ACROSS_FILESYSTEM not set).
2025-07-05 14:47:02.718 [info] [Model][doInitialScan] Initial repository scan completed - repositories (0), closed repositories (0), parent repositories (0), unsafe repositories (0)
