2025-07-06 17:19:40.866 [info] [main] Log level: Info
2025-07-06 17:19:40.866 [info] [main] Validating found git in: "git"
2025-07-06 17:19:40.866 [info] [main] Using git "2.43.0" from "git"
2025-07-06 17:19:40.866 [info] [Model][doInitialScan] Initial repository scan started
2025-07-06 17:19:40.866 [info] > git rev-parse --show-toplevel [1327ms]
2025-07-06 17:19:40.866 [info] fatal: not a git repository (or any parent up to mount point /)
Stopping at filesystem boundary (GIT_DISCOVERY_ACROSS_FILESYSTEM not set).
2025-07-06 17:19:40.871 [info] > git rev-parse --show-toplevel [1ms]
2025-07-06 17:19:40.871 [info] fatal: not a git repository (or any parent up to mount point /)
Stopping at filesystem boundary (GIT_DISCOVERY_ACROSS_FILESYSTEM not set).
2025-07-06 17:19:40.875 [info] > git rev-parse --show-toplevel [1ms]
2025-07-06 17:19:40.875 [info] fatal: not a git repository (or any parent up to mount point /)
Stopping at filesystem boundary (GIT_DISCOVERY_ACROSS_FILESYSTEM not set).
2025-07-06 17:19:40.880 [info] > git rev-parse --show-toplevel [2ms]
2025-07-06 17:19:40.880 [info] fatal: not a git repository (or any parent up to mount point /)
Stopping at filesystem boundary (GIT_DISCOVERY_ACROSS_FILESYSTEM not set).
2025-07-06 17:19:40.884 [info] > git rev-parse --show-toplevel [2ms]
2025-07-06 17:19:40.884 [info] fatal: not a git repository (or any parent up to mount point /)
Stopping at filesystem boundary (GIT_DISCOVERY_ACROSS_FILESYSTEM not set).
2025-07-06 17:19:40.888 [info] > git rev-parse --show-toplevel [1ms]
2025-07-06 17:19:40.888 [info] fatal: not a git repository (or any parent up to mount point /)
Stopping at filesystem boundary (GIT_DISCOVERY_ACROSS_FILESYSTEM not set).
2025-07-06 17:19:40.893 [info] > git rev-parse --show-toplevel [1ms]
2025-07-06 17:19:40.893 [info] fatal: not a git repository (or any parent up to mount point /)
Stopping at filesystem boundary (GIT_DISCOVERY_ACROSS_FILESYSTEM not set).
2025-07-06 17:19:40.897 [info] > git rev-parse --show-toplevel [2ms]
2025-07-06 17:19:40.897 [info] fatal: not a git repository (or any parent up to mount point /)
Stopping at filesystem boundary (GIT_DISCOVERY_ACROSS_FILESYSTEM not set).
2025-07-06 17:19:40.898 [info] [Model][doInitialScan] Initial repository scan completed - repositories (0), closed repositories (0), parent repositories (0), unsafe repositories (0)
