0 verbose cli /usr/local/nvm/versions/node/v22.16.0/bin/node /usr/local/nvm/versions/node/v22.16.0/bin/npm
1 info using npm@11.4.1
2 info using node@v22.16.0
3 silly config load:file:/usr/local/nvm/versions/node/v22.16.0/lib/node_modules/npm/npmrc
4 silly config load:file:/home/manojkasula_mj/pitchcraft-frontend/.npmrc
5 silly config load:file:/home/manojkasula_mj/.npmrc
6 silly config load:file:/usr/local/nvm/versions/node/v22.16.0/etc/npmrc
7 verbose title npm install react-router-dom@6 magic-ui axios react-dnd
8 verbose argv "install" "react-router-dom@6" "magic-ui" "axios" "react-dnd"
9 verbose logfile logs-max:10 dir:/home/manojkasula_mj/.npm/_logs/2025-07-06T17_59_01_817Z-
10 verbose logfile /home/manojkasula_mj/.npm/_logs/2025-07-06T17_59_01_817Z-debug-0.log
11 silly logfile start cleaning logs, removing 1 files
12 silly logfile done cleaning log files
13 silly packumentCache heap:2197815296 maxSize:549453824 maxEntrySize:274726912
14 silly idealTree buildDeps
15 silly fetch manifest react-router-dom@6
16 silly packumentCache full:https://registry.npmjs.org/react-router-dom cache-miss
17 http fetch GET 200 https://registry.npmjs.org/react-router-dom 181ms (cache revalidated)
18 silly packumentCache full:https://registry.npmjs.org/react-router-dom set size:2082425 disposed:false
19 silly fetch manifest react@^19.1.0
20 silly packumentCache full:https://registry.npmjs.org/react cache-miss
21 http fetch GET 200 https://registry.npmjs.org/react 52ms (cache revalidated)
22 silly packumentCache full:https://registry.npmjs.org/react set size:5829097 disposed:false
23 silly fetch manifest react-dom@^19.1.0
24 silly packumentCache full:https://registry.npmjs.org/react-dom cache-miss
25 http fetch GET 200 https://registry.npmjs.org/react-dom 53ms (cache revalidated)
26 silly packumentCache full:https://registry.npmjs.org/react-dom set size:7461170 disposed:false
27 silly fetch manifest magic-ui@*
28 silly packumentCache full:https://registry.npmjs.org/magic-ui cache-miss
29 http fetch GET 200 https://registry.npmjs.org/magic-ui 690ms (cache revalidated)
30 silly packumentCache full:https://registry.npmjs.org/magic-ui set size:4049 disposed:false
31 silly fetch manifest axios@*
32 silly packumentCache full:https://registry.npmjs.org/axios cache-miss
33 http fetch GET 200 https://registry.npmjs.org/axios 39ms (cache revalidated)
34 silly packumentCache full:https://registry.npmjs.org/axios set size:668703 disposed:false
35 silly fetch manifest react-dnd@*
36 silly packumentCache full:https://registry.npmjs.org/react-dnd cache-miss
37 http fetch GET 200 https://registry.npmjs.org/react-dnd 31ms (cache revalidated)
38 silly packumentCache full:https://registry.npmjs.org/react-dnd set size:369630 disposed:false
39 silly fetch manifest @types/hoist-non-react-statics@>= 3.3.1
40 silly packumentCache full:https://registry.npmjs.org/@types%2fhoist-non-react-statics cache-miss
41 http fetch GET 200 https://registry.npmjs.org/@types%2fhoist-non-react-statics 51ms (cache revalidated)
42 silly packumentCache full:https://registry.npmjs.org/@types%2fhoist-non-react-statics set size:19586 disposed:false
43 silly fetch manifest @types/node@>= 12
44 silly packumentCache full:https://registry.npmjs.org/@types%2fnode cache-miss
45 http fetch GET 200 https://registry.npmjs.org/@types%2fnode 74ms (cache revalidated)
46 silly packumentCache full:https://registry.npmjs.org/@types%2fnode set size:10360744 disposed:false
47 silly fetch manifest @types/react@^19.1.8
48 silly packumentCache full:https://registry.npmjs.org/@types%2freact cache-miss
49 http fetch GET 200 https://registry.npmjs.org/@types%2freact 49ms (cache revalidated)
50 silly packumentCache full:https://registry.npmjs.org/@types%2freact set size:2412792 disposed:false
51 silly placeDep ROOT axios@1.10.0 OK for: pitchcraft-frontend@0.0.0 want: *
52 silly placeDep ROOT magic-ui@0.1.0 OK for: pitchcraft-frontend@0.0.0 want: *
53 silly placeDep ROOT react-dnd@16.0.1 OK for: pitchcraft-frontend@0.0.0 want: *
54 silly placeDep ROOT react-router-dom@6.30.1 OK for: pitchcraft-frontend@0.0.0 want: 6
55 silly fetch manifest follow-redirects@^1.15.6
56 silly packumentCache full:https://registry.npmjs.org/follow-redirects cache-miss
57 silly fetch manifest form-data@^4.0.0
58 silly packumentCache full:https://registry.npmjs.org/form-data cache-miss
59 http fetch GET 200 https://registry.npmjs.org/follow-redirects 28ms (cache revalidated)
60 silly packumentCache full:https://registry.npmjs.org/follow-redirects set size:182478 disposed:false
61 silly fetch manifest proxy-from-env@^1.1.0
62 silly packumentCache full:https://registry.npmjs.org/proxy-from-env cache-miss
63 http fetch GET 200 https://registry.npmjs.org/form-data 63ms (cache revalidated)
64 silly packumentCache full:https://registry.npmjs.org/form-data set size:134032 disposed:false
65 silly fetch manifest async@^1.2.1
66 silly packumentCache full:https://registry.npmjs.org/async cache-miss
67 http fetch GET 200 https://registry.npmjs.org/proxy-from-env 38ms (cache revalidated)
68 silly packumentCache full:https://registry.npmjs.org/proxy-from-env set size:15831 disposed:false
69 silly fetch manifest lodash@^3.9.3
70 silly packumentCache full:https://registry.npmjs.org/lodash cache-miss
71 http fetch GET 200 https://registry.npmjs.org/async 28ms (cache revalidated)
72 silly packumentCache full:https://registry.npmjs.org/async set size:230496 disposed:false
73 silly fetch manifest odbc@^1.1.6
74 silly packumentCache full:https://registry.npmjs.org/odbc cache-miss
75 http fetch GET 200 https://registry.npmjs.org/lodash 33ms (cache revalidated)
76 silly packumentCache full:https://registry.npmjs.org/lodash set size:242413 disposed:false
77 silly fetch manifest odbc-pool@0.0.5
78 silly packumentCache full:https://registry.npmjs.org/odbc-pool cache-miss
79 http fetch GET 200 https://registry.npmjs.org/odbc-pool 624ms (cache revalidated)
80 silly packumentCache full:https://registry.npmjs.org/odbc-pool set size:9870 disposed:false
81 silly fetch manifest restify@^3.0.3
82 silly packumentCache full:https://registry.npmjs.org/restify cache-miss
83 http fetch GET 200 https://registry.npmjs.org/odbc 633ms (cache revalidated)
84 silly packumentCache full:https://registry.npmjs.org/odbc set size:234974 disposed:false
85 silly fetch manifest log4js@^0.6.25
86 silly packumentCache full:https://registry.npmjs.org/log4js cache-miss
87 http fetch GET 200 https://registry.npmjs.org/log4js 25ms (cache revalidated)
88 silly packumentCache full:https://registry.npmjs.org/log4js set size:409691 disposed:false
89 silly fetch manifest @react-dnd/invariant@^4.0.1
90 silly packumentCache full:https://registry.npmjs.org/@react-dnd%2finvariant cache-miss
91 http fetch GET 200 https://registry.npmjs.org/restify 696ms (cache revalidated)
92 silly packumentCache full:https://registry.npmjs.org/restify set size:549405 disposed:false
93 silly fetch manifest @react-dnd/shallowequal@^4.0.1
94 silly packumentCache full:https://registry.npmjs.org/@react-dnd%2fshallowequal cache-miss
95 http fetch GET 200 https://registry.npmjs.org/@react-dnd%2finvariant 1790ms (cache revalidated)
96 silly packumentCache full:https://registry.npmjs.org/@react-dnd%2finvariant set size:21346 disposed:false
97 silly fetch manifest dnd-core@^16.0.1
98 silly packumentCache full:https://registry.npmjs.org/dnd-core cache-miss
99 http fetch GET 200 https://registry.npmjs.org/@react-dnd%2fshallowequal 1309ms (cache revalidated)
100 silly packumentCache full:https://registry.npmjs.org/@react-dnd%2fshallowequal set size:17170 disposed:false
101 silly fetch manifest hoist-non-react-statics@^3.3.2
102 silly packumentCache full:https://registry.npmjs.org/hoist-non-react-statics cache-miss
103 http fetch GET 200 https://registry.npmjs.org/hoist-non-react-statics 33ms (cache revalidated)
104 silly packumentCache full:https://registry.npmjs.org/hoist-non-react-statics set size:97044 disposed:false
105 silly fetch manifest react-router@6.30.1
106 silly packumentCache full:https://registry.npmjs.org/react-router cache-miss
107 http fetch GET 200 https://registry.npmjs.org/react-router 43ms (cache revalidated)
108 silly packumentCache full:https://registry.npmjs.org/react-router set size:2659741 disposed:false
109 silly fetch manifest @remix-run/router@1.23.0
110 silly packumentCache full:https://registry.npmjs.org/@remix-run%2frouter cache-miss
111 http fetch GET 200 https://registry.npmjs.org/@remix-run%2frouter 70ms (cache miss)
112 silly packumentCache full:https://registry.npmjs.org/@remix-run%2frouter set size:undefined disposed:false
113 http fetch GET 200 https://registry.npmjs.org/dnd-core 663ms (cache revalidated)
114 silly packumentCache full:https://registry.npmjs.org/dnd-core set size:214682 disposed:false
115 silly placeDep ROOT follow-redirects@1.15.9 OK for: axios@1.10.0 want: ^1.15.6
116 silly placeDep ROOT form-data@4.0.3 OK for: axios@1.10.0 want: ^4.0.0
117 silly placeDep ROOT proxy-from-env@1.1.0 OK for: axios@1.10.0 want: ^1.1.0
118 silly fetch manifest asynckit@^0.4.0
119 silly packumentCache full:https://registry.npmjs.org/asynckit cache-miss
120 silly fetch manifest combined-stream@^1.0.8
121 silly packumentCache full:https://registry.npmjs.org/combined-stream cache-miss
122 http fetch GET 200 https://registry.npmjs.org/combined-stream 28ms (cache revalidated)
123 silly packumentCache full:https://registry.npmjs.org/combined-stream set size:40337 disposed:false
124 silly fetch manifest es-set-tostringtag@^2.1.0
125 silly packumentCache full:https://registry.npmjs.org/es-set-tostringtag cache-miss
126 http fetch GET 200 https://registry.npmjs.org/es-set-tostringtag 22ms (cache revalidated)
127 silly packumentCache full:https://registry.npmjs.org/es-set-tostringtag set size:22094 disposed:false
128 silly fetch manifest hasown@^2.0.2
129 silly packumentCache full:https://registry.npmjs.org/hasown cache-miss
130 http fetch GET 200 https://registry.npmjs.org/hasown 23ms (cache revalidated)
131 silly packumentCache full:https://registry.npmjs.org/hasown set size:12476 disposed:false
132 silly fetch manifest mime-types@^2.1.12
133 silly packumentCache full:https://registry.npmjs.org/mime-types cache-miss
134 http fetch GET 200 https://registry.npmjs.org/mime-types 26ms (cache revalidated)
135 silly packumentCache full:https://registry.npmjs.org/mime-types set size:136716 disposed:false
136 http fetch GET 200 https://registry.npmjs.org/asynckit 664ms (cache revalidated)
137 silly packumentCache full:https://registry.npmjs.org/asynckit set size:17357 disposed:false
138 silly placeDep ROOT asynckit@0.4.0 OK for: form-data@4.0.3 want: ^0.4.0
139 silly placeDep ROOT combined-stream@1.0.8 OK for: form-data@4.0.3 want: ^1.0.8
140 silly placeDep ROOT es-set-tostringtag@2.1.0 OK for: form-data@4.0.3 want: ^2.1.0
141 silly placeDep ROOT hasown@2.0.2 OK for: form-data@4.0.3 want: ^2.0.2
142 silly placeDep ROOT mime-types@2.1.35 OK for: form-data@4.0.3 want: ^2.1.12
143 silly fetch manifest delayed-stream@~1.0.0
144 silly packumentCache full:https://registry.npmjs.org/delayed-stream cache-miss
145 silly fetch manifest es-errors@^1.3.0
146 silly packumentCache full:https://registry.npmjs.org/es-errors cache-miss
147 http fetch GET 200 https://registry.npmjs.org/delayed-stream 29ms (cache revalidated)
148 silly packumentCache full:https://registry.npmjs.org/delayed-stream set size:15820 disposed:false
149 silly fetch manifest get-intrinsic@^1.2.6
150 silly packumentCache full:https://registry.npmjs.org/get-intrinsic cache-miss
151 http fetch GET 200 https://registry.npmjs.org/es-errors 45ms (cache revalidated)
152 silly packumentCache full:https://registry.npmjs.org/es-errors set size:16918 disposed:false
153 silly fetch manifest has-tostringtag@^1.0.2
154 silly packumentCache full:https://registry.npmjs.org/has-tostringtag cache-miss
155 http fetch GET 200 https://registry.npmjs.org/get-intrinsic 23ms (cache revalidated)
156 silly packumentCache full:https://registry.npmjs.org/get-intrinsic set size:57687 disposed:false
157 silly fetch manifest function-bind@^1.1.2
158 silly packumentCache full:https://registry.npmjs.org/function-bind cache-miss
159 http fetch GET 200 https://registry.npmjs.org/function-bind 27ms (cache revalidated)
160 silly packumentCache full:https://registry.npmjs.org/function-bind set size:15733 disposed:false
161 silly fetch manifest mime-db@1.52.0
162 silly packumentCache full:https://registry.npmjs.org/mime-db cache-miss
163 http fetch GET 200 https://registry.npmjs.org/has-tostringtag 40ms (cache revalidated)
164 silly packumentCache full:https://registry.npmjs.org/has-tostringtag set size:13945 disposed:false
165 http fetch GET 200 https://registry.npmjs.org/mime-db 29ms (cache revalidated)
166 silly packumentCache full:https://registry.npmjs.org/mime-db set size:164953 disposed:false
167 silly placeDep ROOT delayed-stream@1.0.0 OK for: combined-stream@1.0.8 want: ~1.0.0
168 silly placeDep ROOT es-errors@1.3.0 OK for: es-set-tostringtag@2.1.0 want: ^1.3.0
169 silly placeDep ROOT get-intrinsic@1.3.0 OK for: es-set-tostringtag@2.1.0 want: ^1.2.6
170 silly placeDep ROOT has-tostringtag@1.0.2 OK for: es-set-tostringtag@2.1.0 want: ^1.0.2
171 silly fetch manifest call-bind-apply-helpers@^1.0.2
172 silly packumentCache full:https://registry.npmjs.org/call-bind-apply-helpers cache-miss
173 silly fetch manifest es-define-property@^1.0.1
174 silly packumentCache full:https://registry.npmjs.org/es-define-property cache-miss
175 http fetch GET 200 https://registry.npmjs.org/es-define-property 23ms (cache revalidated)
176 silly packumentCache full:https://registry.npmjs.org/es-define-property set size:8542 disposed:false
177 silly fetch manifest es-object-atoms@^1.1.1
178 silly packumentCache full:https://registry.npmjs.org/es-object-atoms cache-miss
179 http fetch GET 200 https://registry.npmjs.org/call-bind-apply-helpers 30ms (cache revalidated)
180 silly packumentCache full:https://registry.npmjs.org/call-bind-apply-helpers set size:12744 disposed:false
181 silly fetch manifest get-proto@^1.0.1
182 silly packumentCache full:https://registry.npmjs.org/get-proto cache-miss
183 http fetch GET 200 https://registry.npmjs.org/es-object-atoms 25ms (cache revalidated)
184 silly packumentCache full:https://registry.npmjs.org/es-object-atoms set size:15304 disposed:false
185 silly fetch manifest gopd@^1.2.0
186 silly packumentCache full:https://registry.npmjs.org/gopd cache-miss
187 http fetch GET 200 https://registry.npmjs.org/get-proto 27ms (cache revalidated)
188 silly packumentCache full:https://registry.npmjs.org/get-proto set size:8300 disposed:false
189 silly fetch manifest has-symbols@^1.1.0
190 silly packumentCache full:https://registry.npmjs.org/has-symbols cache-miss
191 http fetch GET 200 https://registry.npmjs.org/gopd 27ms (cache revalidated)
192 silly packumentCache full:https://registry.npmjs.org/gopd set size:11458 disposed:false
193 silly fetch manifest math-intrinsics@^1.1.0
194 silly packumentCache full:https://registry.npmjs.org/math-intrinsics cache-miss
195 http fetch GET 200 https://registry.npmjs.org/has-symbols 27ms (cache revalidated)
196 silly packumentCache full:https://registry.npmjs.org/has-symbols set size:21550 disposed:false
197 silly fetch manifest has-symbols@^1.0.3
198 silly packumentCache full:https://registry.npmjs.org/has-symbols cache-hit
199 http fetch GET 200 https://registry.npmjs.org/math-intrinsics 25ms (cache revalidated)
200 silly packumentCache full:https://registry.npmjs.org/math-intrinsics set size:9265 disposed:false
201 silly placeDep ROOT call-bind-apply-helpers@1.0.2 OK for: get-intrinsic@1.3.0 want: ^1.0.2
202 silly placeDep ROOT es-define-property@1.0.1 OK for: get-intrinsic@1.3.0 want: ^1.0.1
203 silly placeDep ROOT es-object-atoms@1.1.1 OK for: get-intrinsic@1.3.0 want: ^1.1.1
204 silly placeDep ROOT function-bind@1.1.2 OK for: get-intrinsic@1.3.0 want: ^1.1.2
205 silly placeDep ROOT get-proto@1.0.1 OK for: get-intrinsic@1.3.0 want: ^1.0.1
206 silly placeDep ROOT gopd@1.2.0 OK for: get-intrinsic@1.3.0 want: ^1.2.0
207 silly placeDep ROOT has-symbols@1.1.0 OK for: get-intrinsic@1.3.0 want: ^1.1.0
208 silly placeDep ROOT math-intrinsics@1.1.0 OK for: get-intrinsic@1.3.0 want: ^1.1.0
209 silly fetch manifest dunder-proto@^1.0.1
210 silly packumentCache full:https://registry.npmjs.org/dunder-proto cache-miss
211 http fetch GET 200 https://registry.npmjs.org/dunder-proto 30ms (cache revalidated)
212 silly packumentCache full:https://registry.npmjs.org/dunder-proto set size:8256 disposed:false
213 silly placeDep ROOT dunder-proto@1.0.1 OK for: get-proto@1.0.1 want: ^1.0.1
214 silly placeDep ROOT async@1.5.2 OK for: magic-ui@0.1.0 want: ^1.2.1
215 silly placeDep ROOT lodash@3.10.1 OK for: magic-ui@0.1.0 want: ^3.9.3
216 silly placeDep ROOT log4js@0.6.38 OK for: magic-ui@0.1.0 want: ^0.6.25
217 silly placeDep ROOT odbc@1.4.10 OK for: magic-ui@0.1.0 want: ^1.1.6
218 silly placeDep ROOT odbc-pool@0.0.5 OK for: magic-ui@0.1.0 want: 0.0.5
219 silly placeDep ROOT restify@3.0.3 OK for: magic-ui@0.1.0 want: ^3.0.3
220 silly fetch manifest readable-stream@~1.0.2
221 silly packumentCache full:https://registry.npmjs.org/readable-stream cache-miss
222 silly fetch manifest semver@~4.3.3
223 silly packumentCache full:https://registry.npmjs.org/semver cache-miss
224 http fetch GET 200 https://registry.npmjs.org/readable-stream 25ms (cache revalidated)
225 silly packumentCache full:https://registry.npmjs.org/readable-stream set size:261096 disposed:false
226 silly fetch manifest nan@^2.14.2
227 silly packumentCache full:https://registry.npmjs.org/nan cache-miss
228 http fetch GET 200 https://registry.npmjs.org/semver 33ms (cache revalidated)
229 silly packumentCache full:https://registry.npmjs.org/semver set size:224186 disposed:false
230 silly fetch manifest bindings@^1.3.0
231 silly packumentCache full:https://registry.npmjs.org/bindings cache-miss
232 http fetch GET 200 https://registry.npmjs.org/bindings 29ms (cache revalidated)
233 silly packumentCache full:https://registry.npmjs.org/bindings set size:31303 disposed:false
234 silly fetch manifest generic-pool@^2.0.4
235 silly packumentCache full:https://registry.npmjs.org/generic-pool cache-miss
236 http fetch GET 200 https://registry.npmjs.org/nan 43ms (cache revalidated)
237 silly packumentCache full:https://registry.npmjs.org/nan set size:223078 disposed:false
238 silly fetch manifest assert-plus@^0.1.5
239 silly packumentCache full:https://registry.npmjs.org/assert-plus cache-miss
240 http fetch GET 200 https://registry.npmjs.org/assert-plus 25ms (cache revalidated)
241 silly packumentCache full:https://registry.npmjs.org/assert-plus set size:16179 disposed:false
242 silly fetch manifest backoff@^2.4.0
243 silly packumentCache full:https://registry.npmjs.org/backoff cache-miss
244 http fetch GET 200 https://registry.npmjs.org/backoff 23ms (cache revalidated)
245 silly packumentCache full:https://registry.npmjs.org/backoff set size:34886 disposed:false
246 silly fetch manifest bunyan@1.3.4
247 silly packumentCache full:https://registry.npmjs.org/bunyan cache-miss
248 http fetch GET 200 https://registry.npmjs.org/generic-pool 632ms (cache revalidated)
249 silly packumentCache full:https://registry.npmjs.org/generic-pool set size:193866 disposed:false
250 silly fetch manifest csv@^0.4.0
251 silly packumentCache full:https://registry.npmjs.org/csv cache-miss
252 http fetch GET 200 https://registry.npmjs.org/csv 39ms (cache revalidated)
253 silly packumentCache full:https://registry.npmjs.org/csv set size:286343 disposed:false
254 silly fetch manifest deep-equal@^1.0.0
255 silly packumentCache full:https://registry.npmjs.org/deep-equal cache-miss
256 http fetch GET 200 https://registry.npmjs.org/deep-equal 32ms (cache revalidated)
257 silly packumentCache full:https://registry.npmjs.org/deep-equal set size:70554 disposed:false
258 silly fetch manifest escape-regexp-component@^1.0.2
259 silly packumentCache full:https://registry.npmjs.org/escape-regexp-component cache-miss
260 http fetch GET 200 https://registry.npmjs.org/bunyan 671ms (cache revalidated)
261 silly packumentCache full:https://registry.npmjs.org/bunyan set size:426767 disposed:false
262 silly fetch manifest formidable@^1.0.14
263 silly packumentCache full:https://registry.npmjs.org/formidable cache-miss
264 http fetch GET 200 https://registry.npmjs.org/formidable 25ms (cache revalidated)
265 silly packumentCache full:https://registry.npmjs.org/formidable set size:237390 disposed:false
266 silly fetch manifest http-signature@^0.10.0
267 silly packumentCache full:https://registry.npmjs.org/http-signature cache-miss
268 http fetch GET 200 https://registry.npmjs.org/http-signature 25ms (cache revalidated)
269 silly packumentCache full:https://registry.npmjs.org/http-signature set size:58629 disposed:false
270 silly fetch manifest keep-alive-agent@^0.0.1
271 silly packumentCache full:https://registry.npmjs.org/keep-alive-agent cache-miss
272 http fetch GET 200 https://registry.npmjs.org/escape-regexp-component 669ms (cache revalidated)
273 silly packumentCache full:https://registry.npmjs.org/escape-regexp-component set size:1723 disposed:false
274 silly fetch manifest lru-cache@^2.5.0
275 silly packumentCache full:https://registry.npmjs.org/lru-cache cache-miss
276 http fetch GET 200 https://registry.npmjs.org/lru-cache 32ms (cache revalidated)
277 silly packumentCache full:https://registry.npmjs.org/lru-cache set size:391063 disposed:false
278 silly fetch manifest mime@^1.2.11
279 silly packumentCache full:https://registry.npmjs.org/mime cache-miss
280 http fetch GET 200 https://registry.npmjs.org/mime 39ms (cache revalidated)
281 silly packumentCache full:https://registry.npmjs.org/mime set size:116750 disposed:false
282 silly fetch manifest negotiator@^0.5.1
283 silly packumentCache full:https://registry.npmjs.org/negotiator cache-miss
284 http fetch GET 200 https://registry.npmjs.org/keep-alive-agent 682ms (cache revalidated)
285 silly packumentCache full:https://registry.npmjs.org/keep-alive-agent set size:5935 disposed:false
286 silly fetch manifest node-uuid@^1.4.1
287 silly packumentCache full:https://registry.npmjs.org/node-uuid cache-miss
288 http fetch GET 200 https://registry.npmjs.org/node-uuid 25ms (cache revalidated)
289 silly packumentCache full:https://registry.npmjs.org/node-uuid set size:23190 disposed:false
290 silly fetch manifest once@^1.3.0
291 silly packumentCache full:https://registry.npmjs.org/once cache-miss
292 http fetch GET 200 https://registry.npmjs.org/negotiator 38ms (cache revalidated)
293 silly packumentCache full:https://registry.npmjs.org/negotiator set size:48046 disposed:false
294 silly fetch manifest qs@^2.4.1
295 silly packumentCache full:https://registry.npmjs.org/qs cache-miss
296 http fetch GET 200 https://registry.npmjs.org/once 29ms (cache revalidated)
297 silly packumentCache full:https://registry.npmjs.org/once set size:11768 disposed:false
298 silly fetch manifest semver@^4.3.3
299 silly packumentCache full:https://registry.npmjs.org/semver cache-hit
300 silly fetch manifest spdy@^1.26.5
301 silly packumentCache full:https://registry.npmjs.org/spdy cache-miss
302 http fetch GET 200 https://registry.npmjs.org/qs 32ms (cache revalidated)
303 silly packumentCache full:https://registry.npmjs.org/qs set size:264677 disposed:false
304 silly fetch manifest tunnel-agent@^0.4.0
305 silly packumentCache full:https://registry.npmjs.org/tunnel-agent cache-miss
306 http fetch GET 200 https://registry.npmjs.org/spdy 31ms (cache revalidated)
307 silly packumentCache full:https://registry.npmjs.org/spdy set size:358688 disposed:false
308 silly fetch manifest verror@^1.4.0
309 silly packumentCache full:https://registry.npmjs.org/verror cache-miss
310 http fetch GET 200 https://registry.npmjs.org/tunnel-agent 33ms (cache revalidated)
311 silly packumentCache full:https://registry.npmjs.org/tunnel-agent set size:12847 disposed:false
312 silly fetch manifest dtrace-provider@^0.4.0
313 silly packumentCache full:https://registry.npmjs.org/dtrace-provider cache-miss
314 http fetch GET 200 https://registry.npmjs.org/verror 26ms (cache revalidated)
315 silly packumentCache full:https://registry.npmjs.org/verror set size:50083 disposed:false
316 http fetch GET 200 https://registry.npmjs.org/dtrace-provider 684ms (cache revalidated)
317 silly packumentCache full:https://registry.npmjs.org/dtrace-provider set size:60178 disposed:false
318 silly placeDep ROOT readable-stream@1.0.34 OK for: log4js@0.6.38 want: ~1.0.2
319 silly placeDep node_modules/log4js semver@4.3.6 OK for: log4js@0.6.38 want: ~4.3.3
320 silly fetch manifest isarray@0.0.1
321 silly packumentCache full:https://registry.npmjs.org/isarray cache-miss
322 silly fetch manifest inherits@~2.0.1
323 silly packumentCache full:https://registry.npmjs.org/inherits cache-miss
324 http fetch GET 200 https://registry.npmjs.org/isarray 30ms (cache revalidated)
325 silly packumentCache full:https://registry.npmjs.org/isarray set size:17392 disposed:false
326 silly fetch manifest core-util-is@~1.0.0
327 silly packumentCache full:https://registry.npmjs.org/core-util-is cache-miss
328 http fetch GET 200 https://registry.npmjs.org/inherits 31ms (cache revalidated)
329 silly packumentCache full:https://registry.npmjs.org/inherits set size:12925 disposed:false
330 silly fetch manifest string_decoder@~0.10.x
331 silly packumentCache full:https://registry.npmjs.org/string_decoder cache-miss
332 http fetch GET 200 https://registry.npmjs.org/core-util-is 56ms (cache revalidated)
333 silly packumentCache full:https://registry.npmjs.org/core-util-is set size:7163 disposed:false
334 http fetch GET 200 https://registry.npmjs.org/string_decoder 54ms (cache revalidated)
335 silly packumentCache full:https://registry.npmjs.org/string_decoder set size:28441 disposed:false
336 silly placeDep ROOT mime-db@1.52.0 OK for: mime-types@2.1.35 want: 1.52.0
337 silly placeDep ROOT bindings@1.5.0 OK for: odbc@1.4.10 want: ^1.3.0
338 silly placeDep ROOT nan@2.22.2 OK for: odbc@1.4.10 want: ^2.14.2
339 silly fetch manifest file-uri-to-path@1.0.0
340 silly packumentCache full:https://registry.npmjs.org/file-uri-to-path cache-miss
341 http fetch GET 200 https://registry.npmjs.org/file-uri-to-path 31ms (cache revalidated)
342 silly packumentCache full:https://registry.npmjs.org/file-uri-to-path set size:10154 disposed:false
343 silly placeDep ROOT file-uri-to-path@1.0.0 OK for: bindings@1.5.0 want: 1.0.0
344 silly placeDep ROOT generic-pool@2.5.4 OK for: odbc-pool@0.0.5 want: ^2.0.4
345 silly placeDep ROOT @react-dnd/invariant@4.0.2 OK for: react-dnd@16.0.1 want: ^4.0.1
346 silly placeDep ROOT @react-dnd/shallowequal@4.0.2 OK for: react-dnd@16.0.1 want: ^4.0.1
347 silly placeDep ROOT dnd-core@16.0.1 OK for: react-dnd@16.0.1 want: ^16.0.1
348 silly placeDep ROOT hoist-non-react-statics@3.3.2 OK for: react-dnd@16.0.1 want: ^3.3.2
349 silly fetch manifest @react-dnd/asap@^5.0.1
350 silly packumentCache full:https://registry.npmjs.org/@react-dnd%2fasap cache-miss
351 silly fetch manifest redux@^4.2.0
352 silly packumentCache full:https://registry.npmjs.org/redux cache-miss
353 http fetch GET 200 https://registry.npmjs.org/redux 37ms (cache revalidated)
354 silly packumentCache full:https://registry.npmjs.org/redux set size:553833 disposed:false
355 silly fetch manifest react-is@^16.7.0
356 silly packumentCache full:https://registry.npmjs.org/react-is cache-miss
357 http fetch GET 200 https://registry.npmjs.org/@react-dnd%2fasap 48ms (cache revalidated)
358 silly packumentCache full:https://registry.npmjs.org/@react-dnd%2fasap set size:16320 disposed:false
359 http fetch GET 200 https://registry.npmjs.org/react-is 38ms (cache revalidated)
360 silly packumentCache full:https://registry.npmjs.org/react-is set size:4740202 disposed:false
361 silly placeDep ROOT @react-dnd/asap@5.0.2 OK for: dnd-core@16.0.1 want: ^5.0.1
362 silly placeDep ROOT redux@4.2.1 OK for: dnd-core@16.0.1 want: ^4.2.0
363 silly fetch manifest @babel/runtime@^7.9.2
364 silly packumentCache full:https://registry.npmjs.org/@babel%2fruntime cache-miss
365 http fetch GET 200 https://registry.npmjs.org/@babel%2fruntime 48ms (cache revalidated)
366 silly packumentCache full:https://registry.npmjs.org/@babel%2fruntime set size:3104781 disposed:false
367 silly placeDep ROOT react-is@16.13.1 OK for: hoist-non-react-statics@3.3.2 want: ^16.7.0
368 silly fetch manifest react@>=16.8
369 silly packumentCache full:https://registry.npmjs.org/react cache-miss
370 http cache https://registry.npmjs.org/react 34ms (cache hit)
371 silly packumentCache full:https://registry.npmjs.org/react set size:5829097 disposed:false
372 silly placeDep ROOT @remix-run/router@1.23.0 OK for: react-router-dom@6.30.1 want: 1.23.0
373 silly placeDep ROOT react-router@6.30.1 OK for: react-router-dom@6.30.1 want: 6.30.1
374 silly placeDep ROOT core-util-is@1.0.3 OK for: readable-stream@1.0.34 want: ~1.0.0
375 silly placeDep ROOT inherits@2.0.4 OK for: readable-stream@1.0.34 want: ~2.0.1
376 silly placeDep ROOT isarray@0.0.1 OK for: readable-stream@1.0.34 want: 0.0.1
377 silly placeDep ROOT string_decoder@0.10.31 OK for: readable-stream@1.0.34 want: ~0.10.x
378 silly placeDep ROOT @babel/runtime@7.27.6 OK for: redux@4.2.1 want: ^7.9.2
379 silly placeDep ROOT assert-plus@0.1.5 OK for: restify@3.0.3 want: ^0.1.5
380 silly placeDep ROOT backoff@2.5.0 OK for: restify@3.0.3 want: ^2.4.0
381 silly placeDep ROOT bunyan@1.3.4 OK for: restify@3.0.3 want: 1.3.4
382 silly placeDep ROOT csv@0.4.6 OK for: restify@3.0.3 want: ^0.4.0
383 silly placeDep ROOT deep-equal@1.1.2 OK for: restify@3.0.3 want: ^1.0.0
384 silly placeDep ROOT dtrace-provider@0.4.0 OK for: restify@3.0.3 want: ^0.4.0
385 silly placeDep ROOT escape-regexp-component@1.0.2 OK for: restify@3.0.3 want: ^1.0.2
386 silly placeDep ROOT formidable@1.2.6 OK for: restify@3.0.3 want: ^1.0.14
387 silly placeDep ROOT http-signature@0.10.1 OK for: restify@3.0.3 want: ^0.10.0
388 silly placeDep ROOT keep-alive-agent@0.0.1 OK for: restify@3.0.3 want: ^0.0.1
389 silly placeDep node_modules/restify lru-cache@2.7.3 OK for: restify@3.0.3 want: ^2.5.0
390 silly placeDep ROOT mime@1.6.0 OK for: restify@3.0.3 want: ^1.2.11
391 silly placeDep ROOT negotiator@0.5.3 OK for: restify@3.0.3 want: ^0.5.1
392 silly placeDep ROOT node-uuid@1.4.8 OK for: restify@3.0.3 want: ^1.4.1
393 silly placeDep ROOT once@1.4.0 OK for: restify@3.0.3 want: ^1.3.0
394 silly placeDep ROOT qs@2.4.2 OK for: restify@3.0.3 want: ^2.4.1
395 silly placeDep node_modules/restify semver@4.3.6 OK for: restify@3.0.3 want: ^4.3.3
396 silly placeDep ROOT spdy@1.32.5 OK for: restify@3.0.3 want: ^1.26.5
397 silly placeDep ROOT tunnel-agent@0.4.3 OK for: restify@3.0.3 want: ^0.4.0
398 silly placeDep ROOT verror@1.10.1 OK for: restify@3.0.3 want: ^1.4.0
399 silly fetch manifest precond@0.2
400 silly packumentCache full:https://registry.npmjs.org/precond cache-miss
401 silly fetch manifest mv@~2
402 silly packumentCache full:https://registry.npmjs.org/mv cache-miss
403 http fetch GET 200 https://registry.npmjs.org/mv 29ms (cache revalidated)
404 silly packumentCache full:https://registry.npmjs.org/mv set size:16467 disposed:false
405 silly fetch manifest dtrace-provider@~0.4
406 silly packumentCache full:https://registry.npmjs.org/dtrace-provider cache-hit
407 silly fetch manifest safe-json-stringify@~1
408 silly packumentCache full:https://registry.npmjs.org/safe-json-stringify cache-miss
409 http fetch GET 200 https://registry.npmjs.org/precond 31ms (cache revalidated)
410 silly packumentCache full:https://registry.npmjs.org/precond set size:13943 disposed:false
411 silly fetch manifest csv-parse@^1.0.0
412 silly packumentCache full:https://registry.npmjs.org/csv-parse cache-miss
413 http fetch GET 200 https://registry.npmjs.org/csv-parse 30ms (cache revalidated)
414 silly packumentCache full:https://registry.npmjs.org/csv-parse set size:560420 disposed:false
415 silly fetch manifest csv-generate@^0.0.6
416 silly packumentCache full:https://registry.npmjs.org/csv-generate cache-miss
417 http fetch GET 200 https://registry.npmjs.org/csv-generate 27ms (cache revalidated)
418 silly packumentCache full:https://registry.npmjs.org/csv-generate set size:148349 disposed:false
419 silly fetch manifest csv-stringify@^0.0.8
420 silly packumentCache full:https://registry.npmjs.org/csv-stringify cache-miss
421 http fetch GET 200 https://registry.npmjs.org/safe-json-stringify 641ms (cache revalidated)
422 silly packumentCache full:https://registry.npmjs.org/safe-json-stringify set size:17058 disposed:false
423 silly fetch manifest stream-transform@^0.1.0
424 silly packumentCache full:https://registry.npmjs.org/stream-transform cache-miss
425 http fetch GET 200 https://registry.npmjs.org/stream-transform 24ms (cache revalidated)
426 silly packumentCache full:https://registry.npmjs.org/stream-transform set size:151319 disposed:false
427 silly fetch manifest is-arguments@^1.1.1
428 silly packumentCache full:https://registry.npmjs.org/is-arguments cache-miss
429 http fetch GET 200 https://registry.npmjs.org/is-arguments 22ms (cache revalidated)
430 silly packumentCache full:https://registry.npmjs.org/is-arguments set size:27083 disposed:false
431 silly fetch manifest is-date-object@^1.0.5
432 silly packumentCache full:https://registry.npmjs.org/is-date-object cache-miss
433 http fetch GET 200 https://registry.npmjs.org/csv-stringify 644ms (cache revalidated)
434 silly packumentCache full:https://registry.npmjs.org/csv-stringify set size:264044 disposed:false
435 silly fetch manifest is-regex@^1.1.4
436 silly packumentCache full:https://registry.npmjs.org/is-regex cache-miss
437 http fetch GET 200 https://registry.npmjs.org/is-date-object 27ms (cache revalidated)
438 silly packumentCache full:https://registry.npmjs.org/is-date-object set size:25050 disposed:false
439 silly fetch manifest object-is@^1.1.5
440 silly packumentCache full:https://registry.npmjs.org/object-is cache-miss
441 http fetch GET 200 https://registry.npmjs.org/is-regex 27ms (cache revalidated)
442 silly packumentCache full:https://registry.npmjs.org/is-regex set size:42924 disposed:false
443 silly fetch manifest object-keys@^1.1.1
444 silly packumentCache full:https://registry.npmjs.org/object-keys cache-miss
445 http fetch GET 200 https://registry.npmjs.org/object-is 24ms (cache revalidated)
446 silly packumentCache full:https://registry.npmjs.org/object-is set size:36782 disposed:false
447 silly fetch manifest regexp.prototype.flags@^1.5.1
448 silly packumentCache full:https://registry.npmjs.org/regexp.prototype.flags cache-miss
449 http fetch GET 200 https://registry.npmjs.org/regexp.prototype.flags 29ms (cache revalidated)
450 silly packumentCache full:https://registry.npmjs.org/regexp.prototype.flags set size:60621 disposed:false
451 silly fetch manifest nan@~1.5.1
452 silly packumentCache full:https://registry.npmjs.org/nan cache-hit
453 silly fetch manifest asn1@0.1.11
454 silly packumentCache full:https://registry.npmjs.org/asn1 cache-miss
455 http fetch GET 200 https://registry.npmjs.org/object-keys 34ms (cache revalidated)
456 silly packumentCache full:https://registry.npmjs.org/object-keys set size:67744 disposed:false
457 silly fetch manifest ctype@0.5.3
458 silly packumentCache full:https://registry.npmjs.org/ctype cache-miss
459 http fetch GET 200 https://registry.npmjs.org/asn1 29ms (cache revalidated)
460 silly packumentCache full:https://registry.npmjs.org/asn1 set size:29932 disposed:false
461 silly fetch manifest wrappy@1
462 silly packumentCache full:https://registry.npmjs.org/wrappy cache-miss
463 http fetch GET 200 https://registry.npmjs.org/ctype 36ms (cache revalidated)
464 silly packumentCache full:https://registry.npmjs.org/ctype set size:18910 disposed:false
465 silly fetch manifest extsprintf@^1.2.0
466 silly packumentCache full:https://registry.npmjs.org/extsprintf cache-miss
467 http fetch GET 200 https://registry.npmjs.org/wrappy 25ms (cache revalidated)
468 silly packumentCache full:https://registry.npmjs.org/wrappy set size:7682 disposed:false
469 silly fetch manifest assert-plus@^1.0.0
470 silly packumentCache full:https://registry.npmjs.org/assert-plus cache-hit
471 silly fetch manifest core-util-is@1.0.2
472 silly packumentCache full:https://registry.npmjs.org/core-util-is cache-hit
473 http fetch GET 200 https://registry.npmjs.org/extsprintf 44ms (cache revalidated)
474 silly packumentCache full:https://registry.npmjs.org/extsprintf set size:16132 disposed:false
475 silly placeDep ROOT precond@0.2.3 OK for: backoff@2.5.0 want: 0.2
476 silly placeDep ROOT mv@2.1.1 OK for: bunyan@1.3.4 want: ~2
477 silly placeDep ROOT safe-json-stringify@1.2.0 OK for: bunyan@1.3.4 want: ~1
478 silly fetch manifest mkdirp@~0.5.1
479 silly packumentCache full:https://registry.npmjs.org/mkdirp cache-miss
480 silly fetch manifest ncp@~2.0.0
481 silly packumentCache full:https://registry.npmjs.org/ncp cache-miss
482 http fetch GET 200 https://registry.npmjs.org/mkdirp 25ms (cache revalidated)
483 silly packumentCache full:https://registry.npmjs.org/mkdirp set size:116455 disposed:false
484 silly fetch manifest rimraf@~2.4.0
485 silly packumentCache full:https://registry.npmjs.org/rimraf cache-miss
486 http fetch GET 200 https://registry.npmjs.org/ncp 636ms (cache revalidated)
487 silly packumentCache full:https://registry.npmjs.org/ncp set size:33953 disposed:false
488 http fetch GET 200 https://registry.npmjs.org/rimraf 626ms (cache revalidated)
489 silly packumentCache full:https://registry.npmjs.org/rimraf set size:191565 disposed:false
490 silly placeDep ROOT csv-generate@0.0.6 OK for: csv@0.4.6 want: ^0.0.6
491 silly placeDep ROOT csv-parse@1.3.3 OK for: csv@0.4.6 want: ^1.0.0
492 silly placeDep ROOT csv-stringify@0.0.8 OK for: csv@0.4.6 want: ^0.0.8
493 silly placeDep ROOT stream-transform@0.1.2 OK for: csv@0.4.6 want: ^0.1.0
494 silly placeDep ROOT is-arguments@1.2.0 OK for: deep-equal@1.1.2 want: ^1.1.1
495 silly placeDep ROOT is-date-object@1.1.0 OK for: deep-equal@1.1.2 want: ^1.0.5
496 silly placeDep ROOT is-regex@1.2.1 OK for: deep-equal@1.1.2 want: ^1.1.4
497 silly placeDep ROOT object-is@1.1.6 OK for: deep-equal@1.1.2 want: ^1.1.5
498 silly placeDep ROOT object-keys@1.1.1 OK for: deep-equal@1.1.2 want: ^1.1.1
499 silly placeDep ROOT regexp.prototype.flags@1.5.4 OK for: deep-equal@1.1.2 want: ^1.5.1
500 silly fetch manifest call-bound@^1.0.2
501 silly packumentCache full:https://registry.npmjs.org/call-bound cache-miss
502 silly fetch manifest call-bound@^1.0.2
503 silly packumentCache full:https://registry.npmjs.org/call-bound cache-miss
504 http fetch GET 200 https://registry.npmjs.org/call-bound 33ms (cache revalidated)
505 silly packumentCache full:https://registry.npmjs.org/call-bound set size:15317 disposed:false
506 silly fetch manifest call-bind@^1.0.7
507 silly packumentCache full:https://registry.npmjs.org/call-bind cache-miss
508 http fetch GET 200 https://registry.npmjs.org/call-bound 35ms (cache revalidated)
509 silly packumentCache full:https://registry.npmjs.org/call-bound set size:15317 disposed:false
510 silly packumentCache full:https://registry.npmjs.org/call-bound dispose
511 silly fetch manifest define-properties@^1.2.1
512 silly packumentCache full:https://registry.npmjs.org/define-properties cache-miss
513 http fetch GET 200 https://registry.npmjs.org/define-properties 27ms (cache revalidated)
514 silly packumentCache full:https://registry.npmjs.org/define-properties set size:31491 disposed:false
515 silly fetch manifest call-bind@^1.0.8
516 silly packumentCache full:https://registry.npmjs.org/call-bind cache-miss
517 http fetch GET 200 https://registry.npmjs.org/call-bind 39ms (cache revalidated)
518 silly packumentCache full:https://registry.npmjs.org/call-bind set size:30096 disposed:false
519 silly fetch manifest set-function-name@^2.0.2
520 silly packumentCache full:https://registry.npmjs.org/set-function-name cache-miss
521 http fetch GET 200 https://registry.npmjs.org/call-bind 24ms (cache revalidated)
522 silly packumentCache full:https://registry.npmjs.org/call-bind set size:30096 disposed:false
523 silly packumentCache full:https://registry.npmjs.org/call-bind dispose
524 http fetch GET 200 https://registry.npmjs.org/set-function-name 30ms (cache revalidated)
525 silly packumentCache full:https://registry.npmjs.org/set-function-name set size:13766 disposed:false
526 silly placeDep node_modules/dtrace-provider nan@1.5.3 OK for: dtrace-provider@0.4.0 want: ~1.5.1
527 silly placeDep ROOT asn1@0.1.11 OK for: http-signature@0.10.1 want: 0.1.11
528 silly placeDep ROOT ctype@0.5.3 OK for: http-signature@0.10.1 want: 0.5.3
529 silly placeDep ROOT call-bound@1.0.4 OK for: is-arguments@1.2.0 want: ^1.0.2
530 silly placeDep ROOT mkdirp@0.5.6 OK for: mv@2.1.1 want: ~0.5.1
531 silly placeDep ROOT ncp@2.0.0 OK for: mv@2.1.1 want: ~2.0.0
532 silly placeDep ROOT rimraf@2.4.5 OK for: mv@2.1.1 want: ~2.4.0
533 silly fetch manifest minimist@^1.2.6
534 silly packumentCache full:https://registry.npmjs.org/minimist cache-miss
535 silly fetch manifest glob@^6.0.1
536 silly packumentCache full:https://registry.npmjs.org/glob cache-miss
537 http fetch GET 200 https://registry.npmjs.org/minimist 25ms (cache revalidated)
538 silly packumentCache full:https://registry.npmjs.org/minimist set size:77097 disposed:false
539 http fetch GET 200 https://registry.npmjs.org/glob 32ms (cache revalidated)
540 silly packumentCache full:https://registry.npmjs.org/glob set size:408718 disposed:false
541 silly placeDep ROOT minimist@1.2.8 OK for: mkdirp@0.5.6 want: ^1.2.6
542 silly placeDep ROOT call-bind@1.0.8 OK for: object-is@1.1.6 want: ^1.0.7
543 silly placeDep ROOT define-properties@1.2.1 OK for: object-is@1.1.6 want: ^1.2.1
544 silly fetch manifest set-function-length@^1.2.2
545 silly packumentCache full:https://registry.npmjs.org/set-function-length cache-miss
546 silly fetch manifest define-data-property@^1.0.1
547 silly packumentCache full:https://registry.npmjs.org/define-data-property cache-miss
548 http fetch GET 200 https://registry.npmjs.org/define-data-property 23ms (cache revalidated)
549 silly packumentCache full:https://registry.npmjs.org/define-data-property set size:28048 disposed:false
550 silly fetch manifest has-property-descriptors@^1.0.0
551 silly packumentCache full:https://registry.npmjs.org/has-property-descriptors cache-miss
552 http fetch GET 200 https://registry.npmjs.org/set-function-length 27ms (cache revalidated)
553 silly packumentCache full:https://registry.npmjs.org/set-function-length set size:24261 disposed:false
554 http fetch GET 200 https://registry.npmjs.org/has-property-descriptors 24ms (cache revalidated)
555 silly packumentCache full:https://registry.npmjs.org/has-property-descriptors set size:12452 disposed:false
556 silly placeDep ROOT set-function-length@1.2.2 OK for: call-bind@1.0.8 want: ^1.2.2
557 silly fetch manifest define-data-property@^1.1.4
558 silly packumentCache full:https://registry.npmjs.org/define-data-property cache-hit
559 silly fetch manifest has-property-descriptors@^1.0.2
560 silly packumentCache full:https://registry.npmjs.org/has-property-descriptors cache-hit
561 silly placeDep ROOT define-data-property@1.1.4 OK for: define-properties@1.2.1 want: ^1.0.1
562 silly placeDep ROOT has-property-descriptors@1.0.2 OK for: define-properties@1.2.1 want: ^1.0.0
563 silly placeDep ROOT wrappy@1.0.2 OK for: once@1.4.0 want: 1
564 silly placeDep ROOT set-function-name@2.0.2 OK for: regexp.prototype.flags@1.5.4 want: ^2.0.2
565 silly fetch manifest functions-have-names@^1.2.3
566 silly packumentCache full:https://registry.npmjs.org/functions-have-names cache-miss
567 http fetch GET 200 https://registry.npmjs.org/functions-have-names 28ms (cache revalidated)
568 silly packumentCache full:https://registry.npmjs.org/functions-have-names set size:24196 disposed:false
569 silly placeDep ROOT glob@6.0.4 OK for: rimraf@2.4.5 want: ^6.0.1
570 silly fetch manifest inflight@^1.0.4
571 silly packumentCache full:https://registry.npmjs.org/inflight cache-miss
572 silly fetch manifest path-is-absolute@^1.0.0
573 silly packumentCache full:https://registry.npmjs.org/path-is-absolute cache-miss
574 http fetch GET 200 https://registry.npmjs.org/inflight 28ms (cache revalidated)
575 silly packumentCache full:https://registry.npmjs.org/inflight set size:13140 disposed:false
576 http fetch GET 200 https://registry.npmjs.org/path-is-absolute 30ms (cache revalidated)
577 silly packumentCache full:https://registry.npmjs.org/path-is-absolute set size:8253 disposed:false
578 silly placeDep ROOT inflight@1.0.6 OK for: glob@6.0.4 want: ^1.0.4
579 silly placeDep ROOT path-is-absolute@1.0.1 OK for: glob@6.0.4 want: ^1.0.0
580 silly placeDep ROOT functions-have-names@1.2.3 OK for: set-function-name@2.0.2 want: ^1.2.3
581 silly placeDep node_modules/verror assert-plus@1.0.0 OK for: verror@1.10.1 want: ^1.0.0
582 silly placeDep node_modules/verror core-util-is@1.0.2 OK for: verror@1.10.1 want: 1.0.2
583 silly placeDep ROOT extsprintf@1.4.1 OK for: verror@1.10.1 want: ^1.2.0
584 silly reify moves {}
585 silly audit bulk request {
585 silly audit   '@ampproject/remapping': [ '2.3.0' ],
585 silly audit   '@babel/code-frame': [ '7.27.1' ],
585 silly audit   '@babel/compat-data': [ '7.28.0' ],
585 silly audit   '@babel/core': [ '7.28.0' ],
585 silly audit   '@babel/generator': [ '7.28.0' ],
585 silly audit   '@babel/helper-compilation-targets': [ '7.27.2' ],
585 silly audit   '@babel/helper-globals': [ '7.28.0' ],
585 silly audit   '@babel/helper-module-imports': [ '7.27.1' ],
585 silly audit   '@babel/helper-module-transforms': [ '7.27.3' ],
585 silly audit   '@babel/helper-plugin-utils': [ '7.27.1' ],
585 silly audit   '@babel/helper-string-parser': [ '7.27.1' ],
585 silly audit   '@babel/helper-validator-identifier': [ '7.27.1' ],
585 silly audit   '@babel/helper-validator-option': [ '7.27.1' ],
585 silly audit   '@babel/helpers': [ '7.27.6' ],
585 silly audit   '@babel/parser': [ '7.28.0' ],
585 silly audit   '@babel/plugin-transform-react-jsx-self': [ '7.27.1' ],
585 silly audit   '@babel/plugin-transform-react-jsx-source': [ '7.27.1' ],
585 silly audit   '@babel/template': [ '7.27.2' ],
585 silly audit   '@babel/traverse': [ '7.28.0' ],
585 silly audit   '@babel/types': [ '7.28.0' ],
585 silly audit   '@esbuild/aix-ppc64': [ '0.25.5' ],
585 silly audit   '@esbuild/android-arm': [ '0.25.5' ],
585 silly audit   '@esbuild/android-arm64': [ '0.25.5' ],
585 silly audit   '@esbuild/android-x64': [ '0.25.5' ],
585 silly audit   '@esbuild/darwin-arm64': [ '0.25.5' ],
585 silly audit   '@esbuild/darwin-x64': [ '0.25.5' ],
585 silly audit   '@esbuild/freebsd-arm64': [ '0.25.5' ],
585 silly audit   '@esbuild/freebsd-x64': [ '0.25.5' ],
585 silly audit   '@esbuild/linux-arm': [ '0.25.5' ],
585 silly audit   '@esbuild/linux-arm64': [ '0.25.5' ],
585 silly audit   '@esbuild/linux-ia32': [ '0.25.5' ],
585 silly audit   '@esbuild/linux-loong64': [ '0.25.5' ],
585 silly audit   '@esbuild/linux-mips64el': [ '0.25.5' ],
585 silly audit   '@esbuild/linux-ppc64': [ '0.25.5' ],
585 silly audit   '@esbuild/linux-riscv64': [ '0.25.5' ],
585 silly audit   '@esbuild/linux-s390x': [ '0.25.5' ],
585 silly audit   '@esbuild/linux-x64': [ '0.25.5' ],
585 silly audit   '@esbuild/netbsd-arm64': [ '0.25.5' ],
585 silly audit   '@esbuild/netbsd-x64': [ '0.25.5' ],
585 silly audit   '@esbuild/openbsd-arm64': [ '0.25.5' ],
585 silly audit   '@esbuild/openbsd-x64': [ '0.25.5' ],
585 silly audit   '@esbuild/sunos-x64': [ '0.25.5' ],
585 silly audit   '@esbuild/win32-arm64': [ '0.25.5' ],
585 silly audit   '@esbuild/win32-ia32': [ '0.25.5' ],
585 silly audit   '@esbuild/win32-x64': [ '0.25.5' ],
585 silly audit   '@eslint-community/eslint-utils': [ '4.7.0' ],
585 silly audit   'eslint-visitor-keys': [ '3.4.3', '4.2.1' ],
585 silly audit   '@eslint-community/regexpp': [ '4.12.1' ],
585 silly audit   '@eslint/config-array': [ '0.21.0' ],
585 silly audit   '@eslint/config-helpers': [ '0.3.0' ],
585 silly audit   '@eslint/core': [ '0.14.0', '0.15.1' ],
585 silly audit   '@eslint/eslintrc': [ '3.3.1' ],
585 silly audit   globals: [ '14.0.0', '16.3.0' ],
585 silly audit   '@eslint/js': [ '9.30.1' ],
585 silly audit   '@eslint/object-schema': [ '2.1.6' ],
585 silly audit   '@eslint/plugin-kit': [ '0.3.3' ],
585 silly audit   '@humanfs/core': [ '0.19.1' ],
585 silly audit   '@humanfs/node': [ '0.16.6' ],
585 silly audit   '@humanwhocodes/retry': [ '0.3.1', '0.4.3' ],
585 silly audit   '@humanwhocodes/module-importer': [ '1.0.1' ],
585 silly audit   '@jridgewell/gen-mapping': [ '0.3.12' ],
585 silly audit   '@jridgewell/resolve-uri': [ '3.1.2' ],
585 silly audit   '@jridgewell/sourcemap-codec': [ '1.5.4' ],
585 silly audit   '@jridgewell/trace-mapping': [ '0.3.29' ],
585 silly audit   '@rolldown/pluginutils': [ '1.0.0-beta.19' ],
585 silly audit   '@rollup/rollup-android-arm-eabi': [ '4.44.2' ],
585 silly audit   '@rollup/rollup-android-arm64': [ '4.44.2' ],
585 silly audit   '@rollup/rollup-darwin-arm64': [ '4.44.2' ],
585 silly audit   '@rollup/rollup-darwin-x64': [ '4.44.2' ],
585 silly audit   '@rollup/rollup-freebsd-arm64': [ '4.44.2' ],
585 silly audit   '@rollup/rollup-freebsd-x64': [ '4.44.2' ],
585 silly audit   '@rollup/rollup-linux-arm-gnueabihf': [ '4.44.2' ],
585 silly audit   '@rollup/rollup-linux-arm-musleabihf': [ '4.44.2' ],
585 silly audit   '@rollup/rollup-linux-arm64-gnu': [ '4.44.2' ],
585 silly audit   '@rollup/rollup-linux-arm64-musl': [ '4.44.2' ],
585 silly audit   '@rollup/rollup-linux-loongarch64-gnu': [ '4.44.2' ],
585 silly audit   '@rollup/rollup-linux-powerpc64le-gnu': [ '4.44.2' ],
585 silly audit   '@rollup/rollup-linux-riscv64-gnu': [ '4.44.2' ],
585 silly audit   '@rollup/rollup-linux-riscv64-musl': [ '4.44.2' ],
585 silly audit   '@rollup/rollup-linux-s390x-gnu': [ '4.44.2' ],
585 silly audit   '@rollup/rollup-linux-x64-gnu': [ '4.44.2' ],
585 silly audit   '@rollup/rollup-linux-x64-musl': [ '4.44.2' ],
585 silly audit   '@rollup/rollup-win32-arm64-msvc': [ '4.44.2' ],
585 silly audit   '@rollup/rollup-win32-ia32-msvc': [ '4.44.2' ],
585 silly audit   '@rollup/rollup-win32-x64-msvc': [ '4.44.2' ],
585 silly audit   '@types/babel__core': [ '7.20.5' ],
585 silly audit   '@types/babel__generator': [ '7.27.0' ],
585 silly audit   '@types/babel__template': [ '7.4.4' ],
585 silly audit   '@types/babel__traverse': [ '7.20.7' ],
585 silly audit   '@types/estree': [ '1.0.8' ],
585 silly audit   '@types/json-schema': [ '7.0.15' ],
585 silly audit   '@types/react': [ '19.1.8' ],
585 silly audit   '@types/react-dom': [ '19.1.6' ],
585 silly audit   '@vitejs/plugin-react': [ '4.6.0' ],
585 silly audit   acorn: [ '8.15.0' ],
585 silly audit   'acorn-jsx': [ '5.3.2' ],
585 silly audit   ajv: [ '6.12.6' ],
585 silly audit   'ansi-styles': [ '4.3.0' ],
585 silly audit   argparse: [ '2.0.1' ],
585 silly audit   'balanced-match': [ '1.0.2' ],
585 silly audit   'brace-expansion': [ '1.1.12' ],
585 silly audit   browserslist: [ '4.25.1' ],
585 silly audit   callsites: [ '3.1.0' ],
585 silly audit   'caniuse-lite': [ '1.0.30001726' ],
585 silly audit   chalk: [ '4.1.2' ],
585 silly audit   'color-convert': [ '2.0.1' ],
585 silly audit   'color-name': [ '1.1.4' ],
585 silly audit   'concat-map': [ '0.0.1' ],
585 silly audit   'convert-source-map': [ '2.0.0' ],
585 silly audit   'cross-spawn': [ '7.0.6' ],
585 silly audit   csstype: [ '3.1.3' ],
585 silly audit   debug: [ '4.4.1' ],
585 silly audit   'deep-is': [ '0.1.4' ],
585 silly audit   'electron-to-chromium': [ '1.5.179' ],
585 silly audit   esbuild: [ '0.25.5' ],
585 silly audit   escalade: [ '3.2.0' ],
585 silly audit   'escape-string-regexp': [ '4.0.0' ],
585 silly audit   eslint: [ '9.30.1' ],
585 silly audit   'eslint-plugin-react-hooks': [ '5.2.0' ],
585 silly audit   'eslint-plugin-react-refresh': [ '0.4.20' ],
585 silly audit   'eslint-scope': [ '8.4.0' ],
585 silly audit   espree: [ '10.4.0' ],
585 silly audit   esquery: [ '1.6.0' ],
585 silly audit   esrecurse: [ '4.3.0' ],
585 silly audit   estraverse: [ '5.3.0' ],
585 silly audit   esutils: [ '2.0.3' ],
585 silly audit   'fast-deep-equal': [ '3.1.3' ],
585 silly audit   'fast-json-stable-stringify': [ '2.1.0' ],
585 silly audit   'fast-levenshtein': [ '2.0.6' ],
585 silly audit   fdir: [ '6.4.6' ],
585 silly audit   'file-entry-cache': [ '8.0.0' ],
585 silly audit   'find-up': [ '5.0.0' ],
585 silly audit   'flat-cache': [ '4.0.1' ],
585 silly audit   flatted: [ '3.3.3' ],
585 silly audit   fsevents: [ '2.3.3' ],
585 silly audit   gensync: [ '1.0.0-beta.2' ],
585 silly audit   'glob-parent': [ '6.0.2' ],
585 silly audit   'has-flag': [ '4.0.0' ],
585 silly audit   ignore: [ '5.3.2' ],
585 silly audit   'import-fresh': [ '3.3.1' ],
585 silly audit   imurmurhash: [ '0.1.4' ],
585 silly audit   'is-extglob': [ '2.1.1' ],
585 silly audit   'is-glob': [ '4.0.3' ],
585 silly audit   isexe: [ '2.0.0' ],
585 silly audit   'js-tokens': [ '4.0.0' ],
585 silly audit   'js-yaml': [ '4.1.0' ],
585 silly audit   jsesc: [ '3.1.0' ],
585 silly audit   'json-buffer': [ '3.0.1' ],
585 silly audit   'json-schema-traverse': [ '0.4.1' ],
585 silly audit   'json-stable-stringify-without-jsonify': [ '1.0.1' ],
585 silly audit   json5: [ '2.2.3' ],
585 silly audit   keyv: [ '4.5.4' ],
585 silly audit   levn: [ '0.4.1' ],
585 silly audit   'locate-path': [ '6.0.0' ],
585 silly audit   'lodash.merge': [ '4.6.2' ],
585 silly audit   'lru-cache': [ '5.1.1', '2.7.3' ],
585 silly audit   minimatch: [ '3.1.2' ],
585 silly audit   ms: [ '2.1.3' ],
585 silly audit   nanoid: [ '3.3.11' ],
585 silly audit   'natural-compare': [ '1.4.0' ],
585 silly audit   'node-releases': [ '2.0.19' ],
585 silly audit   optionator: [ '0.9.4' ],
585 silly audit   'p-limit': [ '3.1.0' ],
585 silly audit   'p-locate': [ '5.0.0' ],
585 silly audit   'parent-module': [ '1.0.1' ],
585 silly audit   'path-exists': [ '4.0.0' ],
585 silly audit   'path-key': [ '3.1.1' ],
585 silly audit   picocolors: [ '1.1.1' ],
585 silly audit   picomatch: [ '4.0.2' ],
585 silly audit   postcss: [ '8.5.6' ],
585 silly audit   'prelude-ls': [ '1.2.1' ],
585 silly audit   punycode: [ '2.3.1' ],
585 silly audit   react: [ '19.1.0' ],
585 silly audit   'react-dom': [ '19.1.0' ],
585 silly audit   'react-refresh': [ '0.17.0' ],
585 silly audit   'resolve-from': [ '4.0.0' ],
585 silly audit   rollup: [ '4.44.2' ],
585 silly audit   scheduler: [ '0.26.0' ],
585 silly audit   semver: [ '6.3.1', '4.3.6' ],
585 silly audit   'shebang-command': [ '2.0.0' ],
585 silly audit   'shebang-regex': [ '3.0.0' ],
585 silly audit   'source-map-js': [ '1.2.1' ],
585 silly audit   'strip-json-comments': [ '3.1.1' ],
585 silly audit   'supports-color': [ '7.2.0' ],
585 silly audit   tinyglobby: [ '0.2.14' ],
585 silly audit   'type-check': [ '0.4.0' ],
585 silly audit   'update-browserslist-db': [ '1.1.3' ],
585 silly audit   'uri-js': [ '4.4.1' ],
585 silly audit   vite: [ '7.0.2' ],
585 silly audit   which: [ '2.0.2' ],
585 silly audit   'word-wrap': [ '1.2.5' ],
585 silly audit   yallist: [ '3.1.1' ],
585 silly audit   'yocto-queue': [ '0.1.0' ],
585 silly audit   axios: [ '1.10.0' ],
585 silly audit   'magic-ui': [ '0.1.0' ],
585 silly audit   'react-dnd': [ '16.0.1' ],
585 silly audit   'react-router-dom': [ '6.30.1' ],
585 silly audit   'follow-redirects': [ '1.15.9' ],
585 silly audit   'form-data': [ '4.0.3' ],
585 silly audit   'proxy-from-env': [ '1.1.0' ],
585 silly audit   asynckit: [ '0.4.0' ],
585 silly audit   'combined-stream': [ '1.0.8' ],
585 silly audit   'es-set-tostringtag': [ '2.1.0' ],
585 silly audit   hasown: [ '2.0.2' ],
585 silly audit   'mime-types': [ '2.1.35' ],
585 silly audit   'delayed-stream': [ '1.0.0' ],
585 silly audit   'es-errors': [ '1.3.0' ],
585 silly audit   'get-intrinsic': [ '1.3.0' ],
585 silly audit   'has-tostringtag': [ '1.0.2' ],
585 silly audit   'call-bind-apply-helpers': [ '1.0.2' ],
585 silly audit   'es-define-property': [ '1.0.1' ],
585 silly audit   'es-object-atoms': [ '1.1.1' ],
585 silly audit   'function-bind': [ '1.1.2' ],
585 silly audit   'get-proto': [ '1.0.1' ],
585 silly audit   gopd: [ '1.2.0' ],
585 silly audit   'has-symbols': [ '1.1.0' ],
585 silly audit   'math-intrinsics': [ '1.1.0' ],
585 silly audit   'dunder-proto': [ '1.0.1' ],
585 silly audit   async: [ '1.5.2' ],
585 silly audit   lodash: [ '3.10.1' ],
585 silly audit   log4js: [ '0.6.38' ],
585 silly audit   odbc: [ '1.4.10' ],
585 silly audit   'odbc-pool': [ '0.0.5' ],
585 silly audit   restify: [ '3.0.3' ],
585 silly audit   'readable-stream': [ '1.0.34' ],
585 silly audit   'mime-db': [ '1.52.0' ],
585 silly audit   bindings: [ '1.5.0' ],
585 silly audit   nan: [ '2.22.2', '1.5.3' ],
585 silly audit   'file-uri-to-path': [ '1.0.0' ],
585 silly audit   'generic-pool': [ '2.5.4' ],
585 silly audit   '@react-dnd/invariant': [ '4.0.2' ],
585 silly audit   '@react-dnd/shallowequal': [ '4.0.2' ],
585 silly audit   'dnd-core': [ '16.0.1' ],
585 silly audit   'hoist-non-react-statics': [ '3.3.2' ],
585 silly audit   '@react-dnd/asap': [ '5.0.2' ],
585 silly audit   redux: [ '4.2.1' ],
585 silly audit   'react-is': [ '16.13.1' ],
585 silly audit   '@remix-run/router': [ '1.23.0' ],
585 silly audit   'react-router': [ '6.30.1' ],
585 silly audit   'core-util-is': [ '1.0.3', '1.0.2' ],
585 silly audit   inherits: [ '2.0.4' ],
585 silly audit   isarray: [ '0.0.1' ],
585 silly audit   string_decoder: [ '0.10.31' ],
585 silly audit   '@babel/runtime': [ '7.27.6' ],
585 silly audit   'assert-plus': [ '0.1.5', '1.0.0' ],
585 silly audit   backoff: [ '2.5.0' ],
585 silly audit   bunyan: [ '1.3.4' ],
585 silly audit   csv: [ '0.4.6' ],
585 silly audit   'deep-equal': [ '1.1.2' ],
585 silly audit   'dtrace-provider': [ '0.4.0' ],
585 silly audit   'escape-regexp-component': [ '1.0.2' ],
585 silly audit   formidable: [ '1.2.6' ],
585 silly audit   'http-signature': [ '0.10.1' ],
585 silly audit   'keep-alive-agent': [ '0.0.1' ],
585 silly audit   mime: [ '1.6.0' ],
585 silly audit   negotiator: [ '0.5.3' ],
585 silly audit   'node-uuid': [ '1.4.8' ],
585 silly audit   once: [ '1.4.0' ],
585 silly audit   qs: [ '2.4.2' ],
585 silly audit   spdy: [ '1.32.5' ],
585 silly audit   'tunnel-agent': [ '0.4.3' ],
585 silly audit   verror: [ '1.10.1' ],
585 silly audit   precond: [ '0.2.3' ],
585 silly audit   mv: [ '2.1.1' ],
585 silly audit   'safe-json-stringify': [ '1.2.0' ],
585 silly audit   'csv-generate': [ '0.0.6' ],
585 silly audit   'csv-parse': [ '1.3.3' ],
585 silly audit   'csv-stringify': [ '0.0.8' ],
585 silly audit   'stream-transform': [ '0.1.2' ],
585 silly audit   'is-arguments': [ '1.2.0' ],
585 silly audit   'is-date-object': [ '1.1.0' ],
585 silly audit   'is-regex': [ '1.2.1' ],
585 silly audit   'object-is': [ '1.1.6' ],
585 silly audit   'object-keys': [ '1.1.1' ],
585 silly audit   'regexp.prototype.flags': [ '1.5.4' ],
585 silly audit   asn1: [ '0.1.11' ],
585 silly audit   ctype: [ '0.5.3' ],
585 silly audit   'call-bound': [ '1.0.4' ],
585 silly audit   mkdirp: [ '0.5.6' ],
585 silly audit   ncp: [ '2.0.0' ],
585 silly audit   rimraf: [ '2.4.5' ],
585 silly audit   minimist: [ '1.2.8' ],
585 silly audit   'call-bind': [ '1.0.8' ],
585 silly audit   'define-properties': [ '1.2.1' ],
585 silly audit   'set-function-length': [ '1.2.2' ],
585 silly audit   'define-data-property': [ '1.1.4' ],
585 silly audit   'has-property-descriptors': [ '1.0.2' ],
585 silly audit   wrappy: [ '1.0.2' ],
585 silly audit   'set-function-name': [ '2.0.2' ],
585 silly audit   glob: [ '6.0.4' ],
585 silly audit   inflight: [ '1.0.6' ],
585 silly audit   'path-is-absolute': [ '1.0.1' ],
585 silly audit   'functions-have-names': [ '1.2.3' ],
585 silly audit   extsprintf: [ '1.4.1' ]
585 silly audit }
586 http cache extsprintf@https://registry.npmjs.org/extsprintf/-/extsprintf-1.4.1.tgz 0ms (cache hit)
587 http cache path-is-absolute@https://registry.npmjs.org/path-is-absolute/-/path-is-absolute-1.0.1.tgz 0ms (cache hit)
588 http cache inflight@https://registry.npmjs.org/inflight/-/inflight-1.0.6.tgz 0ms (cache hit)
589 http cache functions-have-names@https://registry.npmjs.org/functions-have-names/-/functions-have-names-1.2.3.tgz 0ms (cache hit)
590 http cache glob@https://registry.npmjs.org/glob/-/glob-6.0.4.tgz 0ms (cache hit)
591 http cache set-function-name@https://registry.npmjs.org/set-function-name/-/set-function-name-2.0.2.tgz 0ms (cache hit)
592 http cache wrappy@https://registry.npmjs.org/wrappy/-/wrappy-1.0.2.tgz 0ms (cache hit)
593 http cache has-property-descriptors@https://registry.npmjs.org/has-property-descriptors/-/has-property-descriptors-1.0.2.tgz 0ms (cache hit)
594 http cache define-data-property@https://registry.npmjs.org/define-data-property/-/define-data-property-1.1.4.tgz 0ms (cache hit)
595 http cache set-function-length@https://registry.npmjs.org/set-function-length/-/set-function-length-1.2.2.tgz 0ms (cache hit)
596 http cache define-properties@https://registry.npmjs.org/define-properties/-/define-properties-1.2.1.tgz 0ms (cache hit)
597 http cache call-bind@https://registry.npmjs.org/call-bind/-/call-bind-1.0.8.tgz 0ms (cache hit)
598 http cache minimist@https://registry.npmjs.org/minimist/-/minimist-1.2.8.tgz 0ms (cache hit)
599 http cache rimraf@https://registry.npmjs.org/rimraf/-/rimraf-2.4.5.tgz 0ms (cache hit)
600 http cache ncp@https://registry.npmjs.org/ncp/-/ncp-2.0.0.tgz 0ms (cache hit)
601 http cache mkdirp@https://registry.npmjs.org/mkdirp/-/mkdirp-0.5.6.tgz 0ms (cache hit)
602 http cache call-bound@https://registry.npmjs.org/call-bound/-/call-bound-1.0.4.tgz 0ms (cache hit)
603 http cache ctype@https://registry.npmjs.org/ctype/-/ctype-0.5.3.tgz 0ms (cache hit)
604 http cache asn1@https://registry.npmjs.org/asn1/-/asn1-0.1.11.tgz 0ms (cache hit)
605 http cache regexp.prototype.flags@https://registry.npmjs.org/regexp.prototype.flags/-/regexp.prototype.flags-1.5.4.tgz 0ms (cache hit)
606 http cache object-keys@https://registry.npmjs.org/object-keys/-/object-keys-1.1.1.tgz 0ms (cache hit)
607 http cache object-is@https://registry.npmjs.org/object-is/-/object-is-1.1.6.tgz 0ms (cache hit)
608 http cache is-date-object@https://registry.npmjs.org/is-date-object/-/is-date-object-1.1.0.tgz 0ms (cache hit)
609 http cache is-regex@https://registry.npmjs.org/is-regex/-/is-regex-1.2.1.tgz 0ms (cache hit)
610 http cache is-arguments@https://registry.npmjs.org/is-arguments/-/is-arguments-1.2.0.tgz 0ms (cache hit)
611 http cache stream-transform@https://registry.npmjs.org/stream-transform/-/stream-transform-0.1.2.tgz 0ms (cache hit)
612 http cache csv-stringify@https://registry.npmjs.org/csv-stringify/-/csv-stringify-0.0.8.tgz 0ms (cache hit)
613 http cache csv-parse@https://registry.npmjs.org/csv-parse/-/csv-parse-1.3.3.tgz 0ms (cache hit)
614 http cache csv-generate@https://registry.npmjs.org/csv-generate/-/csv-generate-0.0.6.tgz 0ms (cache hit)
615 http cache safe-json-stringify@https://registry.npmjs.org/safe-json-stringify/-/safe-json-stringify-1.2.0.tgz 0ms (cache hit)
616 http cache mv@https://registry.npmjs.org/mv/-/mv-2.1.1.tgz 0ms (cache hit)
617 http cache verror@https://registry.npmjs.org/verror/-/verror-1.10.1.tgz 0ms (cache hit)
618 http cache precond@https://registry.npmjs.org/precond/-/precond-0.2.3.tgz 0ms (cache hit)
619 http cache tunnel-agent@https://registry.npmjs.org/tunnel-agent/-/tunnel-agent-0.4.3.tgz 0ms (cache hit)
620 http cache spdy@https://registry.npmjs.org/spdy/-/spdy-1.32.5.tgz 0ms (cache hit)
621 http cache qs@https://registry.npmjs.org/qs/-/qs-2.4.2.tgz 0ms (cache hit)
622 http cache once@https://registry.npmjs.org/once/-/once-1.4.0.tgz 0ms (cache hit)
623 http cache node-uuid@https://registry.npmjs.org/node-uuid/-/node-uuid-1.4.8.tgz 0ms (cache hit)
624 http cache negotiator@https://registry.npmjs.org/negotiator/-/negotiator-0.5.3.tgz 0ms (cache hit)
625 http cache keep-alive-agent@https://registry.npmjs.org/keep-alive-agent/-/keep-alive-agent-0.0.1.tgz 0ms (cache hit)
626 http cache mime@https://registry.npmjs.org/mime/-/mime-1.6.0.tgz 0ms (cache hit)
627 http cache http-signature@https://registry.npmjs.org/http-signature/-/http-signature-0.10.1.tgz 0ms (cache hit)
628 http cache formidable@https://registry.npmjs.org/formidable/-/formidable-1.2.6.tgz 0ms (cache hit)
629 http cache escape-regexp-component@https://registry.npmjs.org/escape-regexp-component/-/escape-regexp-component-1.0.2.tgz 0ms (cache hit)
630 http cache dtrace-provider@https://registry.npmjs.org/dtrace-provider/-/dtrace-provider-0.4.0.tgz 0ms (cache hit)
631 http cache deep-equal@https://registry.npmjs.org/deep-equal/-/deep-equal-1.1.2.tgz 0ms (cache hit)
632 http cache csv@https://registry.npmjs.org/csv/-/csv-0.4.6.tgz 0ms (cache hit)
633 http cache backoff@https://registry.npmjs.org/backoff/-/backoff-2.5.0.tgz 0ms (cache hit)
634 http cache bunyan@https://registry.npmjs.org/bunyan/-/bunyan-1.3.4.tgz 0ms (cache hit)
635 http cache assert-plus@https://registry.npmjs.org/assert-plus/-/assert-plus-0.1.5.tgz 0ms (cache hit)
636 http cache @babel/runtime@https://registry.npmjs.org/@babel/runtime/-/runtime-7.27.6.tgz 0ms (cache hit)
637 http cache string_decoder@https://registry.npmjs.org/string_decoder/-/string_decoder-0.10.31.tgz 0ms (cache hit)
638 http cache isarray@https://registry.npmjs.org/isarray/-/isarray-0.0.1.tgz 0ms (cache hit)
639 http cache inherits@https://registry.npmjs.org/inherits/-/inherits-2.0.4.tgz 0ms (cache hit)
640 http cache react-router@https://registry.npmjs.org/react-router/-/react-router-6.30.1.tgz 0ms (cache hit)
641 http cache core-util-is@https://registry.npmjs.org/core-util-is/-/core-util-is-1.0.3.tgz 0ms (cache hit)
642 http cache @remix-run/router@https://registry.npmjs.org/@remix-run/router/-/router-1.23.0.tgz 0ms (cache hit)
643 http cache react-is@https://registry.npmjs.org/react-is/-/react-is-16.13.1.tgz 0ms (cache hit)
644 http cache redux@https://registry.npmjs.org/redux/-/redux-4.2.1.tgz 0ms (cache hit)
645 http cache @react-dnd/asap@https://registry.npmjs.org/@react-dnd/asap/-/asap-5.0.2.tgz 0ms (cache hit)
646 http cache hoist-non-react-statics@https://registry.npmjs.org/hoist-non-react-statics/-/hoist-non-react-statics-3.3.2.tgz 0ms (cache hit)
647 http cache dnd-core@https://registry.npmjs.org/dnd-core/-/dnd-core-16.0.1.tgz 0ms (cache hit)
648 http cache @react-dnd/shallowequal@https://registry.npmjs.org/@react-dnd/shallowequal/-/shallowequal-4.0.2.tgz 0ms (cache hit)
649 http cache @react-dnd/invariant@https://registry.npmjs.org/@react-dnd/invariant/-/invariant-4.0.2.tgz 0ms (cache hit)
650 http cache generic-pool@https://registry.npmjs.org/generic-pool/-/generic-pool-2.5.4.tgz 0ms (cache hit)
651 http cache file-uri-to-path@https://registry.npmjs.org/file-uri-to-path/-/file-uri-to-path-1.0.0.tgz 0ms (cache hit)
652 http cache nan@https://registry.npmjs.org/nan/-/nan-2.22.2.tgz 0ms (cache hit)
653 http cache bindings@https://registry.npmjs.org/bindings/-/bindings-1.5.0.tgz 0ms (cache hit)
654 http cache mime-db@https://registry.npmjs.org/mime-db/-/mime-db-1.52.0.tgz 0ms (cache hit)
655 http cache readable-stream@https://registry.npmjs.org/readable-stream/-/readable-stream-1.0.34.tgz 0ms (cache hit)
656 http cache restify@https://registry.npmjs.org/restify/-/restify-3.0.3.tgz 0ms (cache hit)
657 http cache odbc-pool@https://registry.npmjs.org/odbc-pool/-/odbc-pool-0.0.5.tgz 0ms (cache hit)
658 http cache odbc@https://registry.npmjs.org/odbc/-/odbc-1.4.10.tgz 0ms (cache hit)
659 http cache log4js@https://registry.npmjs.org/log4js/-/log4js-0.6.38.tgz 0ms (cache hit)
660 http cache lodash@https://registry.npmjs.org/lodash/-/lodash-3.10.1.tgz 0ms (cache hit)
661 http cache async@https://registry.npmjs.org/async/-/async-1.5.2.tgz 0ms (cache hit)
662 http cache dunder-proto@https://registry.npmjs.org/dunder-proto/-/dunder-proto-1.0.1.tgz 0ms (cache hit)
663 http cache math-intrinsics@https://registry.npmjs.org/math-intrinsics/-/math-intrinsics-1.1.0.tgz 0ms (cache hit)
664 http cache has-symbols@https://registry.npmjs.org/has-symbols/-/has-symbols-1.1.0.tgz 0ms (cache hit)
665 http cache gopd@https://registry.npmjs.org/gopd/-/gopd-1.2.0.tgz 0ms (cache hit)
666 http cache get-proto@https://registry.npmjs.org/get-proto/-/get-proto-1.0.1.tgz 0ms (cache hit)
667 http cache function-bind@https://registry.npmjs.org/function-bind/-/function-bind-1.1.2.tgz 0ms (cache hit)
668 http cache es-object-atoms@https://registry.npmjs.org/es-object-atoms/-/es-object-atoms-1.1.1.tgz 0ms (cache hit)
669 http cache es-define-property@https://registry.npmjs.org/es-define-property/-/es-define-property-1.0.1.tgz 0ms (cache hit)
670 http cache call-bind-apply-helpers@https://registry.npmjs.org/call-bind-apply-helpers/-/call-bind-apply-helpers-1.0.2.tgz 0ms (cache hit)
671 http cache has-tostringtag@https://registry.npmjs.org/has-tostringtag/-/has-tostringtag-1.0.2.tgz 0ms (cache hit)
672 http cache get-intrinsic@https://registry.npmjs.org/get-intrinsic/-/get-intrinsic-1.3.0.tgz 0ms (cache hit)
673 http cache es-errors@https://registry.npmjs.org/es-errors/-/es-errors-1.3.0.tgz 0ms (cache hit)
674 http cache delayed-stream@https://registry.npmjs.org/delayed-stream/-/delayed-stream-1.0.0.tgz 0ms (cache hit)
675 http cache mime-types@https://registry.npmjs.org/mime-types/-/mime-types-2.1.35.tgz 0ms (cache hit)
676 http cache hasown@https://registry.npmjs.org/hasown/-/hasown-2.0.2.tgz 0ms (cache hit)
677 http cache es-set-tostringtag@https://registry.npmjs.org/es-set-tostringtag/-/es-set-tostringtag-2.1.0.tgz 0ms (cache hit)
678 http cache combined-stream@https://registry.npmjs.org/combined-stream/-/combined-stream-1.0.8.tgz 0ms (cache hit)
679 http cache asynckit@https://registry.npmjs.org/asynckit/-/asynckit-0.4.0.tgz 0ms (cache hit)
680 http cache proxy-from-env@https://registry.npmjs.org/proxy-from-env/-/proxy-from-env-1.1.0.tgz 0ms (cache hit)
681 http cache form-data@https://registry.npmjs.org/form-data/-/form-data-4.0.3.tgz 0ms (cache hit)
682 http cache follow-redirects@https://registry.npmjs.org/follow-redirects/-/follow-redirects-1.15.9.tgz 0ms (cache hit)
683 http cache react-router-dom@https://registry.npmjs.org/react-router-dom/-/react-router-dom-6.30.1.tgz 0ms (cache hit)
684 http cache react-dnd@https://registry.npmjs.org/react-dnd/-/react-dnd-16.0.1.tgz 0ms (cache hit)
685 http cache magic-ui@https://registry.npmjs.org/magic-ui/-/magic-ui-0.1.0.tgz 0ms (cache hit)
686 http cache axios@https://registry.npmjs.org/axios/-/axios-1.10.0.tgz 0ms (cache hit)
687 http cache assert-plus@https://registry.npmjs.org/assert-plus/-/assert-plus-1.0.0.tgz 0ms (cache hit)
688 http cache core-util-is@https://registry.npmjs.org/core-util-is/-/core-util-is-1.0.2.tgz 0ms (cache hit)
689 http cache nan@https://registry.npmjs.org/nan/-/nan-1.5.3.tgz 0ms (cache hit)
690 http cache semver@https://registry.npmjs.org/semver/-/semver-4.3.6.tgz 0ms (cache hit)
691 http cache lru-cache@https://registry.npmjs.org/lru-cache/-/lru-cache-2.7.3.tgz 0ms (cache hit)
692 http cache semver@https://registry.npmjs.org/semver/-/semver-4.3.6.tgz 0ms (cache hit)
693 silly tarball no local data for react-router@https://registry.npmjs.org/react-router/-/react-router-6.30.1.tgz. Extracting by manifest.
694 silly tarball no local data for @remix-run/router@https://registry.npmjs.org/@remix-run/router/-/router-1.23.0.tgz. Extracting by manifest.
695 silly tarball no local data for react-router-dom@https://registry.npmjs.org/react-router-dom/-/react-router-dom-6.30.1.tgz. Extracting by manifest.
696 http fetch POST 200 https://registry.npmjs.org/-/npm/v1/security/advisories/bulk 329ms
697 silly audit report {
697 silly audit report   semver: [
697 silly audit report     {
697 silly audit report       id: 1101089,
697 silly audit report       url: 'https://github.com/advisories/GHSA-c2qf-rxjj-qqgw',
697 silly audit report       title: 'semver vulnerable to Regular Expression Denial of Service',
697 silly audit report       severity: 'high',
697 silly audit report       vulnerable_versions: '<5.7.2',
697 silly audit report       cwe: [Array],
697 silly audit report       cvss: [Object]
697 silly audit report     }
697 silly audit report   ],
697 silly audit report   lodash: [
697 silly audit report     {
697 silly audit report       id: 1097130,
697 silly audit report       url: 'https://github.com/advisories/GHSA-fvqr-27wr-82fm',
697 silly audit report       title: 'Prototype Pollution in lodash',
697 silly audit report       severity: 'moderate',
697 silly audit report       vulnerable_versions: '<4.17.5',
697 silly audit report       cwe: [Array],
697 silly audit report       cvss: [Object]
697 silly audit report     },
697 silly audit report     {
697 silly audit report       id: 1096996,
697 silly audit report       url: 'https://github.com/advisories/GHSA-35jh-r3h4-6jhm',
697 silly audit report       title: 'Command Injection in lodash',
697 silly audit report       severity: 'high',
697 silly audit report       vulnerable_versions: '<4.17.21',
697 silly audit report       cwe: [Array],
697 silly audit report       cvss: [Object]
697 silly audit report     },
697 silly audit report     {
697 silly audit report       id: 1097140,
697 silly audit report       url: 'https://github.com/advisories/GHSA-jf85-cpcp-j695',
697 silly audit report       title: 'Prototype Pollution in lodash',
697 silly audit report       severity: 'critical',
697 silly audit report       vulnerable_versions: '<4.17.12',
697 silly audit report       cwe: [Array],
697 silly audit report       cvss: [Object]
697 silly audit report     },
697 silly audit report     {
697 silly audit report       id: 1094499,
697 silly audit report       url: 'https://github.com/advisories/GHSA-4xc9-xhrj-v574',
697 silly audit report       title: 'Prototype Pollution in lodash',
697 silly audit report       severity: 'high',
697 silly audit report       vulnerable_versions: '<4.17.11',
697 silly audit report       cwe: [Array],
697 silly audit report       cvss: [Object]
697 silly audit report     },
697 silly audit report     {
697 silly audit report       id: 1094500,
697 silly audit report       url: 'https://github.com/advisories/GHSA-29mw-wpgm-hmr9',
697 silly audit report       title: 'Regular Expression Denial of Service (ReDoS) in lodash',
697 silly audit report       severity: 'moderate',
697 silly audit report       vulnerable_versions: '<4.17.21',
697 silly audit report       cwe: [Array],
697 silly audit report       cvss: [Object]
697 silly audit report     },
697 silly audit report     {
697 silly audit report       id: 1096305,
697 silly audit report       url: 'https://github.com/advisories/GHSA-p6mc-m468-83gw',
697 silly audit report       title: 'Prototype Pollution in lodash',
697 silly audit report       severity: 'high',
697 silly audit report       vulnerable_versions: '>=3.7.0 <4.17.19',
697 silly audit report       cwe: [Array],
697 silly audit report       cvss: [Object]
697 silly audit report     },
697 silly audit report     {
697 silly audit report       id: 1085674,
697 silly audit report       url: 'https://github.com/advisories/GHSA-x5rq-j2xg-h7qm',
697 silly audit report       title: 'Regular Expression Denial of Service (ReDoS) in lodash',
697 silly audit report       severity: 'moderate',
697 silly audit report       vulnerable_versions: '<4.17.11',
697 silly audit report       cwe: [Array],
697 silly audit report       cvss: [Object]
697 silly audit report     }
697 silly audit report   ],
697 silly audit report   log4js: [
697 silly audit report     {
697 silly audit report       id: 1095531,
697 silly audit report       url: 'https://github.com/advisories/GHSA-82v2-mx6x-wq7q',
697 silly audit report       title: 'Incorrect Default Permissions in log4js',
697 silly audit report       severity: 'moderate',
697 silly audit report       vulnerable_versions: '<6.4.0',
697 silly audit report       cwe: [Array],
697 silly audit report       cvss: [Object]
697 silly audit report     }
697 silly audit report   ],
697 silly audit report   restify: [
697 silly audit report     {
697 silly audit report       id: 1093821,
697 silly audit report       url: 'https://github.com/advisories/GHSA-qw3g-35hc-fcrh',
697 silly audit report       title: 'Cross-Site Scripting (XSS) in restify',
697 silly audit report       severity: 'moderate',
697 silly audit report       vulnerable_versions: '>=2.0.0 <=4.0.4',
697 silly audit report       cwe: [Array],
697 silly audit report       cvss: [Object]
697 silly audit report     }
697 silly audit report   ],
697 silly audit report   negotiator: [
697 silly audit report     {
697 silly audit report       id: 1090969,
697 silly audit report       url: 'https://github.com/advisories/GHSA-7mc5-chhp-fmc3',
697 silly audit report       title: 'Regular Expression Denial of Service in negotiator',
697 silly audit report       severity: 'high',
697 silly audit report       vulnerable_versions: '<0.6.1',
697 silly audit report       cwe: [Array],
697 silly audit report       cvss: [Object]
697 silly audit report     }
697 silly audit report   ],
697 silly audit report   qs: [
697 silly audit report     {
697 silly audit report       id: 1104115,
697 silly audit report       url: 'https://github.com/advisories/GHSA-hrpp-h998-j3pp',
697 silly audit report       title: 'qs vulnerable to Prototype Pollution',
697 silly audit report       severity: 'high',
697 silly audit report       vulnerable_versions: '<6.2.4',
697 silly audit report       cwe: [Array],
697 silly audit report       cvss: [Object]
697 silly audit report     },
697 silly audit report     {
697 silly audit report       id: 1087527,
697 silly audit report       url: 'https://github.com/advisories/GHSA-gqgv-6jq5-jjj9',
697 silly audit report       title: 'Prototype Pollution Protection Bypass in qs',
697 silly audit report       severity: 'high',
697 silly audit report       vulnerable_versions: '<6.0.4',
697 silly audit report       cwe: [Array],
697 silly audit report       cvss: [Object]
697 silly audit report     }
697 silly audit report   ],
697 silly audit report   'tunnel-agent': [
697 silly audit report     {
697 silly audit report       id: 1085744,
697 silly audit report       url: 'https://github.com/advisories/GHSA-xc7v-wxcw-j472',
697 silly audit report       title: 'Memory Exposure in tunnel-agent',
697 silly audit report       severity: 'moderate',
697 silly audit report       vulnerable_versions: '<0.6.0',
697 silly audit report       cwe: [Array],
697 silly audit report       cvss: [Object]
697 silly audit report     }
697 silly audit report   ],
697 silly audit report   'csv-parse': [
697 silly audit report     {
697 silly audit report       id: 1090106,
697 silly audit report       url: 'https://github.com/advisories/GHSA-582f-p4pg-xc74',
697 silly audit report       title: 'Regular Expression Denial of Service in csv-parse',
697 silly audit report       severity: 'high',
697 silly audit report       vulnerable_versions: '<4.4.6',
697 silly audit report       cwe: [Array],
697 silly audit report       cvss: [Object]
697 silly audit report     }
697 silly audit report   ]
697 silly audit report }
698 silly packumentCache corgi:https://registry.npmjs.org/semver cache-miss
699 silly packumentCache corgi:https://registry.npmjs.org/lodash cache-miss
700 silly packumentCache corgi:https://registry.npmjs.org/log4js cache-miss
701 silly packumentCache corgi:https://registry.npmjs.org/restify cache-miss
702 silly packumentCache corgi:https://registry.npmjs.org/negotiator cache-miss
703 silly packumentCache corgi:https://registry.npmjs.org/qs cache-miss
704 silly packumentCache corgi:https://registry.npmjs.org/tunnel-agent cache-miss
705 silly packumentCache corgi:https://registry.npmjs.org/csv-parse cache-miss
706 warn deprecated inflight@1.0.6: This module is not supported, and leaks memory. Do not use it. Check out lru-cache if you want a good and tested way to coalesce async requests by a key value, which is much more comprehensive and powerful.
707 warn deprecated rimraf@2.4.5: Rimraf versions prior to v4 are no longer supported
708 warn deprecated glob@6.0.4: Glob versions prior to v9 are no longer supported
709 warn deprecated formidable@1.2.6: Please upgrade to latest, formidable@v2 or formidable@v3! Check these notes: https://bit.ly/2ZEqIau
710 warn deprecated node-uuid@1.4.8: Use uuid module instead
711 http fetch GET 200 https://registry.npmjs.org/lodash 310ms (cache revalidated)
712 silly packumentCache corgi:https://registry.npmjs.org/lodash set size:67972 disposed:false
713 http fetch GET 200 https://registry.npmjs.org/semver 318ms (cache revalidated)
714 silly packumentCache corgi:https://registry.npmjs.org/semver set size:94787 disposed:false
715 http fetch GET 200 https://registry.npmjs.org/log4js 318ms (cache revalidated)
716 silly packumentCache corgi:https://registry.npmjs.org/log4js set size:205336 disposed:false
717 http fetch GET 200 https://registry.npmjs.org/negotiator 323ms (cache revalidated)
718 silly packumentCache corgi:https://registry.npmjs.org/negotiator set size:17698 disposed:false
719 http fetch GET 200 https://registry.npmjs.org/qs 350ms (cache revalidated)
720 silly packumentCache corgi:https://registry.npmjs.org/qs set size:109860 disposed:false
721 http fetch GET 200 https://registry.npmjs.org/csv-parse 357ms (cache revalidated)
722 silly packumentCache corgi:https://registry.npmjs.org/csv-parse set size:191005 disposed:false
723 http fetch GET 200 https://registry.npmjs.org/restify 363ms (cache revalidated)
724 silly packumentCache corgi:https://registry.npmjs.org/restify set size:227613 disposed:false
725 http fetch GET 200 https://registry.npmjs.org/tunnel-agent 374ms (cache revalidated)
726 silly packumentCache corgi:https://registry.npmjs.org/tunnel-agent set size:4217 disposed:false
727 silly packumentCache corgi:https://registry.npmjs.org/magic-ui cache-miss
728 http fetch GET 200 https://registry.npmjs.org/react-router/-/react-router-6.30.1.tgz 778ms (cache miss)
729 http fetch GET 200 https://registry.npmjs.org/react-router-dom/-/react-router-dom-6.30.1.tgz 845ms (cache miss)
730 warn deprecated log4js@0.6.38: 0.x is no longer supported. Please upgrade to 6.x or higher.
731 http fetch GET 200 https://registry.npmjs.org/@remix-run/router/-/router-1.23.0.tgz 987ms (cache miss)
732 info run dtrace-provider@0.4.0 install node_modules/dtrace-provider node scripts/install.js
733 info run odbc@1.4.10 install node_modules/odbc node-gyp configure build
734 info run dtrace-provider@0.4.0 install { code: 0, signal: null }
735 http fetch GET 200 https://registry.npmjs.org/magic-ui 710ms (cache revalidated)
736 silly packumentCache corgi:https://registry.npmjs.org/magic-ui set size:1108 disposed:false
737 silly packumentCache corgi:https://registry.npmjs.org/csv cache-miss
738 http fetch GET 200 https://registry.npmjs.org/csv 29ms (cache revalidated)
739 silly packumentCache corgi:https://registry.npmjs.org/csv set size:116111 disposed:false
740 info run odbc@1.4.10 install { code: 0, signal: null }
741 silly ADD node_modules/extsprintf
742 silly ADD node_modules/functions-have-names
743 silly ADD node_modules/path-is-absolute
744 silly ADD node_modules/inflight
745 silly ADD node_modules/glob
746 silly ADD node_modules/set-function-name
747 silly ADD node_modules/wrappy
748 silly ADD node_modules/has-property-descriptors
749 silly ADD node_modules/define-data-property
750 silly ADD node_modules/set-function-length
751 silly ADD node_modules/define-properties
752 silly ADD node_modules/call-bind
753 silly ADD node_modules/minimist
754 silly ADD node_modules/rimraf
755 silly ADD node_modules/ncp
756 silly ADD node_modules/mkdirp
757 silly ADD node_modules/call-bound
758 silly ADD node_modules/ctype
759 silly ADD node_modules/asn1
760 silly ADD node_modules/regexp.prototype.flags
761 silly ADD node_modules/object-keys
762 silly ADD node_modules/object-is
763 silly ADD node_modules/is-regex
764 silly ADD node_modules/is-date-object
765 silly ADD node_modules/is-arguments
766 silly ADD node_modules/stream-transform
767 silly ADD node_modules/csv-stringify
768 silly ADD node_modules/csv-parse
769 silly ADD node_modules/csv-generate
770 silly ADD node_modules/safe-json-stringify
771 silly ADD node_modules/mv
772 silly ADD node_modules/precond
773 silly ADD node_modules/verror
774 silly ADD node_modules/verror/node_modules/core-util-is
775 silly ADD node_modules/verror/node_modules/assert-plus
776 silly ADD node_modules/tunnel-agent
777 silly ADD node_modules/spdy
778 silly ADD node_modules/qs
779 silly ADD node_modules/once
780 silly ADD node_modules/node-uuid
781 silly ADD node_modules/negotiator
782 silly ADD node_modules/mime
783 silly ADD node_modules/keep-alive-agent
784 silly ADD node_modules/http-signature
785 silly ADD node_modules/formidable
786 silly ADD node_modules/escape-regexp-component
787 silly ADD node_modules/dtrace-provider
788 silly ADD node_modules/dtrace-provider/node_modules/nan
789 silly ADD node_modules/deep-equal
790 silly ADD node_modules/csv
791 silly ADD node_modules/bunyan
792 silly ADD node_modules/backoff
793 silly ADD node_modules/assert-plus
794 silly ADD node_modules/@babel/runtime
795 silly ADD node_modules/string_decoder
796 silly ADD node_modules/isarray
797 silly ADD node_modules/inherits
798 silly ADD node_modules/core-util-is
799 silly ADD node_modules/react-router
800 silly ADD node_modules/@remix-run/router
801 silly ADD node_modules/react-is
802 silly ADD node_modules/redux
803 silly ADD node_modules/@react-dnd/asap
804 silly ADD node_modules/hoist-non-react-statics
805 silly ADD node_modules/dnd-core
806 silly ADD node_modules/@react-dnd/shallowequal
807 silly ADD node_modules/@react-dnd/invariant
808 silly ADD node_modules/generic-pool
809 silly ADD node_modules/file-uri-to-path
810 silly ADD node_modules/nan
811 silly ADD node_modules/bindings
812 silly ADD node_modules/mime-db
813 silly ADD node_modules/readable-stream
814 silly ADD node_modules/restify
815 silly ADD node_modules/restify/node_modules/semver
816 silly ADD node_modules/restify/node_modules/lru-cache
817 silly ADD node_modules/odbc-pool
818 silly ADD node_modules/odbc
819 silly ADD node_modules/log4js
820 silly ADD node_modules/log4js/node_modules/semver
821 silly ADD node_modules/lodash
822 silly ADD node_modules/async
823 silly ADD node_modules/dunder-proto
824 silly ADD node_modules/math-intrinsics
825 silly ADD node_modules/has-symbols
826 silly ADD node_modules/gopd
827 silly ADD node_modules/get-proto
828 silly ADD node_modules/function-bind
829 silly ADD node_modules/es-object-atoms
830 silly ADD node_modules/es-define-property
831 silly ADD node_modules/call-bind-apply-helpers
832 silly ADD node_modules/has-tostringtag
833 silly ADD node_modules/get-intrinsic
834 silly ADD node_modules/es-errors
835 silly ADD node_modules/delayed-stream
836 silly ADD node_modules/mime-types
837 silly ADD node_modules/hasown
838 silly ADD node_modules/es-set-tostringtag
839 silly ADD node_modules/combined-stream
840 silly ADD node_modules/asynckit
841 silly ADD node_modules/proxy-from-env
842 silly ADD node_modules/form-data
843 silly ADD node_modules/follow-redirects
844 silly ADD node_modules/react-router-dom
845 silly ADD node_modules/react-dnd
846 silly ADD node_modules/magic-ui
847 silly ADD node_modules/axios
848 verbose cwd /home/manojkasula_mj/pitchcraft-frontend/src
849 verbose os Linux 6.6.87+
850 verbose node v22.16.0
851 verbose npm  v11.4.1
852 verbose exit 0
853 info ok
