0 verbose cli /usr/local/nvm/versions/node/v22.16.0/bin/node /usr/local/nvm/versions/node/v22.16.0/bin/npm
1 info using npm@11.4.1
2 info using node@v22.16.0
3 silly config load:file:/usr/local/nvm/versions/node/v22.16.0/lib/node_modules/npm/npmrc
4 silly config load:file:/home/manojkasula_mj/pitchcraft-frontend/.npmrc
5 silly config load:file:/home/manojkasula_mj/.npmrc
6 silly config load:file:/usr/local/nvm/versions/node/v22.16.0/etc/npmrc
7 verbose title npm install
8 verbose argv "install"
9 verbose logfile logs-max:10 dir:/home/manojkasula_mj/.npm/_logs/2025-07-06T17_57_16_823Z-
10 verbose logfile /home/manojkasula_mj/.npm/_logs/2025-07-06T17_57_16_823Z-debug-0.log
11 silly logfile start cleaning logs, removing 1 files
12 silly packumentCache heap:2197815296 maxSize:549453824 maxEntrySize:274726912
13 silly logfile done cleaning log files
14 silly idealTree buildDeps
15 verbose shrinkwrap failed to load node_modules/.package-lock.json out of date, updated: node_modules
16 silly reify moves {}
17 silly audit bulk request {
17 silly audit   '@ampproject/remapping': [ '2.3.0' ],
17 silly audit   '@babel/code-frame': [ '7.27.1' ],
17 silly audit   '@babel/compat-data': [ '7.28.0' ],
17 silly audit   '@babel/core': [ '7.28.0' ],
17 silly audit   '@babel/generator': [ '7.28.0' ],
17 silly audit   '@babel/helper-compilation-targets': [ '7.27.2' ],
17 silly audit   '@babel/helper-globals': [ '7.28.0' ],
17 silly audit   '@babel/helper-module-imports': [ '7.27.1' ],
17 silly audit   '@babel/helper-module-transforms': [ '7.27.3' ],
17 silly audit   '@babel/helper-plugin-utils': [ '7.27.1' ],
17 silly audit   '@babel/helper-string-parser': [ '7.27.1' ],
17 silly audit   '@babel/helper-validator-identifier': [ '7.27.1' ],
17 silly audit   '@babel/helper-validator-option': [ '7.27.1' ],
17 silly audit   '@babel/helpers': [ '7.27.6' ],
17 silly audit   '@babel/parser': [ '7.28.0' ],
17 silly audit   '@babel/plugin-transform-react-jsx-self': [ '7.27.1' ],
17 silly audit   '@babel/plugin-transform-react-jsx-source': [ '7.27.1' ],
17 silly audit   '@babel/template': [ '7.27.2' ],
17 silly audit   '@babel/traverse': [ '7.28.0' ],
17 silly audit   '@babel/types': [ '7.28.0' ],
17 silly audit   '@esbuild/aix-ppc64': [ '0.25.5' ],
17 silly audit   '@esbuild/android-arm': [ '0.25.5' ],
17 silly audit   '@esbuild/android-arm64': [ '0.25.5' ],
17 silly audit   '@esbuild/android-x64': [ '0.25.5' ],
17 silly audit   '@esbuild/darwin-arm64': [ '0.25.5' ],
17 silly audit   '@esbuild/darwin-x64': [ '0.25.5' ],
17 silly audit   '@esbuild/freebsd-arm64': [ '0.25.5' ],
17 silly audit   '@esbuild/freebsd-x64': [ '0.25.5' ],
17 silly audit   '@esbuild/linux-arm': [ '0.25.5' ],
17 silly audit   '@esbuild/linux-arm64': [ '0.25.5' ],
17 silly audit   '@esbuild/linux-ia32': [ '0.25.5' ],
17 silly audit   '@esbuild/linux-loong64': [ '0.25.5' ],
17 silly audit   '@esbuild/linux-mips64el': [ '0.25.5' ],
17 silly audit   '@esbuild/linux-ppc64': [ '0.25.5' ],
17 silly audit   '@esbuild/linux-riscv64': [ '0.25.5' ],
17 silly audit   '@esbuild/linux-s390x': [ '0.25.5' ],
17 silly audit   '@esbuild/linux-x64': [ '0.25.5' ],
17 silly audit   '@esbuild/netbsd-arm64': [ '0.25.5' ],
17 silly audit   '@esbuild/netbsd-x64': [ '0.25.5' ],
17 silly audit   '@esbuild/openbsd-arm64': [ '0.25.5' ],
17 silly audit   '@esbuild/openbsd-x64': [ '0.25.5' ],
17 silly audit   '@esbuild/sunos-x64': [ '0.25.5' ],
17 silly audit   '@esbuild/win32-arm64': [ '0.25.5' ],
17 silly audit   '@esbuild/win32-ia32': [ '0.25.5' ],
17 silly audit   '@esbuild/win32-x64': [ '0.25.5' ],
17 silly audit   '@eslint-community/eslint-utils': [ '4.7.0' ],
17 silly audit   'eslint-visitor-keys': [ '3.4.3', '4.2.1' ],
17 silly audit   '@eslint-community/regexpp': [ '4.12.1' ],
17 silly audit   '@eslint/config-array': [ '0.21.0' ],
17 silly audit   '@eslint/config-helpers': [ '0.3.0' ],
17 silly audit   '@eslint/core': [ '0.14.0', '0.15.1' ],
17 silly audit   '@eslint/eslintrc': [ '3.3.1' ],
17 silly audit   globals: [ '14.0.0', '16.3.0' ],
17 silly audit   '@eslint/js': [ '9.30.1' ],
17 silly audit   '@eslint/object-schema': [ '2.1.6' ],
17 silly audit   '@eslint/plugin-kit': [ '0.3.3' ],
17 silly audit   '@humanfs/core': [ '0.19.1' ],
17 silly audit   '@humanfs/node': [ '0.16.6' ],
17 silly audit   '@humanwhocodes/retry': [ '0.3.1', '0.4.3' ],
17 silly audit   '@humanwhocodes/module-importer': [ '1.0.1' ],
17 silly audit   '@jridgewell/gen-mapping': [ '0.3.12' ],
17 silly audit   '@jridgewell/resolve-uri': [ '3.1.2' ],
17 silly audit   '@jridgewell/sourcemap-codec': [ '1.5.4' ],
17 silly audit   '@jridgewell/trace-mapping': [ '0.3.29' ],
17 silly audit   '@rolldown/pluginutils': [ '1.0.0-beta.19' ],
17 silly audit   '@rollup/rollup-android-arm-eabi': [ '4.44.2' ],
17 silly audit   '@rollup/rollup-android-arm64': [ '4.44.2' ],
17 silly audit   '@rollup/rollup-darwin-arm64': [ '4.44.2' ],
17 silly audit   '@rollup/rollup-darwin-x64': [ '4.44.2' ],
17 silly audit   '@rollup/rollup-freebsd-arm64': [ '4.44.2' ],
17 silly audit   '@rollup/rollup-freebsd-x64': [ '4.44.2' ],
17 silly audit   '@rollup/rollup-linux-arm-gnueabihf': [ '4.44.2' ],
17 silly audit   '@rollup/rollup-linux-arm-musleabihf': [ '4.44.2' ],
17 silly audit   '@rollup/rollup-linux-arm64-gnu': [ '4.44.2' ],
17 silly audit   '@rollup/rollup-linux-arm64-musl': [ '4.44.2' ],
17 silly audit   '@rollup/rollup-linux-loongarch64-gnu': [ '4.44.2' ],
17 silly audit   '@rollup/rollup-linux-powerpc64le-gnu': [ '4.44.2' ],
17 silly audit   '@rollup/rollup-linux-riscv64-gnu': [ '4.44.2' ],
17 silly audit   '@rollup/rollup-linux-riscv64-musl': [ '4.44.2' ],
17 silly audit   '@rollup/rollup-linux-s390x-gnu': [ '4.44.2' ],
17 silly audit   '@rollup/rollup-linux-x64-gnu': [ '4.44.2' ],
17 silly audit   '@rollup/rollup-linux-x64-musl': [ '4.44.2' ],
17 silly audit   '@rollup/rollup-win32-arm64-msvc': [ '4.44.2' ],
17 silly audit   '@rollup/rollup-win32-ia32-msvc': [ '4.44.2' ],
17 silly audit   '@rollup/rollup-win32-x64-msvc': [ '4.44.2' ],
17 silly audit   '@types/babel__core': [ '7.20.5' ],
17 silly audit   '@types/babel__generator': [ '7.27.0' ],
17 silly audit   '@types/babel__template': [ '7.4.4' ],
17 silly audit   '@types/babel__traverse': [ '7.20.7' ],
17 silly audit   '@types/estree': [ '1.0.8' ],
17 silly audit   '@types/json-schema': [ '7.0.15' ],
17 silly audit   '@types/react': [ '19.1.8' ],
17 silly audit   '@types/react-dom': [ '19.1.6' ],
17 silly audit   '@vitejs/plugin-react': [ '4.6.0' ],
17 silly audit   acorn: [ '8.15.0' ],
17 silly audit   'acorn-jsx': [ '5.3.2' ],
17 silly audit   ajv: [ '6.12.6' ],
17 silly audit   'ansi-styles': [ '4.3.0' ],
17 silly audit   argparse: [ '2.0.1' ],
17 silly audit   'balanced-match': [ '1.0.2' ],
17 silly audit   'brace-expansion': [ '1.1.12' ],
17 silly audit   browserslist: [ '4.25.1' ],
17 silly audit   callsites: [ '3.1.0' ],
17 silly audit   'caniuse-lite': [ '1.0.30001726' ],
17 silly audit   chalk: [ '4.1.2' ],
17 silly audit   'color-convert': [ '2.0.1' ],
17 silly audit   'color-name': [ '1.1.4' ],
17 silly audit   'concat-map': [ '0.0.1' ],
17 silly audit   'convert-source-map': [ '2.0.0' ],
17 silly audit   'cross-spawn': [ '7.0.6' ],
17 silly audit   csstype: [ '3.1.3' ],
17 silly audit   debug: [ '4.4.1' ],
17 silly audit   'deep-is': [ '0.1.4' ],
17 silly audit   'electron-to-chromium': [ '1.5.179' ],
17 silly audit   esbuild: [ '0.25.5' ],
17 silly audit   escalade: [ '3.2.0' ],
17 silly audit   'escape-string-regexp': [ '4.0.0' ],
17 silly audit   eslint: [ '9.30.1' ],
17 silly audit   'eslint-plugin-react-hooks': [ '5.2.0' ],
17 silly audit   'eslint-plugin-react-refresh': [ '0.4.20' ],
17 silly audit   'eslint-scope': [ '8.4.0' ],
17 silly audit   espree: [ '10.4.0' ],
17 silly audit   esquery: [ '1.6.0' ],
17 silly audit   esrecurse: [ '4.3.0' ],
17 silly audit   estraverse: [ '5.3.0' ],
17 silly audit   esutils: [ '2.0.3' ],
17 silly audit   'fast-deep-equal': [ '3.1.3' ],
17 silly audit   'fast-json-stable-stringify': [ '2.1.0' ],
17 silly audit   'fast-levenshtein': [ '2.0.6' ],
17 silly audit   fdir: [ '6.4.6' ],
17 silly audit   'file-entry-cache': [ '8.0.0' ],
17 silly audit   'find-up': [ '5.0.0' ],
17 silly audit   'flat-cache': [ '4.0.1' ],
17 silly audit   flatted: [ '3.3.3' ],
17 silly audit   fsevents: [ '2.3.3' ],
17 silly audit   gensync: [ '1.0.0-beta.2' ],
17 silly audit   'glob-parent': [ '6.0.2' ],
17 silly audit   'has-flag': [ '4.0.0' ],
17 silly audit   ignore: [ '5.3.2' ],
17 silly audit   'import-fresh': [ '3.3.1' ],
17 silly audit   imurmurhash: [ '0.1.4' ],
17 silly audit   'is-extglob': [ '2.1.1' ],
17 silly audit   'is-glob': [ '4.0.3' ],
17 silly audit   isexe: [ '2.0.0' ],
17 silly audit   'js-tokens': [ '4.0.0' ],
17 silly audit   'js-yaml': [ '4.1.0' ],
17 silly audit   jsesc: [ '3.1.0' ],
17 silly audit   'json-buffer': [ '3.0.1' ],
17 silly audit   'json-schema-traverse': [ '0.4.1' ],
17 silly audit   'json-stable-stringify-without-jsonify': [ '1.0.1' ],
17 silly audit   json5: [ '2.2.3' ],
17 silly audit   keyv: [ '4.5.4' ],
17 silly audit   levn: [ '0.4.1' ],
17 silly audit   'locate-path': [ '6.0.0' ],
17 silly audit   'lodash.merge': [ '4.6.2' ],
17 silly audit   'lru-cache': [ '5.1.1' ],
17 silly audit   minimatch: [ '3.1.2' ],
17 silly audit   ms: [ '2.1.3' ],
17 silly audit   nanoid: [ '3.3.11' ],
17 silly audit   'natural-compare': [ '1.4.0' ],
17 silly audit   'node-releases': [ '2.0.19' ],
17 silly audit   optionator: [ '0.9.4' ],
17 silly audit   'p-limit': [ '3.1.0' ],
17 silly audit   'p-locate': [ '5.0.0' ],
17 silly audit   'parent-module': [ '1.0.1' ],
17 silly audit   'path-exists': [ '4.0.0' ],
17 silly audit   'path-key': [ '3.1.1' ],
17 silly audit   picocolors: [ '1.1.1' ],
17 silly audit   picomatch: [ '4.0.2' ],
17 silly audit   postcss: [ '8.5.6' ],
17 silly audit   'prelude-ls': [ '1.2.1' ],
17 silly audit   punycode: [ '2.3.1' ],
17 silly audit   react: [ '19.1.0' ],
17 silly audit   'react-dom': [ '19.1.0' ],
17 silly audit   'react-refresh': [ '0.17.0' ],
17 silly audit   'resolve-from': [ '4.0.0' ],
17 silly audit   rollup: [ '4.44.2' ],
17 silly audit   scheduler: [ '0.26.0' ],
17 silly audit   semver: [ '6.3.1' ],
17 silly audit   'shebang-command': [ '2.0.0' ],
17 silly audit   'shebang-regex': [ '3.0.0' ],
17 silly audit   'source-map-js': [ '1.2.1' ],
17 silly audit   'strip-json-comments': [ '3.1.1' ],
17 silly audit   'supports-color': [ '7.2.0' ],
17 silly audit   tinyglobby: [ '0.2.14' ],
17 silly audit   'type-check': [ '0.4.0' ],
17 silly audit   'update-browserslist-db': [ '1.1.3' ],
17 silly audit   'uri-js': [ '4.4.1' ],
17 silly audit   vite: [ '7.0.2' ],
17 silly audit   which: [ '2.0.2' ],
17 silly audit   'word-wrap': [ '1.2.5' ],
17 silly audit   yallist: [ '3.1.1' ],
17 silly audit   'yocto-queue': [ '0.1.0' ]
17 silly audit }
18 verbose reify failed optional dependency /home/manojkasula_mj/pitchcraft-frontend/node_modules/fsevents
19 silly reify mark deleted [ '/home/manojkasula_mj/pitchcraft-frontend/node_modules/fsevents' ]
20 verbose reify failed optional dependency /home/manojkasula_mj/pitchcraft-frontend/node_modules/@rollup/rollup-win32-x64-msvc
21 silly reify mark deleted [
21 silly reify   '/home/manojkasula_mj/pitchcraft-frontend/node_modules/@rollup/rollup-win32-x64-msvc'
21 silly reify ]
22 verbose reify failed optional dependency /home/manojkasula_mj/pitchcraft-frontend/node_modules/@rollup/rollup-win32-ia32-msvc
23 silly reify mark deleted [
23 silly reify   '/home/manojkasula_mj/pitchcraft-frontend/node_modules/@rollup/rollup-win32-ia32-msvc'
23 silly reify ]
24 verbose reify failed optional dependency /home/manojkasula_mj/pitchcraft-frontend/node_modules/@rollup/rollup-win32-arm64-msvc
25 silly reify mark deleted [
25 silly reify   '/home/manojkasula_mj/pitchcraft-frontend/node_modules/@rollup/rollup-win32-arm64-msvc'
25 silly reify ]
26 verbose reify failed optional dependency /home/manojkasula_mj/pitchcraft-frontend/node_modules/@rollup/rollup-linux-s390x-gnu
27 silly reify mark deleted [
27 silly reify   '/home/manojkasula_mj/pitchcraft-frontend/node_modules/@rollup/rollup-linux-s390x-gnu'
27 silly reify ]
28 verbose reify failed optional dependency /home/manojkasula_mj/pitchcraft-frontend/node_modules/@rollup/rollup-linux-riscv64-musl
29 silly reify mark deleted [
29 silly reify   '/home/manojkasula_mj/pitchcraft-frontend/node_modules/@rollup/rollup-linux-riscv64-musl'
29 silly reify ]
30 verbose reify failed optional dependency /home/manojkasula_mj/pitchcraft-frontend/node_modules/@rollup/rollup-linux-riscv64-gnu
31 silly reify mark deleted [
31 silly reify   '/home/manojkasula_mj/pitchcraft-frontend/node_modules/@rollup/rollup-linux-riscv64-gnu'
31 silly reify ]
32 verbose reify failed optional dependency /home/manojkasula_mj/pitchcraft-frontend/node_modules/@rollup/rollup-linux-powerpc64le-gnu
33 silly reify mark deleted [
33 silly reify   '/home/manojkasula_mj/pitchcraft-frontend/node_modules/@rollup/rollup-linux-powerpc64le-gnu'
33 silly reify ]
34 verbose reify failed optional dependency /home/manojkasula_mj/pitchcraft-frontend/node_modules/@rollup/rollup-linux-loongarch64-gnu
35 silly reify mark deleted [
35 silly reify   '/home/manojkasula_mj/pitchcraft-frontend/node_modules/@rollup/rollup-linux-loongarch64-gnu'
35 silly reify ]
36 verbose reify failed optional dependency /home/manojkasula_mj/pitchcraft-frontend/node_modules/@rollup/rollup-linux-arm64-musl
37 silly reify mark deleted [
37 silly reify   '/home/manojkasula_mj/pitchcraft-frontend/node_modules/@rollup/rollup-linux-arm64-musl'
37 silly reify ]
38 verbose reify failed optional dependency /home/manojkasula_mj/pitchcraft-frontend/node_modules/@rollup/rollup-linux-arm64-gnu
39 silly reify mark deleted [
39 silly reify   '/home/manojkasula_mj/pitchcraft-frontend/node_modules/@rollup/rollup-linux-arm64-gnu'
39 silly reify ]
40 verbose reify failed optional dependency /home/manojkasula_mj/pitchcraft-frontend/node_modules/@rollup/rollup-linux-arm-musleabihf
41 silly reify mark deleted [
41 silly reify   '/home/manojkasula_mj/pitchcraft-frontend/node_modules/@rollup/rollup-linux-arm-musleabihf'
41 silly reify ]
42 verbose reify failed optional dependency /home/manojkasula_mj/pitchcraft-frontend/node_modules/@rollup/rollup-linux-arm-gnueabihf
43 silly reify mark deleted [
43 silly reify   '/home/manojkasula_mj/pitchcraft-frontend/node_modules/@rollup/rollup-linux-arm-gnueabihf'
43 silly reify ]
44 verbose reify failed optional dependency /home/manojkasula_mj/pitchcraft-frontend/node_modules/@rollup/rollup-freebsd-x64
45 silly reify mark deleted [
45 silly reify   '/home/manojkasula_mj/pitchcraft-frontend/node_modules/@rollup/rollup-freebsd-x64'
45 silly reify ]
46 verbose reify failed optional dependency /home/manojkasula_mj/pitchcraft-frontend/node_modules/@rollup/rollup-freebsd-arm64
47 silly reify mark deleted [
47 silly reify   '/home/manojkasula_mj/pitchcraft-frontend/node_modules/@rollup/rollup-freebsd-arm64'
47 silly reify ]
48 verbose reify failed optional dependency /home/manojkasula_mj/pitchcraft-frontend/node_modules/@rollup/rollup-darwin-x64
49 silly reify mark deleted [
49 silly reify   '/home/manojkasula_mj/pitchcraft-frontend/node_modules/@rollup/rollup-darwin-x64'
49 silly reify ]
50 verbose reify failed optional dependency /home/manojkasula_mj/pitchcraft-frontend/node_modules/@rollup/rollup-darwin-arm64
51 silly reify mark deleted [
51 silly reify   '/home/manojkasula_mj/pitchcraft-frontend/node_modules/@rollup/rollup-darwin-arm64'
51 silly reify ]
52 verbose reify failed optional dependency /home/manojkasula_mj/pitchcraft-frontend/node_modules/@rollup/rollup-android-arm64
53 silly reify mark deleted [
53 silly reify   '/home/manojkasula_mj/pitchcraft-frontend/node_modules/@rollup/rollup-android-arm64'
53 silly reify ]
54 verbose reify failed optional dependency /home/manojkasula_mj/pitchcraft-frontend/node_modules/@rollup/rollup-android-arm-eabi
55 silly reify mark deleted [
55 silly reify   '/home/manojkasula_mj/pitchcraft-frontend/node_modules/@rollup/rollup-android-arm-eabi'
55 silly reify ]
56 verbose reify failed optional dependency /home/manojkasula_mj/pitchcraft-frontend/node_modules/@esbuild/win32-x64
57 silly reify mark deleted [
57 silly reify   '/home/manojkasula_mj/pitchcraft-frontend/node_modules/@esbuild/win32-x64'
57 silly reify ]
58 verbose reify failed optional dependency /home/manojkasula_mj/pitchcraft-frontend/node_modules/@esbuild/win32-ia32
59 silly reify mark deleted [
59 silly reify   '/home/manojkasula_mj/pitchcraft-frontend/node_modules/@esbuild/win32-ia32'
59 silly reify ]
60 verbose reify failed optional dependency /home/manojkasula_mj/pitchcraft-frontend/node_modules/@esbuild/win32-arm64
61 silly reify mark deleted [
61 silly reify   '/home/manojkasula_mj/pitchcraft-frontend/node_modules/@esbuild/win32-arm64'
61 silly reify ]
62 verbose reify failed optional dependency /home/manojkasula_mj/pitchcraft-frontend/node_modules/@esbuild/sunos-x64
63 silly reify mark deleted [
63 silly reify   '/home/manojkasula_mj/pitchcraft-frontend/node_modules/@esbuild/sunos-x64'
63 silly reify ]
64 verbose reify failed optional dependency /home/manojkasula_mj/pitchcraft-frontend/node_modules/@esbuild/openbsd-x64
65 silly reify mark deleted [
65 silly reify   '/home/manojkasula_mj/pitchcraft-frontend/node_modules/@esbuild/openbsd-x64'
65 silly reify ]
66 verbose reify failed optional dependency /home/manojkasula_mj/pitchcraft-frontend/node_modules/@esbuild/openbsd-arm64
67 silly reify mark deleted [
67 silly reify   '/home/manojkasula_mj/pitchcraft-frontend/node_modules/@esbuild/openbsd-arm64'
67 silly reify ]
68 verbose reify failed optional dependency /home/manojkasula_mj/pitchcraft-frontend/node_modules/@esbuild/netbsd-x64
69 silly reify mark deleted [
69 silly reify   '/home/manojkasula_mj/pitchcraft-frontend/node_modules/@esbuild/netbsd-x64'
69 silly reify ]
70 verbose reify failed optional dependency /home/manojkasula_mj/pitchcraft-frontend/node_modules/@esbuild/netbsd-arm64
71 silly reify mark deleted [
71 silly reify   '/home/manojkasula_mj/pitchcraft-frontend/node_modules/@esbuild/netbsd-arm64'
71 silly reify ]
72 verbose reify failed optional dependency /home/manojkasula_mj/pitchcraft-frontend/node_modules/@esbuild/linux-s390x
73 silly reify mark deleted [
73 silly reify   '/home/manojkasula_mj/pitchcraft-frontend/node_modules/@esbuild/linux-s390x'
73 silly reify ]
74 verbose reify failed optional dependency /home/manojkasula_mj/pitchcraft-frontend/node_modules/@esbuild/linux-riscv64
75 silly reify mark deleted [
75 silly reify   '/home/manojkasula_mj/pitchcraft-frontend/node_modules/@esbuild/linux-riscv64'
75 silly reify ]
76 verbose reify failed optional dependency /home/manojkasula_mj/pitchcraft-frontend/node_modules/@esbuild/linux-ppc64
77 silly reify mark deleted [
77 silly reify   '/home/manojkasula_mj/pitchcraft-frontend/node_modules/@esbuild/linux-ppc64'
77 silly reify ]
78 verbose reify failed optional dependency /home/manojkasula_mj/pitchcraft-frontend/node_modules/@esbuild/linux-mips64el
79 silly reify mark deleted [
79 silly reify   '/home/manojkasula_mj/pitchcraft-frontend/node_modules/@esbuild/linux-mips64el'
79 silly reify ]
80 verbose reify failed optional dependency /home/manojkasula_mj/pitchcraft-frontend/node_modules/@esbuild/linux-loong64
81 silly reify mark deleted [
81 silly reify   '/home/manojkasula_mj/pitchcraft-frontend/node_modules/@esbuild/linux-loong64'
81 silly reify ]
82 verbose reify failed optional dependency /home/manojkasula_mj/pitchcraft-frontend/node_modules/@esbuild/linux-ia32
83 silly reify mark deleted [
83 silly reify   '/home/manojkasula_mj/pitchcraft-frontend/node_modules/@esbuild/linux-ia32'
83 silly reify ]
84 verbose reify failed optional dependency /home/manojkasula_mj/pitchcraft-frontend/node_modules/@esbuild/linux-arm64
85 silly reify mark deleted [
85 silly reify   '/home/manojkasula_mj/pitchcraft-frontend/node_modules/@esbuild/linux-arm64'
85 silly reify ]
86 verbose reify failed optional dependency /home/manojkasula_mj/pitchcraft-frontend/node_modules/@esbuild/linux-arm
87 silly reify mark deleted [
87 silly reify   '/home/manojkasula_mj/pitchcraft-frontend/node_modules/@esbuild/linux-arm'
87 silly reify ]
88 verbose reify failed optional dependency /home/manojkasula_mj/pitchcraft-frontend/node_modules/@esbuild/freebsd-x64
89 silly reify mark deleted [
89 silly reify   '/home/manojkasula_mj/pitchcraft-frontend/node_modules/@esbuild/freebsd-x64'
89 silly reify ]
90 verbose reify failed optional dependency /home/manojkasula_mj/pitchcraft-frontend/node_modules/@esbuild/freebsd-arm64
91 silly reify mark deleted [
91 silly reify   '/home/manojkasula_mj/pitchcraft-frontend/node_modules/@esbuild/freebsd-arm64'
91 silly reify ]
92 verbose reify failed optional dependency /home/manojkasula_mj/pitchcraft-frontend/node_modules/@esbuild/darwin-x64
93 silly reify mark deleted [
93 silly reify   '/home/manojkasula_mj/pitchcraft-frontend/node_modules/@esbuild/darwin-x64'
93 silly reify ]
94 verbose reify failed optional dependency /home/manojkasula_mj/pitchcraft-frontend/node_modules/@esbuild/darwin-arm64
95 silly reify mark deleted [
95 silly reify   '/home/manojkasula_mj/pitchcraft-frontend/node_modules/@esbuild/darwin-arm64'
95 silly reify ]
96 verbose reify failed optional dependency /home/manojkasula_mj/pitchcraft-frontend/node_modules/@esbuild/android-x64
97 silly reify mark deleted [
97 silly reify   '/home/manojkasula_mj/pitchcraft-frontend/node_modules/@esbuild/android-x64'
97 silly reify ]
98 verbose reify failed optional dependency /home/manojkasula_mj/pitchcraft-frontend/node_modules/@esbuild/android-arm64
99 silly reify mark deleted [
99 silly reify   '/home/manojkasula_mj/pitchcraft-frontend/node_modules/@esbuild/android-arm64'
99 silly reify ]
100 verbose reify failed optional dependency /home/manojkasula_mj/pitchcraft-frontend/node_modules/@esbuild/android-arm
101 silly reify mark deleted [
101 silly reify   '/home/manojkasula_mj/pitchcraft-frontend/node_modules/@esbuild/android-arm'
101 silly reify ]
102 verbose reify failed optional dependency /home/manojkasula_mj/pitchcraft-frontend/node_modules/@esbuild/aix-ppc64
103 silly reify mark deleted [
103 silly reify   '/home/manojkasula_mj/pitchcraft-frontend/node_modules/@esbuild/aix-ppc64'
103 silly reify ]
104 http fetch POST 200 https://registry.npmjs.org/-/npm/v1/security/advisories/bulk 420ms
105 silly audit report {}
106 silly ADD node_modules/fsevents
107 silly ADD node_modules/@rollup/rollup-win32-x64-msvc
108 silly ADD node_modules/@rollup/rollup-win32-ia32-msvc
109 silly ADD node_modules/@rollup/rollup-win32-arm64-msvc
110 silly ADD node_modules/@rollup/rollup-linux-s390x-gnu
111 silly ADD node_modules/@rollup/rollup-linux-riscv64-musl
112 silly ADD node_modules/@rollup/rollup-linux-riscv64-gnu
113 silly ADD node_modules/@rollup/rollup-linux-powerpc64le-gnu
114 silly ADD node_modules/@rollup/rollup-linux-loongarch64-gnu
115 silly ADD node_modules/@rollup/rollup-linux-arm64-musl
116 silly ADD node_modules/@rollup/rollup-linux-arm64-gnu
117 silly ADD node_modules/@rollup/rollup-linux-arm-musleabihf
118 silly ADD node_modules/@rollup/rollup-linux-arm-gnueabihf
119 silly ADD node_modules/@rollup/rollup-freebsd-x64
120 silly ADD node_modules/@rollup/rollup-freebsd-arm64
121 silly ADD node_modules/@rollup/rollup-darwin-x64
122 silly ADD node_modules/@rollup/rollup-darwin-arm64
123 silly ADD node_modules/@rollup/rollup-android-arm64
124 silly ADD node_modules/@rollup/rollup-android-arm-eabi
125 silly ADD node_modules/@esbuild/win32-x64
126 silly ADD node_modules/@esbuild/win32-ia32
127 silly ADD node_modules/@esbuild/win32-arm64
128 silly ADD node_modules/@esbuild/sunos-x64
129 silly ADD node_modules/@esbuild/openbsd-x64
130 silly ADD node_modules/@esbuild/openbsd-arm64
131 silly ADD node_modules/@esbuild/netbsd-x64
132 silly ADD node_modules/@esbuild/netbsd-arm64
133 silly ADD node_modules/@esbuild/linux-s390x
134 silly ADD node_modules/@esbuild/linux-riscv64
135 silly ADD node_modules/@esbuild/linux-ppc64
136 silly ADD node_modules/@esbuild/linux-mips64el
137 silly ADD node_modules/@esbuild/linux-loong64
138 silly ADD node_modules/@esbuild/linux-ia32
139 silly ADD node_modules/@esbuild/linux-arm64
140 silly ADD node_modules/@esbuild/linux-arm
141 silly ADD node_modules/@esbuild/freebsd-x64
142 silly ADD node_modules/@esbuild/freebsd-arm64
143 silly ADD node_modules/@esbuild/darwin-x64
144 silly ADD node_modules/@esbuild/darwin-arm64
145 silly ADD node_modules/@esbuild/android-x64
146 silly ADD node_modules/@esbuild/android-arm64
147 silly ADD node_modules/@esbuild/android-arm
148 silly ADD node_modules/@esbuild/aix-ppc64
149 verbose cwd /home/manojkasula_mj/pitchcraft-frontend/src
150 verbose os Linux 6.6.87+
151 verbose node v22.16.0
152 verbose npm  v11.4.1
153 verbose exit 0
154 info ok
