0 verbose cli /usr/local/nvm/versions/node/v22.16.0/bin/node /usr/local/nvm/versions/node/v22.16.0/bin/npm
1 info using npm@11.4.1
2 info using node@v22.16.0
3 silly config load:file:/usr/local/nvm/versions/node/v22.16.0/lib/node_modules/npm/npmrc
4 silly config load:file:/home/manojkasula_mj/.cache/typescript/5.8/.npmrc
5 silly config load:file:/home/manojkasula_mj/.npmrc
6 silly config load:file:/usr/local/nvm/versions/node/v22.16.0/etc/npmrc
7 verbose title npm install @types/pdfkit@ts5.8
8 verbose argv "install" "--ignore-scripts" "@types/pdfkit@ts5.8" "--save-dev" "--user-agent" "typesInstaller/5.8.2"
9 verbose logfile logs-max:10 dir:/home/manojkasula_mj/.npm/_logs/2025-07-06T17_44_21_213Z-
10 verbose logfile /home/manojkasula_mj/.npm/_logs/2025-07-06T17_44_21_213Z-debug-0.log
11 silly logfile start cleaning logs, removing 1 files
12 silly packumentCache heap:2197815296 maxSize:549453824 maxEntrySize:274726912
13 silly logfile done cleaning log files
14 silly packumentCache corgi:https://registry.npmjs.org/@types%2fpdfkit cache-miss
15 http fetch GET 200 https://registry.npmjs.org/@types%2fpdfkit 150ms (cache miss)
16 silly packumentCache corgi:https://registry.npmjs.org/@types%2fpdfkit set size:undefined disposed:false
17 silly idealTree buildDeps
18 silly fetch manifest @types/pdfkit@0.14.0
19 silly packumentCache full:https://registry.npmjs.org/@types%2fpdfkit cache-miss
20 http fetch GET 200 https://registry.npmjs.org/@types%2fpdfkit 47ms (cache miss)
21 silly packumentCache full:https://registry.npmjs.org/@types%2fpdfkit set size:undefined disposed:false
22 silly placeDep ROOT @types/pdfkit@0.14.0 OK for:  want: 0.14.0
23 silly reify moves {}
24 silly audit bulk request {
24 silly audit   '@types/body-parser': [ '1.19.6' ],
24 silly audit   '@types/connect': [ '3.4.38' ],
24 silly audit   '@types/express': [ '5.0.3' ],
24 silly audit   '@types/express-serve-static-core': [ '5.0.6' ],
24 silly audit   '@types/fluent-ffmpeg': [ '2.1.27' ],
24 silly audit   '@types/http-errors': [ '2.0.5' ],
24 silly audit   '@types/mime': [ '1.3.5' ],
24 silly audit   '@types/node': [ '24.0.10' ],
24 silly audit   '@types/qs': [ '6.14.0' ],
24 silly audit   '@types/range-parser': [ '1.2.7' ],
24 silly audit   '@types/react': [ '19.1.8' ],
24 silly audit   '@types/send': [ '0.17.5' ],
24 silly audit   '@types/serve-static': [ '1.15.8' ],
24 silly audit   csstype: [ '3.1.3' ],
24 silly audit   'types-registry': [ '0.1.728' ],
24 silly audit   'undici-types': [ '7.8.0' ],
24 silly audit   '@types/pdfkit': [ '0.14.0' ]
24 silly audit }
25 http cache @types/pdfkit@https://registry.npmjs.org/@types/pdfkit/-/pdfkit-0.14.0.tgz 1ms (cache hit)
26 silly tarball no local data for @types/pdfkit@https://registry.npmjs.org/@types/pdfkit/-/pdfkit-0.14.0.tgz. Extracting by manifest.
27 http fetch GET 200 https://registry.npmjs.org/@types/pdfkit/-/pdfkit-0.14.0.tgz 65ms (cache miss)
28 http fetch POST 200 https://registry.npmjs.org/-/npm/v1/security/advisories/bulk 231ms
29 silly audit report {}
30 silly ADD node_modules/@types/pdfkit
31 verbose cwd /home/manojkasula_mj/.cache/typescript/5.8
32 verbose os Linux 6.6.87+
33 verbose node v22.16.0
34 verbose npm  v11.4.1
35 verbose exit 0
36 info ok
