0 verbose cli /usr/local/nvm/versions/node/v22.16.0/bin/node /usr/local/nvm/versions/node/v22.16.0/bin/npm
1 info using npm@11.4.1
2 info using node@v22.16.0
3 silly config load:file:/usr/local/nvm/versions/node/v22.16.0/lib/node_modules/npm/npmrc
4 silly config load:file:/home/manojkasula_mj/pitchcraft-frontend/.npmrc
5 silly config load:file:/home/manojkasula_mj/.npmrc
6 silly config load:file:/usr/local/nvm/versions/node/v22.16.0/etc/npmrc
7 verbose title npm install react-router-dom@6 axios
8 verbose argv "install" "react-router-dom@6" "axios"
9 verbose logfile logs-max:10 dir:/home/manojkasula_mj/.npm/_logs/2025-07-06T18_05_06_589Z-
10 verbose logfile /home/manojkasula_mj/.npm/_logs/2025-07-06T18_05_06_589Z-debug-0.log
11 silly logfile start cleaning logs, removing 1 files
12 silly packumentCache heap:2197815296 maxSize:549453824 maxEntrySize:274726912
13 silly logfile done cleaning log files
14 silly idealTree buildDeps
15 silly fetch manifest axios@^1.10.0
16 silly packumentCache full:https://registry.npmjs.org/axios cache-miss
17 http fetch GET 200 https://registry.npmjs.org/axios 189ms (cache revalidated)
18 silly packumentCache full:https://registry.npmjs.org/axios set size:668703 disposed:false
19 silly fetch manifest react-router-dom@6
20 silly packumentCache full:https://registry.npmjs.org/react-router-dom cache-miss
21 http fetch GET 200 https://registry.npmjs.org/react-router-dom 36ms (cache revalidated)
22 silly packumentCache full:https://registry.npmjs.org/react-router-dom set size:2082425 disposed:false
23 silly fetch manifest react@^19.1.0
24 silly packumentCache full:https://registry.npmjs.org/react cache-miss
25 http fetch GET 200 https://registry.npmjs.org/react 44ms (cache revalidated)
26 silly packumentCache full:https://registry.npmjs.org/react set size:5829097 disposed:false
27 silly fetch manifest react-dom@^19.1.0
28 silly packumentCache full:https://registry.npmjs.org/react-dom cache-miss
29 http fetch GET 200 https://registry.npmjs.org/react-dom 48ms (cache revalidated)
30 silly packumentCache full:https://registry.npmjs.org/react-dom set size:7461170 disposed:false
31 silly placeDep ROOT axios@1.10.0 REPLACE for: pitchcraft-frontend@0.0.0 want: ^1.10.0
32 silly placeDep ROOT react-router-dom@6.30.1 REPLACE for: pitchcraft-frontend@0.0.0 want: 6
33 silly reify moves {}
34 silly audit bulk request {
34 silly audit   '@ampproject/remapping': [ '2.3.0' ],
34 silly audit   '@babel/code-frame': [ '7.27.1' ],
34 silly audit   '@babel/compat-data': [ '7.28.0' ],
34 silly audit   '@babel/core': [ '7.28.0' ],
34 silly audit   '@babel/generator': [ '7.28.0' ],
34 silly audit   '@babel/helper-compilation-targets': [ '7.27.2' ],
34 silly audit   '@babel/helper-globals': [ '7.28.0' ],
34 silly audit   '@babel/helper-module-imports': [ '7.27.1' ],
34 silly audit   '@babel/helper-module-transforms': [ '7.27.3' ],
34 silly audit   '@babel/helper-plugin-utils': [ '7.27.1' ],
34 silly audit   '@babel/helper-string-parser': [ '7.27.1' ],
34 silly audit   '@babel/helper-validator-identifier': [ '7.27.1' ],
34 silly audit   '@babel/helper-validator-option': [ '7.27.1' ],
34 silly audit   '@babel/helpers': [ '7.27.6' ],
34 silly audit   '@babel/parser': [ '7.28.0' ],
34 silly audit   '@babel/plugin-transform-react-jsx-self': [ '7.27.1' ],
34 silly audit   '@babel/plugin-transform-react-jsx-source': [ '7.27.1' ],
34 silly audit   '@babel/runtime': [ '7.27.6' ],
34 silly audit   '@babel/template': [ '7.27.2' ],
34 silly audit   '@babel/traverse': [ '7.28.0' ],
34 silly audit   '@babel/types': [ '7.28.0' ],
34 silly audit   '@esbuild/aix-ppc64': [ '0.25.5' ],
34 silly audit   '@esbuild/android-arm': [ '0.25.5' ],
34 silly audit   '@esbuild/android-arm64': [ '0.25.5' ],
34 silly audit   '@esbuild/android-x64': [ '0.25.5' ],
34 silly audit   '@esbuild/darwin-arm64': [ '0.25.5' ],
34 silly audit   '@esbuild/darwin-x64': [ '0.25.5' ],
34 silly audit   '@esbuild/freebsd-arm64': [ '0.25.5' ],
34 silly audit   '@esbuild/freebsd-x64': [ '0.25.5' ],
34 silly audit   '@esbuild/linux-arm': [ '0.25.5' ],
34 silly audit   '@esbuild/linux-arm64': [ '0.25.5' ],
34 silly audit   '@esbuild/linux-ia32': [ '0.25.5' ],
34 silly audit   '@esbuild/linux-loong64': [ '0.25.5' ],
34 silly audit   '@esbuild/linux-mips64el': [ '0.25.5' ],
34 silly audit   '@esbuild/linux-ppc64': [ '0.25.5' ],
34 silly audit   '@esbuild/linux-riscv64': [ '0.25.5' ],
34 silly audit   '@esbuild/linux-s390x': [ '0.25.5' ],
34 silly audit   '@esbuild/linux-x64': [ '0.25.5' ],
34 silly audit   '@esbuild/netbsd-arm64': [ '0.25.5' ],
34 silly audit   '@esbuild/netbsd-x64': [ '0.25.5' ],
34 silly audit   '@esbuild/openbsd-arm64': [ '0.25.5' ],
34 silly audit   '@esbuild/openbsd-x64': [ '0.25.5' ],
34 silly audit   '@esbuild/sunos-x64': [ '0.25.5' ],
34 silly audit   '@esbuild/win32-arm64': [ '0.25.5' ],
34 silly audit   '@esbuild/win32-ia32': [ '0.25.5' ],
34 silly audit   '@esbuild/win32-x64': [ '0.25.5' ],
34 silly audit   '@eslint-community/eslint-utils': [ '4.7.0' ],
34 silly audit   'eslint-visitor-keys': [ '3.4.3', '4.2.1' ],
34 silly audit   '@eslint-community/regexpp': [ '4.12.1' ],
34 silly audit   '@eslint/config-array': [ '0.21.0' ],
34 silly audit   '@eslint/config-helpers': [ '0.3.0' ],
34 silly audit   '@eslint/core': [ '0.14.0', '0.15.1' ],
34 silly audit   '@eslint/eslintrc': [ '3.3.1' ],
34 silly audit   globals: [ '14.0.0', '16.3.0' ],
34 silly audit   '@eslint/js': [ '9.30.1' ],
34 silly audit   '@eslint/object-schema': [ '2.1.6' ],
34 silly audit   '@eslint/plugin-kit': [ '0.3.3' ],
34 silly audit   '@humanfs/core': [ '0.19.1' ],
34 silly audit   '@humanfs/node': [ '0.16.6' ],
34 silly audit   '@humanwhocodes/retry': [ '0.3.1', '0.4.3' ],
34 silly audit   '@humanwhocodes/module-importer': [ '1.0.1' ],
34 silly audit   '@jridgewell/gen-mapping': [ '0.3.12' ],
34 silly audit   '@jridgewell/resolve-uri': [ '3.1.2' ],
34 silly audit   '@jridgewell/sourcemap-codec': [ '1.5.4' ],
34 silly audit   '@jridgewell/trace-mapping': [ '0.3.29' ],
34 silly audit   '@react-dnd/asap': [ '5.0.2' ],
34 silly audit   '@react-dnd/invariant': [ '4.0.2' ],
34 silly audit   '@react-dnd/shallowequal': [ '4.0.2' ],
34 silly audit   '@remix-run/router': [ '1.23.0' ],
34 silly audit   '@rolldown/pluginutils': [ '1.0.0-beta.19' ],
34 silly audit   '@rollup/rollup-android-arm-eabi': [ '4.44.2' ],
34 silly audit   '@rollup/rollup-android-arm64': [ '4.44.2' ],
34 silly audit   '@rollup/rollup-darwin-arm64': [ '4.44.2' ],
34 silly audit   '@rollup/rollup-darwin-x64': [ '4.44.2' ],
34 silly audit   '@rollup/rollup-freebsd-arm64': [ '4.44.2' ],
34 silly audit   '@rollup/rollup-freebsd-x64': [ '4.44.2' ],
34 silly audit   '@rollup/rollup-linux-arm-gnueabihf': [ '4.44.2' ],
34 silly audit   '@rollup/rollup-linux-arm-musleabihf': [ '4.44.2' ],
34 silly audit   '@rollup/rollup-linux-arm64-gnu': [ '4.44.2' ],
34 silly audit   '@rollup/rollup-linux-arm64-musl': [ '4.44.2' ],
34 silly audit   '@rollup/rollup-linux-loongarch64-gnu': [ '4.44.2' ],
34 silly audit   '@rollup/rollup-linux-powerpc64le-gnu': [ '4.44.2' ],
34 silly audit   '@rollup/rollup-linux-riscv64-gnu': [ '4.44.2' ],
34 silly audit   '@rollup/rollup-linux-riscv64-musl': [ '4.44.2' ],
34 silly audit   '@rollup/rollup-linux-s390x-gnu': [ '4.44.2' ],
34 silly audit   '@rollup/rollup-linux-x64-gnu': [ '4.44.2' ],
34 silly audit   '@rollup/rollup-linux-x64-musl': [ '4.44.2' ],
34 silly audit   '@rollup/rollup-win32-arm64-msvc': [ '4.44.2' ],
34 silly audit   '@rollup/rollup-win32-ia32-msvc': [ '4.44.2' ],
34 silly audit   '@rollup/rollup-win32-x64-msvc': [ '4.44.2' ],
34 silly audit   '@types/babel__core': [ '7.20.5' ],
34 silly audit   '@types/babel__generator': [ '7.27.0' ],
34 silly audit   '@types/babel__template': [ '7.4.4' ],
34 silly audit   '@types/babel__traverse': [ '7.20.7' ],
34 silly audit   '@types/estree': [ '1.0.8' ],
34 silly audit   '@types/json-schema': [ '7.0.15' ],
34 silly audit   '@types/react': [ '19.1.8' ],
34 silly audit   '@types/react-dom': [ '19.1.6' ],
34 silly audit   '@vitejs/plugin-react': [ '4.6.0' ],
34 silly audit   acorn: [ '8.15.0' ],
34 silly audit   'acorn-jsx': [ '5.3.2' ],
34 silly audit   ajv: [ '6.12.6' ],
34 silly audit   'ansi-styles': [ '4.3.0' ],
34 silly audit   argparse: [ '2.0.1' ],
34 silly audit   asn1: [ '0.1.11' ],
34 silly audit   'assert-plus': [ '0.1.5', '1.0.0' ],
34 silly audit   async: [ '1.5.2' ],
34 silly audit   asynckit: [ '0.4.0' ],
34 silly audit   backoff: [ '2.5.0' ],
34 silly audit   'balanced-match': [ '1.0.2' ],
34 silly audit   bindings: [ '1.5.0' ],
34 silly audit   'brace-expansion': [ '1.1.12' ],
34 silly audit   browserslist: [ '4.25.1' ],
34 silly audit   bunyan: [ '1.3.4' ],
34 silly audit   'call-bind': [ '1.0.8' ],
34 silly audit   'call-bind-apply-helpers': [ '1.0.2' ],
34 silly audit   'call-bound': [ '1.0.4' ],
34 silly audit   callsites: [ '3.1.0' ],
34 silly audit   'caniuse-lite': [ '1.0.30001726' ],
34 silly audit   chalk: [ '4.1.2' ],
34 silly audit   'color-convert': [ '2.0.1' ],
34 silly audit   'color-name': [ '1.1.4' ],
34 silly audit   'combined-stream': [ '1.0.8' ],
34 silly audit   'concat-map': [ '0.0.1' ],
34 silly audit   'convert-source-map': [ '2.0.0' ],
34 silly audit   'core-util-is': [ '1.0.3', '1.0.2' ],
34 silly audit   'cross-spawn': [ '7.0.6' ],
34 silly audit   csstype: [ '3.1.3' ],
34 silly audit   csv: [ '0.4.6' ],
34 silly audit   'csv-generate': [ '0.0.6' ],
34 silly audit   'csv-parse': [ '1.3.3' ],
34 silly audit   'csv-stringify': [ '0.0.8' ],
34 silly audit   ctype: [ '0.5.3' ],
34 silly audit   debug: [ '4.4.1' ],
34 silly audit   'deep-equal': [ '1.1.2' ],
34 silly audit   'deep-is': [ '0.1.4' ],
34 silly audit   'define-data-property': [ '1.1.4' ],
34 silly audit   'define-properties': [ '1.2.1' ],
34 silly audit   'delayed-stream': [ '1.0.0' ],
34 silly audit   'dnd-core': [ '16.0.1' ],
34 silly audit   'dtrace-provider': [ '0.4.0' ],
34 silly audit   nan: [ '1.5.3', '2.22.2' ],
34 silly audit   'dunder-proto': [ '1.0.1' ],
34 silly audit   'electron-to-chromium': [ '1.5.179' ],
34 silly audit   'es-define-property': [ '1.0.1' ],
34 silly audit   'es-errors': [ '1.3.0' ],
34 silly audit   'es-object-atoms': [ '1.1.1' ],
34 silly audit   'es-set-tostringtag': [ '2.1.0' ],
34 silly audit   esbuild: [ '0.25.5' ],
34 silly audit   escalade: [ '3.2.0' ],
34 silly audit   'escape-regexp-component': [ '1.0.2' ],
34 silly audit   'escape-string-regexp': [ '4.0.0' ],
34 silly audit   eslint: [ '9.30.1' ],
34 silly audit   'eslint-plugin-react-hooks': [ '5.2.0' ],
34 silly audit   'eslint-plugin-react-refresh': [ '0.4.20' ],
34 silly audit   'eslint-scope': [ '8.4.0' ],
34 silly audit   espree: [ '10.4.0' ],
34 silly audit   esquery: [ '1.6.0' ],
34 silly audit   esrecurse: [ '4.3.0' ],
34 silly audit   estraverse: [ '5.3.0' ],
34 silly audit   esutils: [ '2.0.3' ],
34 silly audit   extsprintf: [ '1.4.1' ],
34 silly audit   'fast-deep-equal': [ '3.1.3' ],
34 silly audit   'fast-json-stable-stringify': [ '2.1.0' ],
34 silly audit   'fast-levenshtein': [ '2.0.6' ],
34 silly audit   fdir: [ '6.4.6' ],
34 silly audit   'file-entry-cache': [ '8.0.0' ],
34 silly audit   'file-uri-to-path': [ '1.0.0' ],
34 silly audit   'find-up': [ '5.0.0' ],
34 silly audit   'flat-cache': [ '4.0.1' ],
34 silly audit   flatted: [ '3.3.3' ],
34 silly audit   'follow-redirects': [ '1.15.9' ],
34 silly audit   'form-data': [ '4.0.3' ],
34 silly audit   formidable: [ '1.2.6' ],
34 silly audit   fsevents: [ '2.3.3' ],
34 silly audit   'function-bind': [ '1.1.2' ],
34 silly audit   'functions-have-names': [ '1.2.3' ],
34 silly audit   'generic-pool': [ '2.5.4' ],
34 silly audit   gensync: [ '1.0.0-beta.2' ],
34 silly audit   'get-intrinsic': [ '1.3.0' ],
34 silly audit   'get-proto': [ '1.0.1' ],
34 silly audit   glob: [ '6.0.4' ],
34 silly audit   'glob-parent': [ '6.0.2' ],
34 silly audit   gopd: [ '1.2.0' ],
34 silly audit   'has-flag': [ '4.0.0' ],
34 silly audit   'has-property-descriptors': [ '1.0.2' ],
34 silly audit   'has-symbols': [ '1.1.0' ],
34 silly audit   'has-tostringtag': [ '1.0.2' ],
34 silly audit   hasown: [ '2.0.2' ],
34 silly audit   'hoist-non-react-statics': [ '3.3.2' ],
34 silly audit   'http-signature': [ '0.10.1' ],
34 silly audit   ignore: [ '5.3.2' ],
34 silly audit   'import-fresh': [ '3.3.1' ],
34 silly audit   imurmurhash: [ '0.1.4' ],
34 silly audit   inflight: [ '1.0.6' ],
34 silly audit   inherits: [ '2.0.4' ],
34 silly audit   'is-arguments': [ '1.2.0' ],
34 silly audit   'is-date-object': [ '1.1.0' ],
34 silly audit   'is-extglob': [ '2.1.1' ],
34 silly audit   'is-glob': [ '4.0.3' ],
34 silly audit   'is-regex': [ '1.2.1' ],
34 silly audit   isarray: [ '0.0.1' ],
34 silly audit   isexe: [ '2.0.0' ],
34 silly audit   'js-tokens': [ '4.0.0' ],
34 silly audit   'js-yaml': [ '4.1.0' ],
34 silly audit   jsesc: [ '3.1.0' ],
34 silly audit   'json-buffer': [ '3.0.1' ],
34 silly audit   'json-schema-traverse': [ '0.4.1' ],
34 silly audit   'json-stable-stringify-without-jsonify': [ '1.0.1' ],
34 silly audit   json5: [ '2.2.3' ],
34 silly audit   'keep-alive-agent': [ '0.0.1' ],
34 silly audit   keyv: [ '4.5.4' ],
34 silly audit   levn: [ '0.4.1' ],
34 silly audit   'locate-path': [ '6.0.0' ],
34 silly audit   lodash: [ '3.10.1' ],
34 silly audit   'lodash.merge': [ '4.6.2' ],
34 silly audit   log4js: [ '0.6.38' ],
34 silly audit   semver: [ '4.3.6', '6.3.1' ],
34 silly audit   'lru-cache': [ '5.1.1', '2.7.3' ],
34 silly audit   'magic-ui': [ '0.1.0' ],
34 silly audit   'math-intrinsics': [ '1.1.0' ],
34 silly audit   mime: [ '1.6.0' ],
34 silly audit   'mime-db': [ '1.52.0' ],
34 silly audit   'mime-types': [ '2.1.35' ],
34 silly audit   minimatch: [ '3.1.2' ],
34 silly audit   minimist: [ '1.2.8' ],
34 silly audit   mkdirp: [ '0.5.6' ],
34 silly audit   ms: [ '2.1.3' ],
34 silly audit   mv: [ '2.1.1' ],
34 silly audit   nanoid: [ '3.3.11' ],
34 silly audit   'natural-compare': [ '1.4.0' ],
34 silly audit   ncp: [ '2.0.0' ],
34 silly audit   negotiator: [ '0.5.3' ],
34 silly audit   'node-releases': [ '2.0.19' ],
34 silly audit   'node-uuid': [ '1.4.8' ],
34 silly audit   'object-is': [ '1.1.6' ],
34 silly audit   'object-keys': [ '1.1.1' ],
34 silly audit   odbc: [ '1.4.10' ],
34 silly audit   'odbc-pool': [ '0.0.5' ],
34 silly audit   once: [ '1.4.0' ],
34 silly audit   optionator: [ '0.9.4' ],
34 silly audit   'p-limit': [ '3.1.0' ],
34 silly audit   'p-locate': [ '5.0.0' ],
34 silly audit   'parent-module': [ '1.0.1' ],
34 silly audit   'path-exists': [ '4.0.0' ],
34 silly audit   'path-is-absolute': [ '1.0.1' ],
34 silly audit   'path-key': [ '3.1.1' ],
34 silly audit   picocolors: [ '1.1.1' ],
34 silly audit   picomatch: [ '4.0.2' ],
34 silly audit   postcss: [ '8.5.6' ],
34 silly audit   precond: [ '0.2.3' ],
34 silly audit   'prelude-ls': [ '1.2.1' ],
34 silly audit   'proxy-from-env': [ '1.1.0' ],
34 silly audit   punycode: [ '2.3.1' ],
34 silly audit   qs: [ '2.4.2' ],
34 silly audit   react: [ '19.1.0' ],
34 silly audit   'react-dnd': [ '16.0.1' ],
34 silly audit   'react-dom': [ '19.1.0' ],
34 silly audit   'react-is': [ '16.13.1' ],
34 silly audit   'react-refresh': [ '0.17.0' ],
34 silly audit   'react-router': [ '6.30.1' ],
34 silly audit   'readable-stream': [ '1.0.34' ],
34 silly audit   redux: [ '4.2.1' ],
34 silly audit   'regexp.prototype.flags': [ '1.5.4' ],
34 silly audit   'resolve-from': [ '4.0.0' ],
34 silly audit   restify: [ '3.0.3' ],
34 silly audit   rimraf: [ '2.4.5' ],
34 silly audit   rollup: [ '4.44.2' ],
34 silly audit   'safe-json-stringify': [ '1.2.0' ],
34 silly audit   scheduler: [ '0.26.0' ],
34 silly audit   'set-function-length': [ '1.2.2' ],
34 silly audit   'set-function-name': [ '2.0.2' ],
34 silly audit   'shebang-command': [ '2.0.0' ],
34 silly audit   'shebang-regex': [ '3.0.0' ],
34 silly audit   'source-map-js': [ '1.2.1' ],
34 silly audit   spdy: [ '1.32.5' ],
34 silly audit   'stream-transform': [ '0.1.2' ],
34 silly audit   string_decoder: [ '0.10.31' ],
34 silly audit   'strip-json-comments': [ '3.1.1' ],
34 silly audit   'supports-color': [ '7.2.0' ],
34 silly audit   tinyglobby: [ '0.2.14' ],
34 silly audit   'tunnel-agent': [ '0.4.3' ],
34 silly audit   'type-check': [ '0.4.0' ],
34 silly audit   'update-browserslist-db': [ '1.1.3' ],
34 silly audit   'uri-js': [ '4.4.1' ],
34 silly audit   verror: [ '1.10.1' ],
34 silly audit   vite: [ '7.0.2' ],
34 silly audit   which: [ '2.0.2' ],
34 silly audit   'word-wrap': [ '1.2.5' ],
34 silly audit   wrappy: [ '1.0.2' ],
34 silly audit   yallist: [ '3.1.1' ],
34 silly audit   'yocto-queue': [ '0.1.0' ],
34 silly audit   axios: [ '1.10.0' ],
34 silly audit   'react-router-dom': [ '6.30.1' ]
34 silly audit }
35 http fetch POST 200 https://registry.npmjs.org/-/npm/v1/security/advisories/bulk 242ms
36 silly audit report {
36 silly audit report   'csv-parse': [
36 silly audit report     {
36 silly audit report       id: 1090106,
36 silly audit report       url: 'https://github.com/advisories/GHSA-582f-p4pg-xc74',
36 silly audit report       title: 'Regular Expression Denial of Service in csv-parse',
36 silly audit report       severity: 'high',
36 silly audit report       vulnerable_versions: '<4.4.6',
36 silly audit report       cwe: [Array],
36 silly audit report       cvss: [Object]
36 silly audit report     }
36 silly audit report   ],
36 silly audit report   lodash: [
36 silly audit report     {
36 silly audit report       id: 1097130,
36 silly audit report       url: 'https://github.com/advisories/GHSA-fvqr-27wr-82fm',
36 silly audit report       title: 'Prototype Pollution in lodash',
36 silly audit report       severity: 'moderate',
36 silly audit report       vulnerable_versions: '<4.17.5',
36 silly audit report       cwe: [Array],
36 silly audit report       cvss: [Object]
36 silly audit report     },
36 silly audit report     {
36 silly audit report       id: 1096996,
36 silly audit report       url: 'https://github.com/advisories/GHSA-35jh-r3h4-6jhm',
36 silly audit report       title: 'Command Injection in lodash',
36 silly audit report       severity: 'high',
36 silly audit report       vulnerable_versions: '<4.17.21',
36 silly audit report       cwe: [Array],
36 silly audit report       cvss: [Object]
36 silly audit report     },
36 silly audit report     {
36 silly audit report       id: 1097140,
36 silly audit report       url: 'https://github.com/advisories/GHSA-jf85-cpcp-j695',
36 silly audit report       title: 'Prototype Pollution in lodash',
36 silly audit report       severity: 'critical',
36 silly audit report       vulnerable_versions: '<4.17.12',
36 silly audit report       cwe: [Array],
36 silly audit report       cvss: [Object]
36 silly audit report     },
36 silly audit report     {
36 silly audit report       id: 1094499,
36 silly audit report       url: 'https://github.com/advisories/GHSA-4xc9-xhrj-v574',
36 silly audit report       title: 'Prototype Pollution in lodash',
36 silly audit report       severity: 'high',
36 silly audit report       vulnerable_versions: '<4.17.11',
36 silly audit report       cwe: [Array],
36 silly audit report       cvss: [Object]
36 silly audit report     },
36 silly audit report     {
36 silly audit report       id: 1094500,
36 silly audit report       url: 'https://github.com/advisories/GHSA-29mw-wpgm-hmr9',
36 silly audit report       title: 'Regular Expression Denial of Service (ReDoS) in lodash',
36 silly audit report       severity: 'moderate',
36 silly audit report       vulnerable_versions: '<4.17.21',
36 silly audit report       cwe: [Array],
36 silly audit report       cvss: [Object]
36 silly audit report     },
36 silly audit report     {
36 silly audit report       id: 1096305,
36 silly audit report       url: 'https://github.com/advisories/GHSA-p6mc-m468-83gw',
36 silly audit report       title: 'Prototype Pollution in lodash',
36 silly audit report       severity: 'high',
36 silly audit report       vulnerable_versions: '>=3.7.0 <4.17.19',
36 silly audit report       cwe: [Array],
36 silly audit report       cvss: [Object]
36 silly audit report     },
36 silly audit report     {
36 silly audit report       id: 1085674,
36 silly audit report       url: 'https://github.com/advisories/GHSA-x5rq-j2xg-h7qm',
36 silly audit report       title: 'Regular Expression Denial of Service (ReDoS) in lodash',
36 silly audit report       severity: 'moderate',
36 silly audit report       vulnerable_versions: '<4.17.11',
36 silly audit report       cwe: [Array],
36 silly audit report       cvss: [Object]
36 silly audit report     }
36 silly audit report   ],
36 silly audit report   log4js: [
36 silly audit report     {
36 silly audit report       id: 1095531,
36 silly audit report       url: 'https://github.com/advisories/GHSA-82v2-mx6x-wq7q',
36 silly audit report       title: 'Incorrect Default Permissions in log4js',
36 silly audit report       severity: 'moderate',
36 silly audit report       vulnerable_versions: '<6.4.0',
36 silly audit report       cwe: [Array],
36 silly audit report       cvss: [Object]
36 silly audit report     }
36 silly audit report   ],
36 silly audit report   semver: [
36 silly audit report     {
36 silly audit report       id: 1101089,
36 silly audit report       url: 'https://github.com/advisories/GHSA-c2qf-rxjj-qqgw',
36 silly audit report       title: 'semver vulnerable to Regular Expression Denial of Service',
36 silly audit report       severity: 'high',
36 silly audit report       vulnerable_versions: '<5.7.2',
36 silly audit report       cwe: [Array],
36 silly audit report       cvss: [Object]
36 silly audit report     }
36 silly audit report   ],
36 silly audit report   negotiator: [
36 silly audit report     {
36 silly audit report       id: 1090969,
36 silly audit report       url: 'https://github.com/advisories/GHSA-7mc5-chhp-fmc3',
36 silly audit report       title: 'Regular Expression Denial of Service in negotiator',
36 silly audit report       severity: 'high',
36 silly audit report       vulnerable_versions: '<0.6.1',
36 silly audit report       cwe: [Array],
36 silly audit report       cvss: [Object]
36 silly audit report     }
36 silly audit report   ],
36 silly audit report   qs: [
36 silly audit report     {
36 silly audit report       id: 1104115,
36 silly audit report       url: 'https://github.com/advisories/GHSA-hrpp-h998-j3pp',
36 silly audit report       title: 'qs vulnerable to Prototype Pollution',
36 silly audit report       severity: 'high',
36 silly audit report       vulnerable_versions: '<6.2.4',
36 silly audit report       cwe: [Array],
36 silly audit report       cvss: [Object]
36 silly audit report     },
36 silly audit report     {
36 silly audit report       id: 1087527,
36 silly audit report       url: 'https://github.com/advisories/GHSA-gqgv-6jq5-jjj9',
36 silly audit report       title: 'Prototype Pollution Protection Bypass in qs',
36 silly audit report       severity: 'high',
36 silly audit report       vulnerable_versions: '<6.0.4',
36 silly audit report       cwe: [Array],
36 silly audit report       cvss: [Object]
36 silly audit report     }
36 silly audit report   ],
36 silly audit report   restify: [
36 silly audit report     {
36 silly audit report       id: 1093821,
36 silly audit report       url: 'https://github.com/advisories/GHSA-qw3g-35hc-fcrh',
36 silly audit report       title: 'Cross-Site Scripting (XSS) in restify',
36 silly audit report       severity: 'moderate',
36 silly audit report       vulnerable_versions: '>=2.0.0 <=4.0.4',
36 silly audit report       cwe: [Array],
36 silly audit report       cvss: [Object]
36 silly audit report     }
36 silly audit report   ],
36 silly audit report   'tunnel-agent': [
36 silly audit report     {
36 silly audit report       id: 1085744,
36 silly audit report       url: 'https://github.com/advisories/GHSA-xc7v-wxcw-j472',
36 silly audit report       title: 'Memory Exposure in tunnel-agent',
36 silly audit report       severity: 'moderate',
36 silly audit report       vulnerable_versions: '<0.6.0',
36 silly audit report       cwe: [Array],
36 silly audit report       cvss: [Object]
36 silly audit report     }
36 silly audit report   ]
36 silly audit report }
37 silly packumentCache corgi:https://registry.npmjs.org/csv-parse cache-miss
38 silly packumentCache corgi:https://registry.npmjs.org/lodash cache-miss
39 silly packumentCache corgi:https://registry.npmjs.org/log4js cache-miss
40 silly packumentCache corgi:https://registry.npmjs.org/semver cache-miss
41 silly packumentCache corgi:https://registry.npmjs.org/negotiator cache-miss
42 silly packumentCache corgi:https://registry.npmjs.org/qs cache-miss
43 silly packumentCache corgi:https://registry.npmjs.org/restify cache-miss
44 silly packumentCache corgi:https://registry.npmjs.org/tunnel-agent cache-miss
45 http fetch GET 200 https://registry.npmjs.org/semver 73ms (cache revalidated)
46 silly packumentCache corgi:https://registry.npmjs.org/semver set size:94787 disposed:false
47 http fetch GET 200 https://registry.npmjs.org/qs 77ms (cache revalidated)
48 silly packumentCache corgi:https://registry.npmjs.org/qs set size:109860 disposed:false
49 http fetch GET 200 https://registry.npmjs.org/tunnel-agent 81ms (cache revalidated)
50 silly packumentCache corgi:https://registry.npmjs.org/tunnel-agent set size:4217 disposed:false
51 http fetch GET 200 https://registry.npmjs.org/negotiator 86ms (cache revalidated)
52 silly packumentCache corgi:https://registry.npmjs.org/negotiator set size:17698 disposed:false
53 http fetch GET 200 https://registry.npmjs.org/log4js 92ms (cache revalidated)
54 silly packumentCache corgi:https://registry.npmjs.org/log4js set size:205336 disposed:false
55 http fetch GET 200 https://registry.npmjs.org/lodash 101ms (cache revalidated)
56 silly packumentCache corgi:https://registry.npmjs.org/lodash set size:67972 disposed:false
57 http fetch GET 200 https://registry.npmjs.org/restify 110ms (cache revalidated)
58 silly packumentCache corgi:https://registry.npmjs.org/restify set size:227613 disposed:false
59 http fetch GET 200 https://registry.npmjs.org/csv-parse 763ms (cache revalidated)
60 silly packumentCache corgi:https://registry.npmjs.org/csv-parse set size:191005 disposed:false
61 silly packumentCache corgi:https://registry.npmjs.org/csv cache-miss
62 http fetch GET 200 https://registry.npmjs.org/csv 25ms (cache revalidated)
63 silly packumentCache corgi:https://registry.npmjs.org/csv set size:116111 disposed:false
64 silly packumentCache corgi:https://registry.npmjs.org/magic-ui cache-miss
65 http fetch GET 200 https://registry.npmjs.org/magic-ui 620ms (cache revalidated)
66 silly packumentCache corgi:https://registry.npmjs.org/magic-ui set size:1108 disposed:false
67 verbose cwd /home/manojkasula_mj/pitchcraft-frontend/src
68 verbose os Linux 6.6.87+
69 verbose node v22.16.0
70 verbose npm  v11.4.1
71 verbose exit 0
72 info ok
