2025-07-06 17:08:10.541 [info] Extension host with pid 1267 started
2025-07-06 17:08:10.541 [error] Error: EEXIST: file already exists, open '/home/manojkasula_mj/.codeoss/data/User/workspaceStorage/caac535/vscode.lock'
2025-07-06 17:08:10.550 [info] Lock '/home/manojkasula_mj/.codeoss/data/User/workspaceStorage/caac535/vscode.lock': Could not acquire lock, checking if the file is stale.
2025-07-06 17:08:10.551 [info] Lock '/home/manojkasula_mj/.codeoss/data/User/workspaceStorage/caac535/vscode.lock': The pid 1282 appears to be gone.
2025-07-06 17:08:10.551 [info] Lock '/home/manojkasula_mj/.codeoss/data/User/workspaceStorage/caac535/vscode.lock': Deleting a stale lock.
2025-07-06 17:08:10.559 [info] Lock '/home/manojkasula_mj/.codeoss/data/User/workspaceStorage/caac535/vscode.lock': Lock acquired.
2025-07-06 17:08:10.626 [info] ExtensionService#_doActivateExtension vscode.emmet, startup: false, activationEvent: 'onLanguage'
2025-07-06 17:08:10.627 [info] ExtensionService#_doActivateExtension google.cloud-shell, startup: false, activationEvent: 'onTerminalProfile:cloudshell.default'
2025-07-06 17:08:10.774 [info] ExtensionService#_doActivateExtension vscode.git-base, startup: true, activationEvent: '*', root cause: vscode.git
2025-07-06 17:08:10.846 [info] ExtensionService#_doActivateExtension vscode.git, startup: true, activationEvent: '*'
2025-07-06 17:08:10.846 [info] ExtensionService#_doActivateExtension vscode.github, startup: true, activationEvent: '*'
2025-07-06 17:08:10.957 [info] ExtensionService#_doActivateExtension vscode.configuration-editing, startup: false, activationEvent: 'onLanguage:jsonc'
2025-07-06 17:08:10.957 [info] ExtensionService#_doActivateExtension vscode.json-language-features, startup: false, activationEvent: 'onLanguage:jsonc'
2025-07-06 17:08:10.958 [info] ExtensionService#_doActivateExtension vscode.typescript-language-features, startup: false, activationEvent: 'onLanguage:jsonc'
2025-07-06 17:08:11.405 [info] Eager extensions activated
2025-07-06 17:08:11.405 [info] ExtensionService#_doActivateExtension EditorConfig.EditorConfig, startup: false, activationEvent: 'onStartupFinished'
2025-07-06 17:08:11.406 [info] ExtensionService#_doActivateExtension google.geminicodeassist, startup: false, activationEvent: 'onStartupFinished', root cause: googlecloudtools.cloudcode
2025-07-06 17:08:11.406 [info] ExtensionService#_doActivateExtension vscode.debug-auto-launch, startup: false, activationEvent: 'onStartupFinished'
2025-07-06 17:08:11.407 [info] ExtensionService#_doActivateExtension vscode.merge-conflict, startup: false, activationEvent: 'onStartupFinished'
2025-07-06 17:08:16.193 [info] ExtensionService#_doActivateExtension googlecloudtools.cloudcode, startup: false, activationEvent: 'onStartupFinished'
2025-07-06 17:19:16.718 [info] ExtensionService#_doActivateExtension vscode.simple-browser, startup: false, activationEvent: 'onOpenExternalUri:https'
2025-07-06 17:37:13.692 [info] ExtensionService#_doActivateExtension vscode.css-language-features, startup: false, activationEvent: 'onLanguage:css'
2025-07-06 18:09:08.410 [warning] [Decorations] CAPPING events from decorations provider vscode.git 7912
2025-07-06 18:09:09.895 [warning] [Decorations] CAPPING events from decorations provider vscode.git 7912
2025-07-06 18:09:56.119 [warning] [Decorations] CAPPING events from decorations provider vscode.git 7912
2025-07-06 18:10:01.511 [warning] [Decorations] CAPPING events from decorations provider vscode.git 7913
