2025-07-06 17:19:39.071 [info] Extension host with pid 2780 started
2025-07-06 17:19:39.080 [info] Lock '/home/manojkasula_mj/.codeoss/data/User/workspaceStorage/a920296/vscode.lock': Lock acquired.
2025-07-06 17:19:39.168 [info] ExtensionService#_doActivateExtension vscode.emmet, startup: false, activationEvent: 'onLanguage'
2025-07-06 17:19:39.272 [info] ExtensionService#_doActivateExtension vscode.git-base, startup: true, activationEvent: '*', root cause: vscode.git
2025-07-06 17:19:39.340 [info] ExtensionService#_doActivateExtension vscode.git, startup: true, activationEvent: '*'
2025-07-06 17:19:39.341 [info] ExtensionService#_doActivateExtension vscode.github, startup: true, activationEvent: '*'
2025-07-06 17:19:39.536 [info] Eager extensions activated
2025-07-06 17:19:39.536 [info] ExtensionService#_doActivateExtension EditorConfig.EditorConfig, startup: false, activationEvent: 'onStartupFinished'
2025-07-06 17:19:39.537 [info] ExtensionService#_doActivateExtension google.cloud-shell, startup: false, activationEvent: 'onStartupFinished'
2025-07-06 17:19:39.537 [info] ExtensionService#_doActivateExtension google.geminicodeassist, startup: false, activationEvent: 'onStartupFinished', root cause: googlecloudtools.cloudcode
2025-07-06 17:19:39.538 [info] ExtensionService#_doActivateExtension vscode.debug-auto-launch, startup: false, activationEvent: 'onStartupFinished'
2025-07-06 17:19:39.538 [info] ExtensionService#_doActivateExtension vscode.merge-conflict, startup: false, activationEvent: 'onStartupFinished'
2025-07-06 17:19:40.981 [info] ExtensionService#_doActivateExtension googlecloudtools.cloudcode, startup: false, activationEvent: 'onStartupFinished'
2025-07-06 17:19:42.856 [info] ExtensionService#_doActivateExtension vscode.configuration-editing, startup: false, activationEvent: 'onLanguage:jsonc'
2025-07-06 17:19:42.856 [info] ExtensionService#_doActivateExtension vscode.json-language-features, startup: false, activationEvent: 'onLanguage:jsonc'
2025-07-06 17:19:42.857 [info] ExtensionService#_doActivateExtension vscode.typescript-language-features, startup: false, activationEvent: 'onLanguage:jsonc'
2025-07-06 17:19:56.734 [info] ExtensionService#_doActivateExtension vscode.simple-browser, startup: false, activationEvent: 'onOpenExternalUri:https'
2025-07-06 17:20:03.608 [info] Extension host terminating: received terminate message from renderer
2025-07-06 17:20:03.609 [info] Lock '/home/manojkasula_mj/.codeoss/data/User/workspaceStorage/a920296/vscode.lock': Marking the lockfile as scheduled to be released in 6000 ms.
2025-07-06 17:20:08.617 [info] Extension host with pid 2780 exiting with code 0
