Initializing document watcher...
Document watcher initialized
manojkasula_mj/pitchcraft-ai/.env: {}
manojkasula_mj/pitchcraft-ai/.env: Using EditorConfig core...
manojkasula_mj/pitchcraft-ai/.env: {}
manojkasula_mj/pitchcraft-ai/server.js: {}
manojkasula_mj/pitchcraft-ai/server.js: Using EditorConfig core...
manojkasula_mj/pitchcraft-ai/server.js: {}
manojkasula_mj/pitchcraft-ai/server.js: {}
manojkasula_mj/pitchcraft-ai/controllers/authController.js: {}
manojkasula_mj/pitchcraft-ai/controllers/authController.js: {}
manojkasula_mj/pitchcraft-ai/controllers/researchController.js: {}
manojkasula_mj/pitchcraft-ai/controllers/researchController.js: {}
manojkasula_mj/pitchcraft-ai/controllers/pitchController.js: {}
manojkasula_mj/pitchcraft-ai/controllers/pitchController.js: {}
manojkasula_mj/pitchcraft-ai/controllers/pitchController.js: {}
manojkasula_mj/pitchcraft-ai/services/supabaseService.js: {}
manojkasula_mj/pitchcraft-ai/services/supabaseService.js: {}
manojkasula_mj/pitchcraft-ai/services/firecrawlService.js: {}
manojkasula_mj/pitchcraft-ai/services/firecrawlService.js: {}
manojkasula_mj/pitchcraft-ai/services/tamboAIService.js: {}
manojkasula_mj/pitchcraft-ai/services/tamboAIService.js: {}
manojkasula_mj/pitchcraft-ai/services/tamboAIService.js: {}
manojkasula_mj/pitchcraft-ai/routes/authRoutes.js: {}
manojkasula_mj/pitchcraft-ai/routes/authRoutes.js: {}
manojkasula_mj/pitchcraft-ai/routes/apiRoutes.js: {}
manojkasula_mj/pitchcraft-ai/routes/apiRoutes.js: {}
manojkasula_mj/pitchcraft-ai/services/supabaseService.js: {}
manojkasula_mj/pitchcraft-ai/services/supabaseService.js: Using EditorConfig core...
manojkasula_mj/pitchcraft-ai/services/supabaseService.js: {}
manojkasula_mj/pitchcraft-ai/services/firecrawlService.js: {}
manojkasula_mj/pitchcraft-ai/services/firecrawlService.js: Using EditorConfig core...
manojkasula_mj/pitchcraft-ai/services/firecrawlService.js: {}
manojkasula_mj/pitchcraft-ai/services/tamboAIService.js: {}
manojkasula_mj/pitchcraft-ai/services/tamboAIService.js: Using EditorConfig core...
manojkasula_mj/pitchcraft-ai/services/tamboAIService.js: {}
manojkasula_mj/pitchcraft-ai/services/tamboAIService.js: {}
manojkasula_mj/pitchcraft-ai/services/lingoService.js: {}
manojkasula_mj/pitchcraft-ai/services/lingoService.js: {}
manojkasula_mj/pitchcraft-ai/services/lingoService.js: Using EditorConfig core...
manojkasula_mj/pitchcraft-ai/services/lingoService.js: {}
manojkasula_mj/pitchcraft-ai/controllers/authController.js: {}
manojkasula_mj/pitchcraft-ai/controllers/authController.js: Using EditorConfig core...
manojkasula_mj/pitchcraft-ai/controllers/authController.js: {}
manojkasula_mj/pitchcraft-ai/controllers/researchController.js: {}
manojkasula_mj/pitchcraft-ai/controllers/researchController.js: Using EditorConfig core...
manojkasula_mj/pitchcraft-ai/controllers/researchController.js: {}
manojkasula_mj/pitchcraft-ai/routes/authRoutes.js: {}
manojkasula_mj/pitchcraft-ai/routes/authRoutes.js: Using EditorConfig core...
manojkasula_mj/pitchcraft-ai/routes/authRoutes.js: {}
manojkasula_mj/pitchcraft-ai/routes/apiRoutes.js: {}
manojkasula_mj/pitchcraft-ai/routes/apiRoutes.js: Using EditorConfig core...
manojkasula_mj/pitchcraft-ai/routes/apiRoutes.js: {}
manojkasula_mj/pitchcraft-ai/server.js: {}
manojkasula_mj/pitchcraft-ai/server.js: Using EditorConfig core...
manojkasula_mj/pitchcraft-ai/server.js: {}
manojkasula_mj/pitchcraft-ai/server.js: {}
manojkasula_mj/pitchcraft-ai/middleware/authMiddleware.js: {}
manojkasula_mj/pitchcraft-ai/middleware/authMiddleware.js: {}
manojkasula_mj/pitchcraft-ai/middleware/authMiddleware.js: Using EditorConfig core...
manojkasula_mj/pitchcraft-ai/middleware/authMiddleware.js: {}
manojkasula_mj/pitchcraft-ai/middleware/authMiddleware.js: {}
manojkasula_mj/pitchcraft-ai/middleware/authMiddleware.js: {}
manojkasula_mj/pitchcraft-ai/middleware/authMiddleware.js: {}
manojkasula_mj/pitchcraft-ai/middleware/authMiddleware.js: {}
manojkasula_mj/pitchcraft-ai/middleware/authMiddleware.js: {}
manojkasula_mj/pitchcraft-ai/middleware/authMiddleware.js: {}
manojkasula_mj/pitchcraft-ai/middleware/authMiddleware.js: {}
manojkasula_mj/pitchcraft-ai/middleware/authMiddleware.js: {}
manojkasula_mj/pitchcraft-ai/middleware/authMiddleware.js: {}
manojkasula_mj/pitchcraft-ai/middleware/authMiddleware.js: {}
manojkasula_mj/pitchcraft-ai/middleware/authMiddleware.js: {}
manojkasula_mj/pitchcraft-ai/middleware/authMiddleware.js: {}
manojkasula_mj/pitchcraft-ai/middleware/authMiddleware.js: {}
manojkasula_mj/pitchcraft-ai/middleware/authMiddleware.js: {}
manojkasula_mj/pitchcraft-ai/middleware/authMiddleware.js: {}
manojkasula_mj/pitchcraft-frontend/src/services: {}
manojkasula_mj/pitchcraft-frontend/src/services: {}
manojkasula_mj/pitchcraft-ai/middleware/authMiddleware.js: {}
manojkasula_mj/pitchcraft-ai/middleware/authMiddleware.js: {}
manojkasula_mj/pitchcraft-frontend/src/services/apiService.js: {}
manojkasula_mj/pitchcraft-frontend/src/services/apiService.js: {}
manojkasula_mj/pitchcraft-frontend/src/services/supabaseClient.js: {}
manojkasula_mj/pitchcraft-frontend/src/services/supabaseClient.js: {}
manojkasula_mj/pitchcraft-frontend/src/contexts/AuthContext.jsx: {}
manojkasula_mj/pitchcraft-frontend/src/contexts/AuthContext.jsx: {}
manojkasula_mj/pitchcraft-frontend/src/services/supabaseClient.js: {}
manojkasula_mj/pitchcraft-frontend/src/services/supabaseClient.js: Using EditorConfig core...
manojkasula_mj/pitchcraft-frontend/src/services/supabaseClient.js: {}
manojkasula_mj/pitchcraft-frontend/src/services/apiService.js: {}
manojkasula_mj/pitchcraft-frontend/src/services/apiService.js: Using EditorConfig core...
manojkasula_mj/pitchcraft-frontend/src/services/apiService.js: {}
manojkasula_mj/pitchcraft-frontend/src/contexts/AuthContext.jsx: {}
manojkasula_mj/pitchcraft-frontend/src/contexts/AuthContext.jsx: Using EditorConfig core...
manojkasula_mj/pitchcraft-frontend/src/contexts/AuthContext.jsx: {}
manojkasula_mj/pitchcraft-frontend/src/App.jsx: {}
manojkasula_mj/pitchcraft-frontend/src/App.jsx: Using EditorConfig core...
manojkasula_mj/pitchcraft-frontend/src/App.jsx: {}
manojkasula_mj/pitchcraft-frontend/src/components/IdeaForm.jsx: {}
manojkasula_mj/pitchcraft-frontend/src/components/IdeaForm.jsx: Using EditorConfig core...
manojkasula_mj/pitchcraft-frontend/src/components/IdeaForm.jsx: {}
manojkasula_mj/pitchcraft-frontend/src/components/PitchEditor.jsx: {}
manojkasula_mj/pitchcraft-frontend/src/components/PitchEditor.jsx: Using EditorConfig core...
manojkasula_mj/pitchcraft-frontend/src/components/PitchEditor.jsx: {}
manojkasula_mj/pitchcraft-frontend/src/components/SlidePreview.jsx: {}
manojkasula_mj/pitchcraft-frontend/src/components/SlidePreview.jsx: Using EditorConfig core...
manojkasula_mj/pitchcraft-frontend/src/components/SlidePreview.jsx: {}
manojkasula_mj/pitchcraft-frontend/src/components/SlidePreview.jsx: {}
manojkasula_mj/pitchcraft-frontend/src/components/ExportOptions.jsx: {}
manojkasula_mj/pitchcraft-frontend/src/components/ExportOptions.jsx: {}
manojkasula_mj/pitchcraft-frontend/src/components/ExportOptions.jsx: Using EditorConfig core...
manojkasula_mj/pitchcraft-frontend/src/components/ExportOptions.jsx: {}
manojkasula_mj/pitchcraft-frontend/src/components/ExportOptions.jsx: {}
manojkasula_mj/pitchcraft-frontend/src/components/ExportOptions.jsx: {}
manojkasula_mj/pitchcraft-ai/server.js: {}
manojkasula_mj/pitchcraft-ai/server.js: Using EditorConfig core...
manojkasula_mj/pitchcraft-ai/server.js: {}
manojkasula_mj/.vscode/settings.json: Using EditorConfig core...
manojkasula_mj/pitchcraft-ai/.env: {}
manojkasula_mj/pitchcraft-ai/.env: {}
manojkasula_mj/.vscode/settings.json: Using EditorConfig core...
manojkasula_mj/pitchcraft-ai/services/lingoService.js: {}
manojkasula_mj/pitchcraft-ai/services/supabaseService.js: {}
manojkasula_mj/pitchcraft-ai/services/tamboAIService.js: {}
manojkasula_mj/pitchcraft-ai/controllers/pitchController.js: {}
manojkasula_mj/pitchcraft-ai/controllers/pitchController.js: {}
manojkasula_mj/pitchcraft-ai/server.js: {}
manojkasula_mj/pitchcraft-frontend/src/components/Dashboard.jsx: {}
manojkasula_mj/pitchcraft-frontend/src/components/CollaborationPanel.jsx: {}
manojkasula_mj/pitchcraft-frontend/src/components/CollaborationPanel.jsx: {}
manojkasula_mj/pitchcraft-frontend/src/components/Dashboard.jsx: {}
manojkasula_mj/pitchcraft-frontend/src/components/Dashboard.jsx: {}
manojkasula_mj/pitchcraft-frontend/src/components/Dashboard.jsx: {}
manojkasula_mj/pitchcraft-frontend/src/components/IdeaForm.jsx: {}
manojkasula_mj/pitchcraft-frontend/src/components/PitchEditor.jsx: {}
manojkasula_mj/pitchcraft-frontend/src/components/SlidePreview.jsx: {}
manojkasula_mj/pitchcraft-frontend/src/contexts/AuthContext.jsx: {}
manojkasula_mj/pitchcraft-frontend/src/services/apiService.js: {}
manojkasula_mj/pitchcraft-frontend/src/services/supabaseClient.js: {}
manojkasula_mj/pitchcraft-frontend/src/App.css: {}
manojkasula_mj/pitchcraft-frontend/src/App.jsx: {}
manojkasula_mj/pitchcraft-frontend/src/index.css: {}
manojkasula_mj/pitchcraft-frontend/src/main.jsx: {}
manojkasula_mj/pitchcraft-frontend/src/main.jsx: {}
manojkasula_mj/pitchcraft-frontend/src/main.jsx: {}
manojkasula_mj/pitchcraft-frontend/src/services/apiService.js: {}
manojkasula_mj/pitchcraft-frontend/src/components/IdeaForm.jsx: {}
manojkasula_mj/pitchcraft-frontend/src/services/apiService.js: {}
manojkasula_mj/pitchcraft-ai/server.js: {}
manojkasula_mj/pitchcraft-ai/.env: {}
manojkasula_mj/pitchcraft-ai/.env: Using EditorConfig core...
manojkasula_mj/pitchcraft-ai/.env: {}
manojkasula_mj/pitchcraft-ai/server.js: {}
manojkasula_mj/pitchcraft-ai/server.js: Using EditorConfig core...
manojkasula_mj/pitchcraft-ai/server.js: Using EditorConfig core...
manojkasula_mj/pitchcraft-ai/server.js: {}
manojkasula_mj/pitchcraft-ai/server.js: Using EditorConfig core...
manojkasula_mj/pitchcraft-ai/server.js: Using EditorConfig core...
manojkasula_mj/pitchcraft-ai/server.js: Using EditorConfig core...
manojkasula_mj/pitchcraft-ai/server.js: Using EditorConfig core...
manojkasula_mj/pitchcraft-ai/server.js: {}
manojkasula_mj/pitchcraft-ai/server.js: {}
manojkasula_mj/pitchcraft-frontend/.env: {}
manojkasula_mj/pitchcraft-frontend/.env: Using EditorConfig core...
manojkasula_mj/pitchcraft-frontend/.env: {}
manojkasula_mj/pitchcraft-frontend/src/components/Dashboard.jsx: {}
manojkasula_mj/pitchcraft-frontend/src/components/Dashboard.jsx: Using EditorConfig core...
manojkasula_mj/pitchcraft-frontend/src/components/Dashboard.jsx: {}
manojkasula_mj/pitchcraft-frontend/src/components/CollaborationPanel.jsx: {}
manojkasula_mj/pitchcraft-frontend/src/components/CollaborationPanel.jsx: Using EditorConfig core...
manojkasula_mj/pitchcraft-frontend/src/components/CollaborationPanel.jsx: {}
manojkasula_mj/pitchcraft-frontend/src/services/supabaseClient.js: {}
manojkasula_mj/pitchcraft-frontend/src/services/supabaseClient.js: {}
manojkasula_mj/pitchcraft-frontend/src/services/supabaseClient.js: {}
manojkasula_mj/pitchcraft-frontend/src/contexts/AuthContext.jsx: {}
manojkasula_mj/pitchcraft-frontend/src/contexts/AuthContext.jsx: {}
manojkasula_mj/pitchcraft-frontend/src/contexts/AuthContext.jsx: Using EditorConfig core...
manojkasula_mj/pitchcraft-frontend/src/contexts/AuthContext.jsx: Using EditorConfig core...
manojkasula_mj/pitchcraft-frontend/src/contexts/AuthContext.jsx: {}
manojkasula_mj/pitchcraft-frontend/src/contexts/AuthContext.jsx: {}
manojkasula_mj/pitchcraft-frontend/src/services/apiService.js: {}
manojkasula_mj/pitchcraft-frontend/src/services/apiService.js: {}
manojkasula_mj/pitchcraft-frontend/src/services/apiService.js: {}
manojkasula_mj/pitchcraft-frontend/src/services/apiService.js: {}
manojkasula_mj/pitchcraft-frontend/src/services/apiService.js: {}
manojkasula_mj/pitchcraft-frontend/src/services/apiService.js: {}
manojkasula_mj/pitchcraft-frontend/src/services/apiService.js: {}
manojkasula_mj/pitchcraft-frontend/src/services/apiService.js: {}
manojkasula_mj/pitchcraft-frontend/src/services/apiService.js: {}
manojkasula_mj/pitchcraft-frontend/src/services/apiService.js: {}
manojkasula_mj/pitchcraft-ai/server.js: {}
manojkasula_mj/pitchcraft-ai/server.js: Using EditorConfig core...
manojkasula_mj/pitchcraft-ai/server.js: {}
manojkasula_mj/pitchcraft-ai/server.js: {}
manojkasula_mj/pitchcraft-ai/server.js: {}
manojkasula_mj/pitchcraft-ai/server.js: {}
manojkasula_mj/pitchcraft-frontend/src/App.jsx: {}
manojkasula_mj/pitchcraft-frontend/src/App.jsx: {}
manojkasula_mj/pitchcraft-frontend/src/App.jsx: Using EditorConfig core...
manojkasula_mj/pitchcraft-frontend/src/App.jsx: Using EditorConfig core...
manojkasula_mj/pitchcraft-frontend/src/App.jsx: Using EditorConfig core...
manojkasula_mj/pitchcraft-frontend/src/App.jsx: Using EditorConfig core...
manojkasula_mj/pitchcraft-frontend/src/App.jsx: Using EditorConfig core...
manojkasula_mj/pitchcraft-frontend/src/App.jsx: {}
manojkasula_mj/pitchcraft-frontend/src/main.jsx: {}
manojkasula_mj/pitchcraft-frontend/src/main.jsx: Using EditorConfig core...
manojkasula_mj/pitchcraft-frontend/src/main.jsx: {}
manojkasula_mj/pitchcraft-frontend/src/main.jsx: {}
manojkasula_mj/pitchcraft-frontend/src/contexts/AuthContext.jsx: {}
manojkasula_mj/pitchcraft-frontend/src/contexts/AuthContext.jsx: Using EditorConfig core...
manojkasula_mj/pitchcraft-frontend/src/contexts/AuthContext.jsx: {}
manojkasula_mj/pitchcraft-frontend/src/contexts/AuthContext.jsx: {}
manojkasula_mj/pitchcraft-frontend/src/contexts/AuthContext.jsx: {}
manojkasula_mj/pitchcraft-frontend/src/contexts/AuthContext.jsx: {}
manojkasula_mj/pitchcraft-frontend/src/App.jsx: {}
manojkasula_mj/pitchcraft-frontend/src/App.jsx: Using EditorConfig core...
manojkasula_mj/pitchcraft-frontend/src/App.jsx: {}
manojkasula_mj/pitchcraft-frontend/src/components/IdeaForm.jsx: {}
manojkasula_mj/pitchcraft-frontend/src/components/IdeaForm.jsx: Using EditorConfig core...
manojkasula_mj/pitchcraft-frontend/src/components/IdeaForm.jsx: {}
manojkasula_mj/pitchcraft-frontend/src/components/PitchEditor.jsx: {}
manojkasula_mj/pitchcraft-frontend/src/components/PitchEditor.jsx: Using EditorConfig core...
manojkasula_mj/pitchcraft-frontend/src/components/PitchEditor.jsx: {}
manojkasula_mj/pitchcraft-frontend/src/components/Dashboard.jsx: {}
manojkasula_mj/pitchcraft-frontend/src/components/Dashboard.jsx: Using EditorConfig core...
manojkasula_mj/pitchcraft-frontend/src/components/Dashboard.jsx: {}
manojkasula_mj/pitchcraft-frontend/src/components/CollaborationPanel.jsx: {}
manojkasula_mj/pitchcraft-frontend/src/components/CollaborationPanel.jsx: Using EditorConfig core...
manojkasula_mj/pitchcraft-frontend/src/components/CollaborationPanel.jsx: {}
manojkasula_mj/pitchcraft-frontend/src/components/CollaborationPanel.jsx: {}
manojkasula_mj/pitchcraft-frontend/src/components/CollaborationPanel.jsx: {}
manojkasula_mj/pitchcraft-frontend/src/components/CollaborationPanel.jsx: {}
manojkasula_mj/pitchcraft-frontend/src/components/CollaborationPanel.jsx: {}
manojkasula_mj/pitchcraft-frontend/src/components/CollaborationPanel.jsx: {}
manojkasula_mj/pitchcraft-frontend/src/components/CollaborationPanel.jsx: {}
manojkasula_mj/pitchcraft-frontend/src/components/CollaborationPanel.jsx: {}
